Determining if the pthread_create exist failed with the following output:
Change Dir: /home/blackjackdev/demos/ros2docker/ia_msgs/build/pkg_new/CMakeFiles/CMakeTmp

Run Build Command:"/usr/bin/make" "cmTC_c5b8a/fast"
/usr/bin/make -f CMakeFiles/cmTC_c5b8a.dir/build.make CMakeFiles/cmTC_c5b8a.dir/build
make[1]: Entering directory '/home/blackjackdev/demos/ros2docker/ia_msgs/build/pkg_new/CMakeFiles/CMakeTmp'
Building C object CMakeFiles/cmTC_c5b8a.dir/CheckSymbolExists.c.o
/usr/bin/cc    -o CMakeFiles/cmTC_c5b8a.dir/CheckSymbolExists.c.o   -c /home/blackjackdev/demos/ros2docker/ia_msgs/build/pkg_new/CMakeFiles/CMakeTmp/CheckSymbolExists.c
Linking C executable cmTC_c5b8a
/usr/bin/cmake -E cmake_link_script CMakeFiles/cmTC_c5b8a.dir/link.txt --verbose=1
/usr/bin/cc      CMakeFiles/cmTC_c5b8a.dir/CheckSymbolExists.c.o  -o cmTC_c5b8a 
CMakeFiles/cmTC_c5b8a.dir/CheckSymbolExists.c.o: In function `main':
CheckSymbolExists.c:(.text+0x1b): undefined reference to `pthread_create'
collect2: error: ld returned 1 exit status
CMakeFiles/cmTC_c5b8a.dir/build.make:97: recipe for target 'cmTC_c5b8a' failed
make[1]: *** [cmTC_c5b8a] Error 1
make[1]: Leaving directory '/home/blackjackdev/demos/ros2docker/ia_msgs/build/pkg_new/CMakeFiles/CMakeTmp'
Makefile:126: recipe for target 'cmTC_c5b8a/fast' failed
make: *** [cmTC_c5b8a/fast] Error 2

File /home/blackjackdev/demos/ros2docker/ia_msgs/build/pkg_new/CMakeFiles/CMakeTmp/CheckSymbolExists.c:
/* */
#include <pthread.h>

int main(int argc, char** argv)
{
  (void)argv;
#ifndef pthread_create
  return ((int*)(&pthread_create))[argc];
#else
  (void)argc;
  return 0;
#endif
}

Determining if the function pthread_create exists in the pthreads failed with the following output:
Change Dir: /home/blackjackdev/demos/ros2docker/ia_msgs/build/pkg_new/CMakeFiles/CMakeTmp

Run Build Command:"/usr/bin/make" "cmTC_09bcc/fast"
/usr/bin/make -f CMakeFiles/cmTC_09bcc.dir/build.make CMakeFiles/cmTC_09bcc.dir/build
make[1]: Entering directory '/home/blackjackdev/demos/ros2docker/ia_msgs/build/pkg_new/CMakeFiles/CMakeTmp'
Building C object CMakeFiles/cmTC_09bcc.dir/CheckFunctionExists.c.o
/usr/bin/cc   -DCHECK_FUNCTION_EXISTS=pthread_create   -o CMakeFiles/cmTC_09bcc.dir/CheckFunctionExists.c.o   -c /usr/share/cmake-3.10/Modules/CheckFunctionExists.c
Linking C executable cmTC_09bcc
/usr/bin/cmake -E cmake_link_script CMakeFiles/cmTC_09bcc.dir/link.txt --verbose=1
/usr/bin/cc  -DCHECK_FUNCTION_EXISTS=pthread_create    CMakeFiles/cmTC_09bcc.dir/CheckFunctionExists.c.o  -o cmTC_09bcc -lpthreads 
/usr/bin/ld: cannot find -lpthreads
collect2: error: ld returned 1 exit status
CMakeFiles/cmTC_09bcc.dir/build.make:97: recipe for target 'cmTC_09bcc' failed
make[1]: *** [cmTC_09bcc] Error 1
make[1]: Leaving directory '/home/blackjackdev/demos/ros2docker/ia_msgs/build/pkg_new/CMakeFiles/CMakeTmp'
Makefile:126: recipe for target 'cmTC_09bcc/fast' failed
make: *** [cmTC_09bcc/fast] Error 2


