Invoking command in '/home/blackjackdev/demos/ros2docker/pkg_one/build/pkg_one': CMAKE_PREFIX_PATH=${CMAKE_PREFIX_PATH}:/opt/ros/dashing /usr/bin/cmake /home/blackjackdev/demos/ros2docker/pkg_one/src/pkg_one -DAMENT_CMAKE_SYMLINK_INSTALL=1 -DCMAKE_INSTALL_PREFIX=/home/blackjackdev/demos/ros2docker/pkg_one/install/pkg_one
-- The C compiler identification is GNU 7.4.0
-- The CXX compiler identification is GNU 7.4.0
-- Check for working C compiler: /usr/bin/cc
-- Check for working C compiler: /usr/bin/cc -- works
-- Detecting C compiler ABI info
-- Detecting C compiler ABI info - done
-- Detecting C compile features
-- Detecting C compile features - done
-- Check for working CXX compiler: /usr/bin/c++
-- Check for working CXX compiler: /usr/bin/c++ -- works
-- Detecting CXX compiler ABI info
-- Detecting CXX compiler ABI info - done
-- Detecting CXX compile features
-- Detecting CXX compile features - done
-- Found ament_cmake: 0.7.3 (/opt/ros/dashing/share/ament_cmake/cmake)
-- Found PythonInterp: /usr/bin/python3 (found suitable version "3.6.8", minimum required is "3") 
-- Using PYTHON_EXECUTABLE: /usr/bin/python3
-- Override CMake install command with custom implementation using symlinks instead of copying resources
-- Found rclcpp: 0.7.7 (/opt/ros/dashing/share/rclcpp/cmake)
-- Found rosidl_adapter: 0.7.5 (/opt/ros/dashing/share/rosidl_adapter/cmake)
-- Found rmw_implementation_cmake: 0.7.2 (/opt/ros/dashing/share/rmw_implementation_cmake/cmake)
-- Looking for pthread.h
-- Looking for pthread.h - found
-- Looking for pthread_create
-- Looking for pthread_create - not found
-- Looking for pthread_create in pthreads
-- Looking for pthread_create in pthreads - not found
-- Looking for pthread_create in pthread
-- Looking for pthread_create in pthread - found
-- Found Threads: TRUE  
-- Found std_msgs: 0.7.0 (/opt/ros/dashing/share/std_msgs/cmake)
-- Found ament_lint_auto: 0.7.6 (/opt/ros/dashing/share/ament_lint_auto/cmake)
-- Added test 'copyright' to check for copyright in CMake / C / C++ / Python code
-- Added test 'cppcheck' to perform static code analysis on C / C++ code
-- Configured cppcheck include dirs: $<BUILD_INTERFACE:/home/blackjackdev/demos/ros2docker/pkg_one/src/pkg_one/include>
-- Added test 'cpplint' to check C / C++ code against the Google style
-- Added test 'lint_cmake' to check CMake code style
-- Added test 'uncrustify' to check C / C++ code style
-- Added test 'xmllint' to check XML markup files
-- Configuring done
-- Generating done
-- Build files have been written to: /home/blackjackdev/demos/ros2docker/pkg_one/build/pkg_one
Invoked command in '/home/blackjackdev/demos/ros2docker/pkg_one/build/pkg_one' returned '0': CMAKE_PREFIX_PATH=${CMAKE_PREFIX_PATH}:/opt/ros/dashing /usr/bin/cmake /home/blackjackdev/demos/ros2docker/pkg_one/src/pkg_one -DAMENT_CMAKE_SYMLINK_INSTALL=1 -DCMAKE_INSTALL_PREFIX=/home/blackjackdev/demos/ros2docker/pkg_one/install/pkg_one
Invoking command in '/home/blackjackdev/demos/ros2docker/pkg_one/build/pkg_one': CMAKE_PREFIX_PATH=${CMAKE_PREFIX_PATH}:/opt/ros/dashing /usr/bin/cmake --build /home/blackjackdev/demos/ros2docker/pkg_one/build/pkg_one -- -j4 -l4
[35m[1mScanning dependencies of target node_one[0m
[ 50%] [32mBuilding CXX object CMakeFiles/node_one.dir/src/node_one.cpp.o[0m
[100%] [32m[1mLinking CXX executable node_one[0m
[100%] Built target node_one
Invoked command in '/home/blackjackdev/demos/ros2docker/pkg_one/build/pkg_one' returned '0': CMAKE_PREFIX_PATH=${CMAKE_PREFIX_PATH}:/opt/ros/dashing /usr/bin/cmake --build /home/blackjackdev/demos/ros2docker/pkg_one/build/pkg_one -- -j4 -l4
Invoking command in '/home/blackjackdev/demos/ros2docker/pkg_one/build/pkg_one': CMAKE_PREFIX_PATH=${CMAKE_PREFIX_PATH}:/opt/ros/dashing /usr/bin/cmake --build /home/blackjackdev/demos/ros2docker/pkg_one/build/pkg_one --target install
[100%] Built target node_one
[36mInstall the project...[0m
-- Install configuration: ""
-- Execute custom install script
-- Symlinking: /home/blackjackdev/demos/ros2docker/pkg_one/install/pkg_one/share/ament_index/resource_index/package_run_dependencies/pkg_one
-- Symlinking: /home/blackjackdev/demos/ros2docker/pkg_one/install/pkg_one/share/ament_index/resource_index/parent_prefix_path/pkg_one
-- Symlinking: /home/blackjackdev/demos/ros2docker/pkg_one/install/pkg_one/share/pkg_one/environment/ament_prefix_path.sh
-- Symlinking: /home/blackjackdev/demos/ros2docker/pkg_one/install/pkg_one/share/pkg_one/environment/path.sh
-- Symlinking: /home/blackjackdev/demos/ros2docker/pkg_one/install/pkg_one/share/pkg_one/local_setup.bash
-- Symlinking: /home/blackjackdev/demos/ros2docker/pkg_one/install/pkg_one/share/pkg_one/local_setup.sh
-- Symlinking: /home/blackjackdev/demos/ros2docker/pkg_one/install/pkg_one/share/pkg_one/local_setup.zsh
-- Symlinking: /home/blackjackdev/demos/ros2docker/pkg_one/install/pkg_one/share/ament_index/resource_index/packages/pkg_one
-- Symlinking: /home/blackjackdev/demos/ros2docker/pkg_one/install/pkg_one/share/pkg_one/cmake/pkg_oneConfig.cmake
-- Symlinking: /home/blackjackdev/demos/ros2docker/pkg_one/install/pkg_one/share/pkg_one/cmake/pkg_oneConfig-version.cmake
-- Symlinking: /home/blackjackdev/demos/ros2docker/pkg_one/install/pkg_one/share/pkg_one/package.xml
-- Installing: /home/blackjackdev/demos/ros2docker/pkg_one/install/pkg_one/lib/pkg_one/node_one
-- Set runtime path of "/home/blackjackdev/demos/ros2docker/pkg_one/install/pkg_one/lib/pkg_one/node_one" to ""
Invoked command in '/home/blackjackdev/demos/ros2docker/pkg_one/build/pkg_one' returned '0': CMAKE_PREFIX_PATH=${CMAKE_PREFIX_PATH}:/opt/ros/dashing /usr/bin/cmake --build /home/blackjackdev/demos/ros2docker/pkg_one/build/pkg_one --target install
