[0.346s] DEBUG:colcon:Command line arguments: ['/usr/bin/colcon', 'build', '--symlink-install']
[0.346s] DEBUG:colcon:Parsed command line arguments: Namespace(ament_cmake_args=None, base_paths='.', build_base='build', catkin_cmake_args=None, catkin_skip_building_tests=False, cmake_args=None, cmake_clean_cache=False, cmake_clean_first=False, cmake_force_configure=False, cmake_target=None, cmake_target_skip_unavailable=False, continue_on_error=False, event_handlers=None, executor='parallel', ignore_user_meta=False, install_base='install', log_base='log', log_level=None, main=<bound method BuildVerb.main of <colcon_core.verb.build.BuildVerb object at 0x7f013f727550>>, merge_install=False, metas='./colcon.meta', packages_above=None, packages_above_depth=None, packages_end=None, packages_ignore=None, packages_ignore_regex=None, packages_select=None, packages_select_build_failed=False, packages_select_by_dep=None, packages_select_regex=None, packages_select_test_failures=False, packages_skip=None, packages_skip_build_finished=False, packages_skip_by_dep=None, packages_skip_regex=None, packages_skip_test_passed=False, packages_skip_up_to=None, packages_start=None, packages_up_to=None, parallel_workers=4, paths=None, symlink_install=True, test_result_base=None, verb_extension=<colcon_core.verb.build.BuildVerb object at 0x7f013f727550>, verb_name='build', verb_parser=<colcon_defaults.argument_parser.defaults.DefaultArgumentsDecorator object at 0x7f013f727898>)
[0.432s] Level 1:colcon.colcon_core.package_discovery:discover_packages(colcon_meta) check parameters
[0.433s] Level 1:colcon.colcon_core.package_discovery:discover_packages(recursive) check parameters
[0.433s] Level 1:colcon.colcon_core.package_discovery:discover_packages(ignore) check parameters
[0.433s] Level 1:colcon.colcon_core.package_discovery:discover_packages(path) check parameters
[0.433s] Level 1:colcon.colcon_core.package_discovery:discover_packages(recursive) discover
[0.433s] INFO:colcon.colcon_core.package_discovery:Crawling recursively for packages in '/home/blackjackdev/demos/ros2docker/pkg_alpha'
[0.433s] Level 1:colcon.colcon_core.package_identification:_identify(/home/blackjackdev/demos/ros2docker/pkg_alpha) by extensions ['ignore', 'ignore_ament_install']
[0.433s] Level 1:colcon.colcon_core.package_identification:_identify(/home/blackjackdev/demos/ros2docker/pkg_alpha) by extension 'ignore'
[0.434s] Level 1:colcon.colcon_core.package_identification:_identify(/home/blackjackdev/demos/ros2docker/pkg_alpha) by extension 'ignore_ament_install'
[0.434s] Level 1:colcon.colcon_core.package_identification:_identify(/home/blackjackdev/demos/ros2docker/pkg_alpha) by extensions ['colcon_pkg']
[0.434s] Level 1:colcon.colcon_core.package_identification:_identify(/home/blackjackdev/demos/ros2docker/pkg_alpha) by extension 'colcon_pkg'
[0.434s] Level 1:colcon.colcon_core.package_identification:_identify(/home/blackjackdev/demos/ros2docker/pkg_alpha) by extensions ['colcon_meta']
[0.434s] Level 1:colcon.colcon_core.package_identification:_identify(/home/blackjackdev/demos/ros2docker/pkg_alpha) by extension 'colcon_meta'
[0.434s] Level 1:colcon.colcon_core.package_identification:_identify(/home/blackjackdev/demos/ros2docker/pkg_alpha) by extensions ['ros']
[0.434s] Level 1:colcon.colcon_core.package_identification:_identify(/home/blackjackdev/demos/ros2docker/pkg_alpha) by extension 'ros'
[0.451s] Level 1:colcon.colcon_core.package_identification:_identify(/home/blackjackdev/demos/ros2docker/pkg_alpha) by extensions ['cmake', 'python']
[0.451s] Level 1:colcon.colcon_core.package_identification:_identify(/home/blackjackdev/demos/ros2docker/pkg_alpha) by extension 'cmake'
[0.452s] Level 1:colcon.colcon_core.package_identification:_identify(/home/blackjackdev/demos/ros2docker/pkg_alpha) by extension 'python'
[0.452s] Level 1:colcon.colcon_core.package_identification:_identify(/home/blackjackdev/demos/ros2docker/pkg_alpha) by extensions ['python_setup_py']
[0.452s] Level 1:colcon.colcon_core.package_identification:_identify(/home/blackjackdev/demos/ros2docker/pkg_alpha) by extension 'python_setup_py'
[0.452s] Level 1:colcon.colcon_core.package_identification:_identify(/home/blackjackdev/demos/ros2docker/pkg_alpha/build) by extensions ['ignore', 'ignore_ament_install']
[0.452s] Level 1:colcon.colcon_core.package_identification:_identify(/home/blackjackdev/demos/ros2docker/pkg_alpha/build) by extension 'ignore'
[0.452s] Level 1:colcon.colcon_core.package_identification:_identify(/home/blackjackdev/demos/ros2docker/pkg_alpha/build) ignored
[0.453s] Level 1:colcon.colcon_core.package_identification:_identify(/home/blackjackdev/demos/ros2docker/pkg_alpha/install) by extensions ['ignore', 'ignore_ament_install']
[0.453s] Level 1:colcon.colcon_core.package_identification:_identify(/home/blackjackdev/demos/ros2docker/pkg_alpha/install) by extension 'ignore'
[0.453s] Level 1:colcon.colcon_core.package_identification:_identify(/home/blackjackdev/demos/ros2docker/pkg_alpha/install) ignored
[0.453s] Level 1:colcon.colcon_core.package_identification:_identify(/home/blackjackdev/demos/ros2docker/pkg_alpha/log) by extensions ['ignore', 'ignore_ament_install']
[0.453s] Level 1:colcon.colcon_core.package_identification:_identify(/home/blackjackdev/demos/ros2docker/pkg_alpha/log) by extension 'ignore'
[0.454s] Level 1:colcon.colcon_core.package_identification:_identify(/home/blackjackdev/demos/ros2docker/pkg_alpha/log) ignored
[0.454s] Level 1:colcon.colcon_core.package_identification:_identify(/home/blackjackdev/demos/ros2docker/pkg_alpha/src) by extensions ['ignore', 'ignore_ament_install']
[0.454s] Level 1:colcon.colcon_core.package_identification:_identify(/home/blackjackdev/demos/ros2docker/pkg_alpha/src) by extension 'ignore'
[0.454s] Level 1:colcon.colcon_core.package_identification:_identify(/home/blackjackdev/demos/ros2docker/pkg_alpha/src) by extension 'ignore_ament_install'
[0.454s] Level 1:colcon.colcon_core.package_identification:_identify(/home/blackjackdev/demos/ros2docker/pkg_alpha/src) by extensions ['colcon_pkg']
[0.454s] Level 1:colcon.colcon_core.package_identification:_identify(/home/blackjackdev/demos/ros2docker/pkg_alpha/src) by extension 'colcon_pkg'
[0.454s] Level 1:colcon.colcon_core.package_identification:_identify(/home/blackjackdev/demos/ros2docker/pkg_alpha/src) by extensions ['colcon_meta']
[0.454s] Level 1:colcon.colcon_core.package_identification:_identify(/home/blackjackdev/demos/ros2docker/pkg_alpha/src) by extension 'colcon_meta'
[0.454s] Level 1:colcon.colcon_core.package_identification:_identify(/home/blackjackdev/demos/ros2docker/pkg_alpha/src) by extensions ['ros']
[0.455s] Level 1:colcon.colcon_core.package_identification:_identify(/home/blackjackdev/demos/ros2docker/pkg_alpha/src) by extension 'ros'
[0.455s] Level 1:colcon.colcon_core.package_identification:_identify(/home/blackjackdev/demos/ros2docker/pkg_alpha/src) by extensions ['cmake', 'python']
[0.455s] Level 1:colcon.colcon_core.package_identification:_identify(/home/blackjackdev/demos/ros2docker/pkg_alpha/src) by extension 'cmake'
[0.455s] Level 1:colcon.colcon_core.package_identification:_identify(/home/blackjackdev/demos/ros2docker/pkg_alpha/src) by extension 'python'
[0.455s] Level 1:colcon.colcon_core.package_identification:_identify(/home/blackjackdev/demos/ros2docker/pkg_alpha/src) by extensions ['python_setup_py']
[0.455s] Level 1:colcon.colcon_core.package_identification:_identify(/home/blackjackdev/demos/ros2docker/pkg_alpha/src) by extension 'python_setup_py'
[0.456s] Level 1:colcon.colcon_core.package_identification:_identify(/home/blackjackdev/demos/ros2docker/pkg_alpha/src/pkg_alpha) by extensions ['ignore', 'ignore_ament_install']
[0.456s] Level 1:colcon.colcon_core.package_identification:_identify(/home/blackjackdev/demos/ros2docker/pkg_alpha/src/pkg_alpha) by extension 'ignore'
[0.456s] Level 1:colcon.colcon_core.package_identification:_identify(/home/blackjackdev/demos/ros2docker/pkg_alpha/src/pkg_alpha) by extension 'ignore_ament_install'
[0.456s] Level 1:colcon.colcon_core.package_identification:_identify(/home/blackjackdev/demos/ros2docker/pkg_alpha/src/pkg_alpha) by extensions ['colcon_pkg']
[0.457s] Level 1:colcon.colcon_core.package_identification:_identify(/home/blackjackdev/demos/ros2docker/pkg_alpha/src/pkg_alpha) by extension 'colcon_pkg'
[0.457s] Level 1:colcon.colcon_core.package_identification:_identify(/home/blackjackdev/demos/ros2docker/pkg_alpha/src/pkg_alpha) by extensions ['colcon_meta']
[0.457s] Level 1:colcon.colcon_core.package_identification:_identify(/home/blackjackdev/demos/ros2docker/pkg_alpha/src/pkg_alpha) by extension 'colcon_meta'
[0.457s] Level 1:colcon.colcon_core.package_identification:_identify(/home/blackjackdev/demos/ros2docker/pkg_alpha/src/pkg_alpha) by extensions ['ros']
[0.457s] Level 1:colcon.colcon_core.package_identification:_identify(/home/blackjackdev/demos/ros2docker/pkg_alpha/src/pkg_alpha) by extension 'ros'
[0.463s] DEBUG:colcon.colcon_core.package_identification:Package '/home/blackjackdev/demos/ros2docker/pkg_alpha/src/pkg_alpha' with type 'ros.ament_cmake' and name 'pkg_alpha'
[0.463s] Level 1:colcon.colcon_core.package_discovery:discover_packages(recursive) using defaults
[0.473s] Level 5:colcon.colcon_core.verb:set package 'pkg_alpha' build argument 'cmake_args' from command line to 'None'
[0.473s] Level 5:colcon.colcon_core.verb:set package 'pkg_alpha' build argument 'cmake_target' from command line to 'None'
[0.473s] Level 5:colcon.colcon_core.verb:set package 'pkg_alpha' build argument 'cmake_target_skip_unavailable' from command line to 'False'
[0.473s] Level 5:colcon.colcon_core.verb:set package 'pkg_alpha' build argument 'cmake_clean_cache' from command line to 'False'
[0.473s] Level 5:colcon.colcon_core.verb:set package 'pkg_alpha' build argument 'cmake_clean_first' from command line to 'False'
[0.473s] Level 5:colcon.colcon_core.verb:set package 'pkg_alpha' build argument 'cmake_force_configure' from command line to 'False'
[0.473s] Level 5:colcon.colcon_core.verb:set package 'pkg_alpha' build argument 'ament_cmake_args' from command line to 'None'
[0.473s] Level 5:colcon.colcon_core.verb:set package 'pkg_alpha' build argument 'catkin_cmake_args' from command line to 'None'
[0.474s] Level 5:colcon.colcon_core.verb:set package 'pkg_alpha' build argument 'catkin_skip_building_tests' from command line to 'False'
[0.474s] DEBUG:colcon.colcon_core.verb:Building package 'pkg_alpha' with the following arguments: {'ament_cmake_args': None, 'build_base': '/home/blackjackdev/demos/ros2docker/pkg_alpha/build/pkg_alpha', 'catkin_cmake_args': None, 'catkin_skip_building_tests': False, 'cmake_args': None, 'cmake_clean_cache': False, 'cmake_clean_first': False, 'cmake_force_configure': False, 'cmake_target': None, 'cmake_target_skip_unavailable': False, 'install_base': '/home/blackjackdev/demos/ros2docker/pkg_alpha/install/pkg_alpha', 'merge_install': False, 'path': '/home/blackjackdev/demos/ros2docker/pkg_alpha/src/pkg_alpha', 'symlink_install': True, 'test_result_base': None}
[0.476s] INFO:colcon.colcon_core.executor:Executing jobs using 'parallel' executor
[0.477s] DEBUG:colcon.colcon_parallel_executor.executor.parallel:run_until_complete
[0.477s] INFO:colcon.colcon_ros.task.ament_cmake.build:Building ROS package in '/home/blackjackdev/demos/ros2docker/pkg_alpha/src/pkg_alpha' with build type 'ament_cmake'
[0.489s] INFO:colcon.colcon_core.plugin_system:Skipping extension 'colcon_core.shell.bat': Not used on non-Windows systems
[0.489s] INFO:colcon.colcon_cmake.task.cmake.build:Building CMake package in '/home/blackjackdev/demos/ros2docker/pkg_alpha/src/pkg_alpha'
[0.490s] INFO:colcon.colcon_core.shell:Skip shell extension 'powershell' for command environment: Not usable outside of PowerShell
[0.496s] DEBUG:colcon.colcon_core.shell:Ignoring prefix path '/opt/ros/dashing'
[0.508s] DEBUG:colcon.colcon_core.event_handler.log_command:Invoking command in '/home/blackjackdev/demos/ros2docker/pkg_alpha/build/pkg_alpha': CMAKE_PREFIX_PATH=/opt/ros/dashing /usr/bin/cmake --build /home/blackjackdev/demos/ros2docker/pkg_alpha/build/pkg_alpha -- -j4 -l4
[0.691s] DEBUG:colcon.colcon_core.event_handler.log_command:Invoked command in '/home/blackjackdev/demos/ros2docker/pkg_alpha/build/pkg_alpha' returned '0': CMAKE_PREFIX_PATH=/opt/ros/dashing /usr/bin/cmake --build /home/blackjackdev/demos/ros2docker/pkg_alpha/build/pkg_alpha -- -j4 -l4
[0.717s] DEBUG:colcon.colcon_core.event_handler.log_command:Invoking command in '/home/blackjackdev/demos/ros2docker/pkg_alpha/build/pkg_alpha': CMAKE_PREFIX_PATH=/opt/ros/dashing /usr/bin/cmake --build /home/blackjackdev/demos/ros2docker/pkg_alpha/build/pkg_alpha --target install
[0.823s] Level 1:colcon.colcon_core.environment:create_environment_scripts_only(pkg_alpha)
[0.824s] DEBUG:colcon.colcon_core.event_handler.log_command:Invoked command in '/home/blackjackdev/demos/ros2docker/pkg_alpha/build/pkg_alpha' returned '0': CMAKE_PREFIX_PATH=/opt/ros/dashing /usr/bin/cmake --build /home/blackjackdev/demos/ros2docker/pkg_alpha/build/pkg_alpha --target install
[0.839s] Level 1:colcon.colcon_core.environment:checking '/home/blackjackdev/demos/ros2docker/pkg_alpha/install/pkg_alpha' for CMake module files
[0.841s] Level 1:colcon.colcon_core.environment:checking '/home/blackjackdev/demos/ros2docker/pkg_alpha/install/pkg_alpha' for CMake config files
[0.841s] Level 1:colcon.colcon_core.shell:create_environment_hook('pkg_alpha', 'cmake_prefix_path')
[0.842s] INFO:colcon.colcon_core.shell:Creating environment hook '/home/blackjackdev/demos/ros2docker/pkg_alpha/install/pkg_alpha/share/pkg_alpha/hook/cmake_prefix_path.ps1'
[0.845s] INFO:colcon.colcon_core.shell:Creating environment hook '/home/blackjackdev/demos/ros2docker/pkg_alpha/install/pkg_alpha/share/pkg_alpha/hook/cmake_prefix_path.sh'
[0.847s] Level 1:colcon.colcon_core.environment:checking '/home/blackjackdev/demos/ros2docker/pkg_alpha/install/pkg_alpha/lib'
[0.848s] Level 1:colcon.colcon_core.environment:checking '/home/blackjackdev/demos/ros2docker/pkg_alpha/install/pkg_alpha/bin'
[0.848s] Level 1:colcon.colcon_core.environment:checking '/home/blackjackdev/demos/ros2docker/pkg_alpha/install/pkg_alpha/lib/pkgconfig/pkg_alpha.pc'
[0.848s] Level 1:colcon.colcon_core.environment:checking '/home/blackjackdev/demos/ros2docker/pkg_alpha/install/pkg_alpha/lib/python3.6/site-packages'
[0.849s] INFO:colcon.colcon_core.shell:Creating package script '/home/blackjackdev/demos/ros2docker/pkg_alpha/install/pkg_alpha/share/pkg_alpha/package.ps1'
[0.851s] INFO:colcon.colcon_core.shell:Creating package script '/home/blackjackdev/demos/ros2docker/pkg_alpha/install/pkg_alpha/share/pkg_alpha/package.sh'
[0.854s] INFO:colcon.colcon_core.shell:Creating package script '/home/blackjackdev/demos/ros2docker/pkg_alpha/install/pkg_alpha/share/pkg_alpha/package.bash'
[0.858s] INFO:colcon.colcon_core.shell:Creating package script '/home/blackjackdev/demos/ros2docker/pkg_alpha/install/pkg_alpha/share/pkg_alpha/package.zsh'
[0.861s] Level 1:colcon.colcon_core.environment:create_file_with_runtime_dependencies(/home/blackjackdev/demos/ros2docker/pkg_alpha/install/pkg_alpha/share/colcon-core/packages/pkg_alpha)
[0.863s] DEBUG:colcon.colcon_parallel_executor.executor.parallel:closing loop
[0.863s] DEBUG:colcon.colcon_parallel_executor.executor.parallel:loop closed
[0.863s] DEBUG:colcon.colcon_parallel_executor.executor.parallel:run_until_complete finished with '0'
[0.863s] DEBUG:colcon.colcon_core.event_reactor:joining thread
[0.874s] INFO:colcon.colcon_core.plugin_system:Skipping extension 'colcon_notification.desktop_notification.terminal_notifier': Not used on non-Darwin systems
[0.875s] INFO:colcon.colcon_core.plugin_system:Skipping extension 'colcon_notification.desktop_notification.win32': Not used on non-Windows systems
[0.875s] INFO:colcon.colcon_notification.desktop_notification:Sending desktop notification using 'notify2'
[0.952s] DEBUG:colcon.colcon_core.event_reactor:joined thread
[0.954s] INFO:colcon.colcon_core.shell:Creating prefix script '/home/blackjackdev/demos/ros2docker/pkg_alpha/install/local_setup.ps1'
[0.959s] INFO:colcon.colcon_core.shell:Creating prefix chain script '/home/blackjackdev/demos/ros2docker/pkg_alpha/install/setup.ps1'
[0.964s] INFO:colcon.colcon_core.shell:Creating prefix script '/home/blackjackdev/demos/ros2docker/pkg_alpha/install/local_setup.sh'
[0.968s] INFO:colcon.colcon_core.shell:Creating prefix chain script '/home/blackjackdev/demos/ros2docker/pkg_alpha/install/setup.sh'
[0.974s] INFO:colcon.colcon_core.shell:Creating prefix script '/home/blackjackdev/demos/ros2docker/pkg_alpha/install/local_setup.bash'
[0.976s] INFO:colcon.colcon_core.shell:Creating prefix chain script '/home/blackjackdev/demos/ros2docker/pkg_alpha/install/setup.bash'
[0.980s] INFO:colcon.colcon_core.shell:Creating prefix script '/home/blackjackdev/demos/ros2docker/pkg_alpha/install/local_setup.zsh'
[0.982s] INFO:colcon.colcon_core.shell:Creating prefix chain script '/home/blackjackdev/demos/ros2docker/pkg_alpha/install/setup.zsh'
