-- The C compiler identification is GNU 7.4.0
-- The CXX compiler identification is GNU 7.4.0
-- Check for working C compiler: /usr/bin/cc
-- Check for working C compiler: /usr/bin/cc -- works
-- Detecting C compiler ABI info
-- Detecting C compiler ABI info - done
-- Detecting C compile features
-- Detecting C compile features - done
-- Check for working CXX compiler: /usr/bin/c++
-- Check for working CXX compiler: /usr/bin/c++ -- works
-- Detecting CXX compiler ABI info
-- Detecting CXX compiler ABI info - done
-- Detecting CXX compile features
-- Detecting CXX compile features - done
-- Found ament_cmake: 0.7.3 (/opt/ros/dashing/share/ament_cmake/cmake)
-- Found PythonInterp: /usr/bin/python3 (found suitable version "3.6.8", minimum required is "3") 
-- Using PYTHON_EXECUTABLE: /usr/bin/python3
-- Override CMake install command with custom implementation using symlinks instead of copying resources
-- Found rclcpp: 0.7.7 (/opt/ros/dashing/share/rclcpp/cmake)
-- Found rosidl_adapter: 0.7.5 (/opt/ros/dashing/share/rosidl_adapter/cmake)
-- Found rmw_implementation_cmake: 0.7.2 (/opt/ros/dashing/share/rmw_implementation_cmake/cmake)
-- Looking for pthread.h
-- Looking for pthread.h - found
-- Looking for pthread_create
-- Looking for pthread_create - not found
-- Looking for pthread_create in pthreads
-- Looking for pthread_create in pthreads - not found
-- Looking for pthread_create in pthread
-- Looking for pthread_create in pthread - found
-- Found Threads: TRUE  
-- Found std_msgs: 0.7.0 (/opt/ros/dashing/share/std_msgs/cmake)
-- Found rosidl_default_generators: 0.7.0 (/opt/ros/dashing/share/rosidl_default_generators/cmake)
-- Found OpenSSL: /usr/lib/x86_64-linux-gnu/libcrypto.so (found version "1.1.1") 
-- Found FastRTPS: /opt/ros/dashing/include  
-- Found ament_lint_auto: 0.7.8 (/opt/ros/dashing/share/ament_lint_auto/cmake)
-- Found PythonInterp: /usr/bin/python3 (found version "3.6.8") 
-- Using single matching rosidl_typesupport_c: rosidl_typesupport_fastrtps_c
-- Using single matching rosidl_typesupport_cpp: rosidl_typesupport_fastrtps_cpp
-- Found PythonInterp: /usr/bin/python3 (found suitable version "3.6.8", minimum required is "3.5") 
-- Found python_cmake_module: 0.7.7 (/opt/ros/dashing/share/python_cmake_module/cmake)
-- Found PythonLibs: /usr/lib/x86_64-linux-gnu/libpython3.6m.so (found suitable version "3.6.8", minimum required is "3.5") 
-- Using PYTHON_EXECUTABLE: /usr/bin/python3
-- Using PYTHON_INCLUDE_DIRS: /usr/include/python3.6m
-- Using PYTHON_LIBRARIES: /usr/lib/x86_64-linux-gnu/libpython3.6m.so
-- Found PythonExtra: .so  
-- Added test 'copyright' to check for copyright in CMake / C / C++ / Python code
-- Added test 'cppcheck' to perform static code analysis on C / C++ code
-- Configured cppcheck include dirs: $<BUILD_INTERFACE:/home/blackjackdev/demos/ros2docker/pkg_one/src/pkg_one/include>
-- Added test 'cpplint' to check C / C++ code against the Google style
-- Added test 'lint_cmake' to check CMake code style
-- Added test 'uncrustify' to check C / C++ code style
-- Added test 'xmllint' to check XML markup files
-- Configuring done
-- Generating done
-- Build files have been written to: /home/blackjackdev/demos/ros2docker/build/pkg_one
[35m[1mScanning dependencies of target node_one[0m
[  3%] [34m[1mGenerating C code for ROS interfaces[0m
[35m[1mScanning dependencies of target pkg_one__cpp[0m
[  6%] [34m[1mGenerating C++ code for ROS interfaces[0m
[  9%] [32mBuilding CXX object CMakeFiles/node_one.dir/src/node_one.cpp.o[0m
[35m[1mScanning dependencies of target pkg_one__rosidl_generator_c[0m
[ 12%] [32mBuilding C object CMakeFiles/pkg_one__rosidl_generator_c.dir/rosidl_generator_c/pkg_one/msg/my_msg__functions.c.o[0m
[ 12%] Built target pkg_one__cpp
[ 16%] [34m[1mGenerating C++ type support for eProsima Fast-RTPS[0m
[ 19%] [34m[1mGenerating C++ introspection for ROS interfaces[0m
[ 22%] [32m[1mLinking C shared library libpkg_one__rosidl_generator_c.so[0m
[ 22%] Built target pkg_one__rosidl_generator_c
[ 25%] [34m[1mGenerating C introspection for ROS interfaces[0m
[35m[1mScanning dependencies of target pkg_one__rosidl_typesupport_introspection_cpp[0m
[35m[1mScanning dependencies of target pkg_one__rosidl_typesupport_fastrtps_cpp[0m
[ 29%] [32mBuilding CXX object CMakeFiles/pkg_one__rosidl_typesupport_introspection_cpp.dir/rosidl_typesupport_introspection_cpp/pkg_one/msg/my_msg__type_support.cpp.o[0m
[ 32%] [32mBuilding CXX object CMakeFiles/pkg_one__rosidl_typesupport_fastrtps_cpp.dir/rosidl_typesupport_fastrtps_cpp/pkg_one/msg/dds_fastrtps/my_msg__type_support.cpp.o[0m
[35m[1mScanning dependencies of target pkg_one__rosidl_typesupport_introspection_c[0m
[ 35%] [32mBuilding C object CMakeFiles/pkg_one__rosidl_typesupport_introspection_c.dir/rosidl_typesupport_introspection_c/pkg_one/msg/my_msg__type_support.c.o[0m
[ 38%] [32m[1mLinking C shared library libpkg_one__rosidl_typesupport_introspection_c.so[0m
[ 38%] Built target pkg_one__rosidl_typesupport_introspection_c
CMakeFiles/node_one.dir/build.make:62: recipe for target 'CMakeFiles/node_one.dir/src/node_one.cpp.o' failed
CMakeFiles/Makefile2:331: recipe for target 'CMakeFiles/node_one.dir/all' failed
CMakeFiles/pkg_one__rosidl_typesupport_fastrtps_cpp.dir/build.make:77: recipe for target 'CMakeFiles/pkg_one__rosidl_typesupport_fastrtps_cpp.dir/rosidl_typesupport_fastrtps_cpp/pkg_one/msg/dds_fastrtps/my_msg__type_support.cpp.o' failed
CMakeFiles/Makefile2:443: recipe for target 'CMakeFiles/pkg_one__rosidl_typesupport_fastrtps_cpp.dir/all' failed
CMakeFiles/pkg_one__rosidl_typesupport_introspection_cpp.dir/build.make:77: recipe for target 'CMakeFiles/pkg_one__rosidl_typesupport_introspection_cpp.dir/rosidl_typesupport_introspection_cpp/pkg_one/msg/my_msg__type_support.cpp.o' failed
CMakeFiles/Makefile2:368: recipe for target 'CMakeFiles/pkg_one__rosidl_typesupport_introspection_cpp.dir/all' failed
Makefile:140: recipe for target 'all' failed
