Invoking command in '/home/blackjackdev/demos/ros2docker/ia_msgs/build/pkg_new': AMENT_PREFIX_PATH=/home/blackjackdev/demos/ros2docker/ia_msgs/install/ros2sharedlib:${AMENT_PREFIX_PATH} CMAKE_PREFIX_PATH=/home/blackjackdev/demos/ros2docker/ia_msgs/install/ros2sharedlib:/opt/ros/dashing LD_LIBRARY_PATH=/home/blackjackdev/demos/ros2docker/ia_msgs/install/ros2sharedlib/lib:${LD_LIBRARY_PATH} PYTHONPATH=/home/blackjackdev/demos/ros2docker/ia_msgs/install/ros2sharedlib/lib/python3.6/site-packages:${PYTHONPATH} /usr/bin/cmake /home/blackjackdev/demos/ros2docker/ia_msgs/src/pkg_new -DAMENT_CMAKE_SYMLINK_INSTALL=1 -DCMAKE_INSTALL_PREFIX=/home/blackjackdev/demos/ros2docker/ia_msgs/install/pkg_new
-- The C compiler identification is GNU 7.4.0
-- The CXX compiler identification is GNU 7.4.0
-- Check for working C compiler: /usr/bin/cc
-- Check for working C compiler: /usr/bin/cc -- works
-- Detecting C compiler ABI info
-- Detecting C compiler ABI info - done
-- Detecting C compile features
-- Detecting C compile features - done
-- Check for working CXX compiler: /usr/bin/c++
-- Check for working CXX compiler: /usr/bin/c++ -- works
-- Detecting CXX compiler ABI info
-- Detecting CXX compiler ABI info - done
-- Detecting CXX compile features
-- Detecting CXX compile features - done
-- Found ament_cmake: 0.7.3 (/opt/ros/dashing/share/ament_cmake/cmake)
-- Found PythonInterp: /usr/bin/python3 (found suitable version "3.6.8", minimum required is "3") 
-- Using PYTHON_EXECUTABLE: /usr/bin/python3
-- Override CMake install command with custom implementation using symlinks instead of copying resources
-- Found rclcpp: 0.7.7 (/opt/ros/dashing/share/rclcpp/cmake)
-- Found rosidl_adapter: 0.7.5 (/opt/ros/dashing/share/rosidl_adapter/cmake)
-- Found rmw_implementation_cmake: 0.7.2 (/opt/ros/dashing/share/rmw_implementation_cmake/cmake)
-- Looking for pthread.h
-- Looking for pthread.h - found
-- Looking for pthread_create
-- Looking for pthread_create - not found
-- Looking for pthread_create in pthreads
-- Looking for pthread_create in pthreads - not found
-- Looking for pthread_create in pthread
-- Looking for pthread_create in pthread - found
-- Found Threads: TRUE  
-- Found std_msgs: 0.7.0 (/opt/ros/dashing/share/std_msgs/cmake)
-- Found ros2sharedlib: 0.0.0 (/home/blackjackdev/demos/ros2docker/ia_msgs/install/ros2sharedlib/share/ros2sharedlib/cmake)
-- Found ament_lint_auto: 0.7.8 (/opt/ros/dashing/share/ament_lint_auto/cmake)
-- Added test 'copyright' to check for copyright in CMake / C / C++ / Python code
-- Added test 'cppcheck' to perform static code analysis on C / C++ code
-- Configured cppcheck include dirs: $<BUILD_INTERFACE:/home/blackjackdev/demos/ros2docker/ia_msgs/src/pkg_new/include>
-- Added test 'cpplint' to check C / C++ code against the Google style
-- Added test 'lint_cmake' to check CMake code style
-- Added test 'uncrustify' to check C / C++ code style
-- Added test 'xmllint' to check XML markup files
-- Configuring done
-- Generating done
-- Build files have been written to: /home/blackjackdev/demos/ros2docker/ia_msgs/build/pkg_new
Invoked command in '/home/blackjackdev/demos/ros2docker/ia_msgs/build/pkg_new' returned '0': AMENT_PREFIX_PATH=/home/blackjackdev/demos/ros2docker/ia_msgs/install/ros2sharedlib:${AMENT_PREFIX_PATH} CMAKE_PREFIX_PATH=/home/blackjackdev/demos/ros2docker/ia_msgs/install/ros2sharedlib:/opt/ros/dashing LD_LIBRARY_PATH=/home/blackjackdev/demos/ros2docker/ia_msgs/install/ros2sharedlib/lib:${LD_LIBRARY_PATH} PYTHONPATH=/home/blackjackdev/demos/ros2docker/ia_msgs/install/ros2sharedlib/lib/python3.6/site-packages:${PYTHONPATH} /usr/bin/cmake /home/blackjackdev/demos/ros2docker/ia_msgs/src/pkg_new -DAMENT_CMAKE_SYMLINK_INSTALL=1 -DCMAKE_INSTALL_PREFIX=/home/blackjackdev/demos/ros2docker/ia_msgs/install/pkg_new
Invoking command in '/home/blackjackdev/demos/ros2docker/ia_msgs/build/pkg_new': AMENT_PREFIX_PATH=/home/blackjackdev/demos/ros2docker/ia_msgs/install/ros2sharedlib:${AMENT_PREFIX_PATH} CMAKE_PREFIX_PATH=/home/blackjackdev/demos/ros2docker/ia_msgs/install/ros2sharedlib:/opt/ros/dashing LD_LIBRARY_PATH=/home/blackjackdev/demos/ros2docker/ia_msgs/install/ros2sharedlib/lib:${LD_LIBRARY_PATH} PYTHONPATH=/home/blackjackdev/demos/ros2docker/ia_msgs/install/ros2sharedlib/lib/python3.6/site-packages:${PYTHONPATH} /usr/bin/cmake --build /home/blackjackdev/demos/ros2docker/ia_msgs/build/pkg_new -- -j4 -l4
[35m[1mScanning dependencies of target node_new[0m
[ 50%] [32mBuilding CXX object CMakeFiles/node_new.dir/src/node_new.cpp.o[0m
[100%] [32m[1mLinking CXX executable node_new[0m
[100%] Built target node_new
Invoked command in '/home/blackjackdev/demos/ros2docker/ia_msgs/build/pkg_new' returned '0': AMENT_PREFIX_PATH=/home/blackjackdev/demos/ros2docker/ia_msgs/install/ros2sharedlib:${AMENT_PREFIX_PATH} CMAKE_PREFIX_PATH=/home/blackjackdev/demos/ros2docker/ia_msgs/install/ros2sharedlib:/opt/ros/dashing LD_LIBRARY_PATH=/home/blackjackdev/demos/ros2docker/ia_msgs/install/ros2sharedlib/lib:${LD_LIBRARY_PATH} PYTHONPATH=/home/blackjackdev/demos/ros2docker/ia_msgs/install/ros2sharedlib/lib/python3.6/site-packages:${PYTHONPATH} /usr/bin/cmake --build /home/blackjackdev/demos/ros2docker/ia_msgs/build/pkg_new -- -j4 -l4
Invoking command in '/home/blackjackdev/demos/ros2docker/ia_msgs/build/pkg_new': AMENT_PREFIX_PATH=/home/blackjackdev/demos/ros2docker/ia_msgs/install/ros2sharedlib:${AMENT_PREFIX_PATH} CMAKE_PREFIX_PATH=/home/blackjackdev/demos/ros2docker/ia_msgs/install/ros2sharedlib:/opt/ros/dashing LD_LIBRARY_PATH=/home/blackjackdev/demos/ros2docker/ia_msgs/install/ros2sharedlib/lib:${LD_LIBRARY_PATH} PYTHONPATH=/home/blackjackdev/demos/ros2docker/ia_msgs/install/ros2sharedlib/lib/python3.6/site-packages:${PYTHONPATH} /usr/bin/cmake --build /home/blackjackdev/demos/ros2docker/ia_msgs/build/pkg_new --target install
[100%] Built target node_new
[36mInstall the project...[0m
-- Install configuration: ""
-- Execute custom install script
-- Symlinking: /home/blackjackdev/demos/ros2docker/ia_msgs/install/pkg_new/share/ament_index/resource_index/package_run_dependencies/pkg_new
-- Symlinking: /home/blackjackdev/demos/ros2docker/ia_msgs/install/pkg_new/share/ament_index/resource_index/parent_prefix_path/pkg_new
-- Symlinking: /home/blackjackdev/demos/ros2docker/ia_msgs/install/pkg_new/share/pkg_new/environment/ament_prefix_path.sh
-- Symlinking: /home/blackjackdev/demos/ros2docker/ia_msgs/install/pkg_new/share/pkg_new/environment/path.sh
-- Symlinking: /home/blackjackdev/demos/ros2docker/ia_msgs/install/pkg_new/share/pkg_new/local_setup.bash
-- Symlinking: /home/blackjackdev/demos/ros2docker/ia_msgs/install/pkg_new/share/pkg_new/local_setup.sh
-- Symlinking: /home/blackjackdev/demos/ros2docker/ia_msgs/install/pkg_new/share/pkg_new/local_setup.zsh
-- Symlinking: /home/blackjackdev/demos/ros2docker/ia_msgs/install/pkg_new/share/ament_index/resource_index/packages/pkg_new
-- Symlinking: /home/blackjackdev/demos/ros2docker/ia_msgs/install/pkg_new/share/pkg_new/cmake/pkg_newConfig.cmake
-- Symlinking: /home/blackjackdev/demos/ros2docker/ia_msgs/install/pkg_new/share/pkg_new/cmake/pkg_newConfig-version.cmake
-- Symlinking: /home/blackjackdev/demos/ros2docker/ia_msgs/install/pkg_new/share/pkg_new/package.xml
-- Installing: /home/blackjackdev/demos/ros2docker/ia_msgs/install/pkg_new/lib/pkg_new/node_new
-- Set runtime path of "/home/blackjackdev/demos/ros2docker/ia_msgs/install/pkg_new/lib/pkg_new/node_new" to ""
Invoked command in '/home/blackjackdev/demos/ros2docker/ia_msgs/build/pkg_new' returned '0': AMENT_PREFIX_PATH=/home/blackjackdev/demos/ros2docker/ia_msgs/install/ros2sharedlib:${AMENT_PREFIX_PATH} CMAKE_PREFIX_PATH=/home/blackjackdev/demos/ros2docker/ia_msgs/install/ros2sharedlib:/opt/ros/dashing LD_LIBRARY_PATH=/home/blackjackdev/demos/ros2docker/ia_msgs/install/ros2sharedlib/lib:${LD_LIBRARY_PATH} PYTHONPATH=/home/blackjackdev/demos/ros2docker/ia_msgs/install/ros2sharedlib/lib/python3.6/site-packages:${PYTHONPATH} /usr/bin/cmake --build /home/blackjackdev/demos/ros2docker/ia_msgs/build/pkg_new --target install
