-- The C compiler identification is GNU 7.4.0
-- The CXX compiler identification is GNU 7.4.0
-- Check for working C compiler: /usr/bin/cc
-- Check for working C compiler: /usr/bin/cc -- works
-- Detecting C compiler ABI info
-- Detecting C compiler ABI info - done
-- Detecting C compile features
-- Detecting C compile features - done
-- Check for working CXX compiler: /usr/bin/c++
-- Check for working CXX compiler: /usr/bin/c++ -- works
-- Detecting CXX compiler ABI info
-- Detecting CXX compiler ABI info - done
-- Detecting CXX compile features
-- Detecting CXX compile features - done
-- Found ament_cmake: 0.7.3 (/opt/ros/dashing/share/ament_cmake/cmake)
-- Found PythonInterp: /usr/bin/python3 (found suitable version "3.6.8", minimum required is "3") 
-- Using PYTHON_EXECUTABLE: /usr/bin/python3
-- Override CMake install command with custom implementation using symlinks instead of copying resources
-- Found ament_lint_auto: 0.7.6 (/opt/ros/dashing/share/ament_lint_auto/cmake)
-- Added test 'copyright' to check for copyright in CMake / C / C++ / Python code
-- Added test 'cppcheck' to perform static code analysis on C / C++ code
-- Configured cppcheck include dirs: $<BUILD_INTERFACE:/home/blackjackdev/demos/ros2docker/pkgA/src/pkgA/include>
-- Added test 'cpplint' to check C / C++ code against the Google style
-- Added test 'lint_cmake' to check CMake code style
-- Added test 'uncrustify' to check C / C++ code style
-- Added test 'xmllint' to check XML markup files
-- Configuring done
-- Generating done
-- Build files have been written to: /home/blackjackdev/demos/ros2docker/pkgA/build/pkgA
[35m[1mScanning dependencies of target nodeAlpha[0m
[ 50%] [32mBuilding CXX object CMakeFiles/nodeAlpha.dir/src/nodeAlpha.cpp.o[0m
[100%] [32m[1mLinking CXX executable nodeAlpha[0m
[100%] Built target nodeAlpha
[100%] Built target nodeAlpha
[36mInstall the project...[0m
-- Install configuration: ""
-- Execute custom install script
-- Symlinking: /home/blackjackdev/demos/ros2docker/pkgA/install/pkgA/share/ament_index/resource_index/package_run_dependencies/pkgA
-- Symlinking: /home/blackjackdev/demos/ros2docker/pkgA/install/pkgA/share/ament_index/resource_index/parent_prefix_path/pkgA
-- Symlinking: /home/blackjackdev/demos/ros2docker/pkgA/install/pkgA/share/pkgA/environment/ament_prefix_path.sh
-- Symlinking: /home/blackjackdev/demos/ros2docker/pkgA/install/pkgA/share/pkgA/environment/path.sh
-- Symlinking: /home/blackjackdev/demos/ros2docker/pkgA/install/pkgA/share/pkgA/local_setup.bash
-- Symlinking: /home/blackjackdev/demos/ros2docker/pkgA/install/pkgA/share/pkgA/local_setup.sh
-- Symlinking: /home/blackjackdev/demos/ros2docker/pkgA/install/pkgA/share/pkgA/local_setup.zsh
-- Symlinking: /home/blackjackdev/demos/ros2docker/pkgA/install/pkgA/share/ament_index/resource_index/packages/pkgA
-- Symlinking: /home/blackjackdev/demos/ros2docker/pkgA/install/pkgA/share/pkgA/cmake/pkgAConfig.cmake
-- Symlinking: /home/blackjackdev/demos/ros2docker/pkgA/install/pkgA/share/pkgA/cmake/pkgAConfig-version.cmake
-- Symlinking: /home/blackjackdev/demos/ros2docker/pkgA/install/pkgA/share/pkgA/package.xml
-- Installing: /home/blackjackdev/demos/ros2docker/pkgA/install/pkgA/lib/pkgA/nodeAlpha
