[0.220s] DEBUG:colcon:Command line arguments: ['/usr/bin/colcon', 'build', '--symlink-install', '--packages-select', 'pkg_one']
[0.220s] DEBUG:colcon:Parsed command line arguments: Namespace(ament_cmake_args=None, base_paths='.', build_base='build', catkin_cmake_args=None, catkin_skip_building_tests=False, cmake_args=None, cmake_clean_cache=False, cmake_clean_first=False, cmake_force_configure=False, cmake_target=None, cmake_target_skip_unavailable=False, continue_on_error=False, event_handlers=None, executor='parallel', ignore_user_meta=False, install_base='install', log_base='log', log_level=None, main=<bound method BuildVerb.main of <colcon_core.verb.build.BuildVerb object at 0x7fe844045588>>, merge_install=False, metas='./colcon.meta', packages_above=None, packages_above_depth=None, packages_end=None, packages_ignore=None, packages_ignore_regex=None, packages_select=['pkg_one'], packages_select_build_failed=False, packages_select_by_dep=None, packages_select_regex=None, packages_select_test_failures=False, packages_skip=None, packages_skip_build_finished=False, packages_skip_by_dep=None, packages_skip_regex=None, packages_skip_test_passed=False, packages_skip_up_to=None, packages_start=None, packages_up_to=None, parallel_workers=4, paths=None, symlink_install=True, test_result_base=None, verb_extension=<colcon_core.verb.build.BuildVerb object at 0x7fe844045588>, verb_name='build', verb_parser=<colcon_defaults.argument_parser.defaults.DefaultArgumentsDecorator object at 0x7fe8440458d0>)
[0.273s] Level 1:colcon.colcon_core.package_discovery:discover_packages(colcon_meta) check parameters
[0.273s] Level 1:colcon.colcon_core.package_discovery:discover_packages(recursive) check parameters
[0.273s] Level 1:colcon.colcon_core.package_discovery:discover_packages(ignore) check parameters
[0.273s] Level 1:colcon.colcon_core.package_discovery:discover_packages(path) check parameters
[0.273s] Level 1:colcon.colcon_core.package_discovery:discover_packages(recursive) discover
[0.273s] INFO:colcon.colcon_core.package_discovery:Crawling recursively for packages in '/home/blackjackdev/demos/ros2docker/pkg_one'
[0.274s] Level 1:colcon.colcon_core.package_identification:_identify(/home/blackjackdev/demos/ros2docker/pkg_one) by extensions ['ignore', 'ignore_ament_install']
[0.274s] Level 1:colcon.colcon_core.package_identification:_identify(/home/blackjackdev/demos/ros2docker/pkg_one) by extension 'ignore'
[0.275s] Level 1:colcon.colcon_core.package_identification:_identify(/home/blackjackdev/demos/ros2docker/pkg_one) by extension 'ignore_ament_install'
[0.275s] Level 1:colcon.colcon_core.package_identification:_identify(/home/blackjackdev/demos/ros2docker/pkg_one) by extensions ['colcon_pkg']
[0.275s] Level 1:colcon.colcon_core.package_identification:_identify(/home/blackjackdev/demos/ros2docker/pkg_one) by extension 'colcon_pkg'
[0.275s] Level 1:colcon.colcon_core.package_identification:_identify(/home/blackjackdev/demos/ros2docker/pkg_one) by extensions ['colcon_meta']
[0.275s] Level 1:colcon.colcon_core.package_identification:_identify(/home/blackjackdev/demos/ros2docker/pkg_one) by extension 'colcon_meta'
[0.276s] Level 1:colcon.colcon_core.package_identification:_identify(/home/blackjackdev/demos/ros2docker/pkg_one) by extensions ['ros']
[0.276s] Level 1:colcon.colcon_core.package_identification:_identify(/home/blackjackdev/demos/ros2docker/pkg_one) by extension 'ros'
[0.293s] Level 1:colcon.colcon_core.package_identification:_identify(/home/blackjackdev/demos/ros2docker/pkg_one) by extensions ['cmake', 'python']
[0.293s] Level 1:colcon.colcon_core.package_identification:_identify(/home/blackjackdev/demos/ros2docker/pkg_one) by extension 'cmake'
[0.293s] Level 1:colcon.colcon_core.package_identification:_identify(/home/blackjackdev/demos/ros2docker/pkg_one) by extension 'python'
[0.293s] Level 1:colcon.colcon_core.package_identification:_identify(/home/blackjackdev/demos/ros2docker/pkg_one) by extensions ['python_setup_py']
[0.293s] Level 1:colcon.colcon_core.package_identification:_identify(/home/blackjackdev/demos/ros2docker/pkg_one) by extension 'python_setup_py'
[0.293s] Level 1:colcon.colcon_core.package_identification:_identify(/home/blackjackdev/demos/ros2docker/pkg_one/build) by extensions ['ignore', 'ignore_ament_install']
[0.294s] Level 1:colcon.colcon_core.package_identification:_identify(/home/blackjackdev/demos/ros2docker/pkg_one/build) by extension 'ignore'
[0.294s] Level 1:colcon.colcon_core.package_identification:_identify(/home/blackjackdev/demos/ros2docker/pkg_one/build) ignored
[0.294s] Level 1:colcon.colcon_core.package_identification:_identify(/home/blackjackdev/demos/ros2docker/pkg_one/install) by extensions ['ignore', 'ignore_ament_install']
[0.294s] Level 1:colcon.colcon_core.package_identification:_identify(/home/blackjackdev/demos/ros2docker/pkg_one/install) by extension 'ignore'
[0.294s] Level 1:colcon.colcon_core.package_identification:_identify(/home/blackjackdev/demos/ros2docker/pkg_one/install) ignored
[0.295s] Level 1:colcon.colcon_core.package_identification:_identify(/home/blackjackdev/demos/ros2docker/pkg_one/log) by extensions ['ignore', 'ignore_ament_install']
[0.295s] Level 1:colcon.colcon_core.package_identification:_identify(/home/blackjackdev/demos/ros2docker/pkg_one/log) by extension 'ignore'
[0.295s] Level 1:colcon.colcon_core.package_identification:_identify(/home/blackjackdev/demos/ros2docker/pkg_one/log) ignored
[0.295s] Level 1:colcon.colcon_core.package_identification:_identify(/home/blackjackdev/demos/ros2docker/pkg_one/src) by extensions ['ignore', 'ignore_ament_install']
[0.295s] Level 1:colcon.colcon_core.package_identification:_identify(/home/blackjackdev/demos/ros2docker/pkg_one/src) by extension 'ignore'
[0.296s] Level 1:colcon.colcon_core.package_identification:_identify(/home/blackjackdev/demos/ros2docker/pkg_one/src) by extension 'ignore_ament_install'
[0.296s] Level 1:colcon.colcon_core.package_identification:_identify(/home/blackjackdev/demos/ros2docker/pkg_one/src) by extensions ['colcon_pkg']
[0.296s] Level 1:colcon.colcon_core.package_identification:_identify(/home/blackjackdev/demos/ros2docker/pkg_one/src) by extension 'colcon_pkg'
[0.296s] Level 1:colcon.colcon_core.package_identification:_identify(/home/blackjackdev/demos/ros2docker/pkg_one/src) by extensions ['colcon_meta']
[0.296s] Level 1:colcon.colcon_core.package_identification:_identify(/home/blackjackdev/demos/ros2docker/pkg_one/src) by extension 'colcon_meta'
[0.296s] Level 1:colcon.colcon_core.package_identification:_identify(/home/blackjackdev/demos/ros2docker/pkg_one/src) by extensions ['ros']
[0.296s] Level 1:colcon.colcon_core.package_identification:_identify(/home/blackjackdev/demos/ros2docker/pkg_one/src) by extension 'ros'
[0.296s] Level 1:colcon.colcon_core.package_identification:_identify(/home/blackjackdev/demos/ros2docker/pkg_one/src) by extensions ['cmake', 'python']
[0.297s] Level 1:colcon.colcon_core.package_identification:_identify(/home/blackjackdev/demos/ros2docker/pkg_one/src) by extension 'cmake'
[0.297s] Level 1:colcon.colcon_core.package_identification:_identify(/home/blackjackdev/demos/ros2docker/pkg_one/src) by extension 'python'
[0.297s] Level 1:colcon.colcon_core.package_identification:_identify(/home/blackjackdev/demos/ros2docker/pkg_one/src) by extensions ['python_setup_py']
[0.297s] Level 1:colcon.colcon_core.package_identification:_identify(/home/blackjackdev/demos/ros2docker/pkg_one/src) by extension 'python_setup_py'
[0.297s] Level 1:colcon.colcon_core.package_identification:_identify(/home/blackjackdev/demos/ros2docker/pkg_one/src/pkg_one) by extensions ['ignore', 'ignore_ament_install']
[0.297s] Level 1:colcon.colcon_core.package_identification:_identify(/home/blackjackdev/demos/ros2docker/pkg_one/src/pkg_one) by extension 'ignore'
[0.297s] Level 1:colcon.colcon_core.package_identification:_identify(/home/blackjackdev/demos/ros2docker/pkg_one/src/pkg_one) by extension 'ignore_ament_install'
[0.297s] Level 1:colcon.colcon_core.package_identification:_identify(/home/blackjackdev/demos/ros2docker/pkg_one/src/pkg_one) by extensions ['colcon_pkg']
[0.298s] Level 1:colcon.colcon_core.package_identification:_identify(/home/blackjackdev/demos/ros2docker/pkg_one/src/pkg_one) by extension 'colcon_pkg'
[0.298s] Level 1:colcon.colcon_core.package_identification:_identify(/home/blackjackdev/demos/ros2docker/pkg_one/src/pkg_one) by extensions ['colcon_meta']
[0.298s] Level 1:colcon.colcon_core.package_identification:_identify(/home/blackjackdev/demos/ros2docker/pkg_one/src/pkg_one) by extension 'colcon_meta'
[0.298s] Level 1:colcon.colcon_core.package_identification:_identify(/home/blackjackdev/demos/ros2docker/pkg_one/src/pkg_one) by extensions ['ros']
[0.298s] Level 1:colcon.colcon_core.package_identification:_identify(/home/blackjackdev/demos/ros2docker/pkg_one/src/pkg_one) by extension 'ros'
[0.302s] DEBUG:colcon.colcon_core.package_identification:Package '/home/blackjackdev/demos/ros2docker/pkg_one/src/pkg_one' with type 'ros.ament_cmake' and name 'pkg_one'
[0.302s] Level 1:colcon.colcon_core.package_discovery:discover_packages(recursive) using defaults
[0.310s] Level 5:colcon.colcon_core.verb:set package 'pkg_one' build argument 'cmake_args' from command line to 'None'
[0.310s] Level 5:colcon.colcon_core.verb:set package 'pkg_one' build argument 'cmake_target' from command line to 'None'
[0.310s] Level 5:colcon.colcon_core.verb:set package 'pkg_one' build argument 'cmake_target_skip_unavailable' from command line to 'False'
[0.310s] Level 5:colcon.colcon_core.verb:set package 'pkg_one' build argument 'cmake_clean_cache' from command line to 'False'
[0.310s] Level 5:colcon.colcon_core.verb:set package 'pkg_one' build argument 'cmake_clean_first' from command line to 'False'
[0.310s] Level 5:colcon.colcon_core.verb:set package 'pkg_one' build argument 'cmake_force_configure' from command line to 'False'
[0.310s] Level 5:colcon.colcon_core.verb:set package 'pkg_one' build argument 'ament_cmake_args' from command line to 'None'
[0.310s] Level 5:colcon.colcon_core.verb:set package 'pkg_one' build argument 'catkin_cmake_args' from command line to 'None'
[0.311s] Level 5:colcon.colcon_core.verb:set package 'pkg_one' build argument 'catkin_skip_building_tests' from command line to 'False'
[0.311s] DEBUG:colcon.colcon_core.verb:Building package 'pkg_one' with the following arguments: {'ament_cmake_args': None, 'build_base': '/home/blackjackdev/demos/ros2docker/pkg_one/build/pkg_one', 'catkin_cmake_args': None, 'catkin_skip_building_tests': False, 'cmake_args': None, 'cmake_clean_cache': False, 'cmake_clean_first': False, 'cmake_force_configure': False, 'cmake_target': None, 'cmake_target_skip_unavailable': False, 'install_base': '/home/blackjackdev/demos/ros2docker/pkg_one/install/pkg_one', 'merge_install': False, 'path': '/home/blackjackdev/demos/ros2docker/pkg_one/src/pkg_one', 'symlink_install': True, 'test_result_base': None}
[0.313s] INFO:colcon.colcon_core.executor:Executing jobs using 'parallel' executor
[0.314s] DEBUG:colcon.colcon_parallel_executor.executor.parallel:run_until_complete
[0.314s] INFO:colcon.colcon_ros.task.ament_cmake.build:Building ROS package in '/home/blackjackdev/demos/ros2docker/pkg_one/src/pkg_one' with build type 'ament_cmake'
[0.319s] INFO:colcon.colcon_core.plugin_system:Skipping extension 'colcon_core.shell.bat': Not used on non-Windows systems
[0.319s] INFO:colcon.colcon_cmake.task.cmake.build:Building CMake package in '/home/blackjackdev/demos/ros2docker/pkg_one/src/pkg_one'
[0.320s] INFO:colcon.colcon_core.shell:Skip shell extension 'powershell' for command environment: Not usable outside of PowerShell
[0.323s] DEBUG:colcon.colcon_core.shell:Ignoring prefix path '/opt/ros/dashing'
[0.336s] DEBUG:colcon.colcon_core.event_handler.log_command:Invoking command in '/home/blackjackdev/demos/ros2docker/pkg_one/build/pkg_one': CMAKE_PREFIX_PATH=/opt/ros/dashing /usr/bin/cmake --build /home/blackjackdev/demos/ros2docker/pkg_one/build/pkg_one -- -j4 -l4
[1.203s] DEBUG:colcon.colcon_core.event_handler.log_command:Invoked command in '/home/blackjackdev/demos/ros2docker/pkg_one/build/pkg_one' returned '2': CMAKE_PREFIX_PATH=/opt/ros/dashing /usr/bin/cmake --build /home/blackjackdev/demos/ros2docker/pkg_one/build/pkg_one -- -j4 -l4
[1.211s] DEBUG:colcon.colcon_parallel_executor.executor.parallel:closing loop
[1.212s] DEBUG:colcon.colcon_parallel_executor.executor.parallel:loop closed
[1.212s] DEBUG:colcon.colcon_parallel_executor.executor.parallel:run_until_complete finished with '2'
[1.212s] DEBUG:colcon.colcon_core.event_reactor:joining thread
[1.223s] INFO:colcon.colcon_core.plugin_system:Skipping extension 'colcon_notification.desktop_notification.terminal_notifier': Not used on non-Darwin systems
[1.223s] INFO:colcon.colcon_core.plugin_system:Skipping extension 'colcon_notification.desktop_notification.win32': Not used on non-Windows systems
[1.223s] INFO:colcon.colcon_notification.desktop_notification:Sending desktop notification using 'notify2'
[1.236s] DEBUG:colcon.colcon_core.event_reactor:joined thread
[1.238s] INFO:colcon.colcon_core.shell:Creating prefix script '/home/blackjackdev/demos/ros2docker/pkg_one/install/local_setup.ps1'
[1.243s] INFO:colcon.colcon_core.shell:Creating prefix chain script '/home/blackjackdev/demos/ros2docker/pkg_one/install/setup.ps1'
[1.247s] INFO:colcon.colcon_core.shell:Creating prefix script '/home/blackjackdev/demos/ros2docker/pkg_one/install/local_setup.sh'
[1.251s] INFO:colcon.colcon_core.shell:Creating prefix chain script '/home/blackjackdev/demos/ros2docker/pkg_one/install/setup.sh'
[1.255s] INFO:colcon.colcon_core.shell:Creating prefix script '/home/blackjackdev/demos/ros2docker/pkg_one/install/local_setup.bash'
[1.257s] INFO:colcon.colcon_core.shell:Creating prefix chain script '/home/blackjackdev/demos/ros2docker/pkg_one/install/setup.bash'
[1.261s] INFO:colcon.colcon_core.shell:Creating prefix script '/home/blackjackdev/demos/ros2docker/pkg_one/install/local_setup.zsh'
[1.264s] INFO:colcon.colcon_core.shell:Creating prefix chain script '/home/blackjackdev/demos/ros2docker/pkg_one/install/setup.zsh'
