-- Found ament_cmake: 0.7.3 (/opt/ros/dashing/share/ament_cmake/cmake)
-- Using PYTHON_EXECUTABLE: /usr/bin/python3
-- Override CMake install command with custom implementation using symlinks instead of copying resources
-- Found rclcpp: 0.7.7 (/opt/ros/dashing/share/rclcpp/cmake)
-- Found rosidl_adapter: 0.7.5 (/opt/ros/dashing/share/rosidl_adapter/cmake)
-- Found rmw_implementation_cmake: 0.7.2 (/opt/ros/dashing/share/rmw_implementation_cmake/cmake)
-- Found std_msgs: 0.7.0 (/opt/ros/dashing/share/std_msgs/cmake)
-- Found ia_msgs: 0.0.0 (/home/blackjackdev/demos/ros2docker/ia_msgs/install/ia_msgs/share/ia_msgs/cmake)
-- Found ament_lint_auto: 0.7.8 (/opt/ros/dashing/share/ament_lint_auto/cmake)
-- Added test 'copyright' to check for copyright in CMake / C / C++ / Python code
-- Added test 'cppcheck' to perform static code analysis on C / C++ code
-- Configured cppcheck include dirs: $<BUILD_INTERFACE:/home/blackjackdev/demos/ros2docker/pkg_alpha/src/pkg_alpha/include>
-- Added test 'cpplint' to check C / C++ code against the Google style
-- Added test 'lint_cmake' to check CMake code style
-- Added test 'uncrustify' to check C / C++ code style
-- Added test 'xmllint' to check XML markup files
-- Configuring done
-- Generating done
-- Build files have been written to: /home/blackjackdev/demos/ros2docker/pkg_alpha/build/pkg_alpha
[35m[1mScanning dependencies of target node_alpha[0m
[ 50%] [32mBuilding CXX object CMakeFiles/node_alpha.dir/src/node_alpha.cpp.o[0m
[100%] [32m[1mLinking CXX executable node_alpha[0m
[100%] Built target node_alpha
[100%] Built target node_alpha
[36mInstall the project...[0m
-- Install configuration: ""
-- Execute custom install script
-- Up-to-date symlink: /home/blackjackdev/demos/ros2docker/pkg_alpha/install/pkg_alpha/share/ament_index/resource_index/package_run_dependencies/pkg_alpha
-- Up-to-date symlink: /home/blackjackdev/demos/ros2docker/pkg_alpha/install/pkg_alpha/share/ament_index/resource_index/parent_prefix_path/pkg_alpha
-- Up-to-date symlink: /home/blackjackdev/demos/ros2docker/pkg_alpha/install/pkg_alpha/share/pkg_alpha/environment/ament_prefix_path.sh
-- Up-to-date symlink: /home/blackjackdev/demos/ros2docker/pkg_alpha/install/pkg_alpha/share/pkg_alpha/environment/path.sh
-- Up-to-date symlink: /home/blackjackdev/demos/ros2docker/pkg_alpha/install/pkg_alpha/share/pkg_alpha/local_setup.bash
-- Up-to-date symlink: /home/blackjackdev/demos/ros2docker/pkg_alpha/install/pkg_alpha/share/pkg_alpha/local_setup.sh
-- Up-to-date symlink: /home/blackjackdev/demos/ros2docker/pkg_alpha/install/pkg_alpha/share/pkg_alpha/local_setup.zsh
-- Up-to-date symlink: /home/blackjackdev/demos/ros2docker/pkg_alpha/install/pkg_alpha/share/ament_index/resource_index/packages/pkg_alpha
-- Up-to-date symlink: /home/blackjackdev/demos/ros2docker/pkg_alpha/install/pkg_alpha/share/pkg_alpha/cmake/pkg_alphaConfig.cmake
-- Up-to-date symlink: /home/blackjackdev/demos/ros2docker/pkg_alpha/install/pkg_alpha/share/pkg_alpha/cmake/pkg_alphaConfig-version.cmake
-- Up-to-date symlink: /home/blackjackdev/demos/ros2docker/pkg_alpha/install/pkg_alpha/share/pkg_alpha/package.xml
-- Installing: /home/blackjackdev/demos/ros2docker/pkg_alpha/install/pkg_alpha/lib/pkg_alpha/node_alpha
-- Set runtime path of "/home/blackjackdev/demos/ros2docker/pkg_alpha/install/pkg_alpha/lib/pkg_alpha/node_alpha" to ""
