Determining if the pthread_create exist failed with the following output:
Change Dir: /home/blackjackdev/demos/ros2docker/pkg_alpha/build/pkg_alpha/CMakeFiles/CMakeTmp

Run Build Command:"/usr/bin/make" "cmTC_a8913/fast"
/usr/bin/make -f CMakeFiles/cmTC_a8913.dir/build.make CMakeFiles/cmTC_a8913.dir/build
make[1]: Entering directory '/home/blackjackdev/demos/ros2docker/pkg_alpha/build/pkg_alpha/CMakeFiles/CMakeTmp'
Building C object CMakeFiles/cmTC_a8913.dir/CheckSymbolExists.c.o
/usr/bin/cc    -o CMakeFiles/cmTC_a8913.dir/CheckSymbolExists.c.o   -c /home/blackjackdev/demos/ros2docker/pkg_alpha/build/pkg_alpha/CMakeFiles/CMakeTmp/CheckSymbolExists.c
Linking C executable cmTC_a8913
/usr/bin/cmake -E cmake_link_script CMakeFiles/cmTC_a8913.dir/link.txt --verbose=1
/usr/bin/cc      CMakeFiles/cmTC_a8913.dir/CheckSymbolExists.c.o  -o cmTC_a8913 
CMakeFiles/cmTC_a8913.dir/CheckSymbolExists.c.o: In function `main':
CheckSymbolExists.c:(.text+0x1b): undefined reference to `pthread_create'
collect2: error: ld returned 1 exit status
CMakeFiles/cmTC_a8913.dir/build.make:97: recipe for target 'cmTC_a8913' failed
make[1]: *** [cmTC_a8913] Error 1
make[1]: Leaving directory '/home/blackjackdev/demos/ros2docker/pkg_alpha/build/pkg_alpha/CMakeFiles/CMakeTmp'
Makefile:126: recipe for target 'cmTC_a8913/fast' failed
make: *** [cmTC_a8913/fast] Error 2

File /home/blackjackdev/demos/ros2docker/pkg_alpha/build/pkg_alpha/CMakeFiles/CMakeTmp/CheckSymbolExists.c:
/* */
#include <pthread.h>

int main(int argc, char** argv)
{
  (void)argv;
#ifndef pthread_create
  return ((int*)(&pthread_create))[argc];
#else
  (void)argc;
  return 0;
#endif
}

Determining if the function pthread_create exists in the pthreads failed with the following output:
Change Dir: /home/blackjackdev/demos/ros2docker/pkg_alpha/build/pkg_alpha/CMakeFiles/CMakeTmp

Run Build Command:"/usr/bin/make" "cmTC_b7748/fast"
/usr/bin/make -f CMakeFiles/cmTC_b7748.dir/build.make CMakeFiles/cmTC_b7748.dir/build
make[1]: Entering directory '/home/blackjackdev/demos/ros2docker/pkg_alpha/build/pkg_alpha/CMakeFiles/CMakeTmp'
Building C object CMakeFiles/cmTC_b7748.dir/CheckFunctionExists.c.o
/usr/bin/cc   -DCHECK_FUNCTION_EXISTS=pthread_create   -o CMakeFiles/cmTC_b7748.dir/CheckFunctionExists.c.o   -c /usr/share/cmake-3.10/Modules/CheckFunctionExists.c
Linking C executable cmTC_b7748
/usr/bin/cmake -E cmake_link_script CMakeFiles/cmTC_b7748.dir/link.txt --verbose=1
/usr/bin/cc  -DCHECK_FUNCTION_EXISTS=pthread_create    CMakeFiles/cmTC_b7748.dir/CheckFunctionExists.c.o  -o cmTC_b7748 -lpthreads 
/usr/bin/ld: cannot find -lpthreads
collect2: error: ld returned 1 exit status
CMakeFiles/cmTC_b7748.dir/build.make:97: recipe for target 'cmTC_b7748' failed
make[1]: *** [cmTC_b7748] Error 1
make[1]: Leaving directory '/home/blackjackdev/demos/ros2docker/pkg_alpha/build/pkg_alpha/CMakeFiles/CMakeTmp'
Makefile:126: recipe for target 'cmTC_b7748/fast' failed
make: *** [cmTC_b7748/fast] Error 2


