[0.215s] DEBUG:colcon:Command line arguments: ['/usr/bin/colcon', 'build', '--symlink-install']
[0.215s] DEBUG:colcon:Parsed command line arguments: Namespace(ament_cmake_args=None, base_paths='.', build_base='build', catkin_cmake_args=None, catkin_skip_building_tests=False, cmake_args=None, cmake_clean_cache=False, cmake_clean_first=False, cmake_force_configure=False, cmake_target=None, cmake_target_skip_unavailable=False, continue_on_error=False, event_handlers=None, executor='parallel', ignore_user_meta=False, install_base='install', log_base='log', log_level=None, main=<bound method BuildVerb.main of <colcon_core.verb.build.BuildVerb object at 0x7f87a8545550>>, merge_install=False, metas='./colcon.meta', packages_above=None, packages_above_depth=None, packages_end=None, packages_ignore=None, packages_ignore_regex=None, packages_select=None, packages_select_build_failed=False, packages_select_by_dep=None, packages_select_regex=None, packages_select_test_failures=False, packages_skip=None, packages_skip_build_finished=False, packages_skip_by_dep=None, packages_skip_regex=None, packages_skip_test_passed=False, packages_skip_up_to=None, packages_start=None, packages_up_to=None, parallel_workers=4, paths=None, symlink_install=True, test_result_base=None, verb_extension=<colcon_core.verb.build.BuildVerb object at 0x7f87a8545550>, verb_name='build', verb_parser=<colcon_defaults.argument_parser.defaults.DefaultArgumentsDecorator object at 0x7f87a8545898>)
[0.268s] Level 1:colcon.colcon_core.package_discovery:discover_packages(colcon_meta) check parameters
[0.268s] Level 1:colcon.colcon_core.package_discovery:discover_packages(recursive) check parameters
[0.268s] Level 1:colcon.colcon_core.package_discovery:discover_packages(ignore) check parameters
[0.268s] Level 1:colcon.colcon_core.package_discovery:discover_packages(path) check parameters
[0.268s] Level 1:colcon.colcon_core.package_discovery:discover_packages(recursive) discover
[0.269s] INFO:colcon.colcon_core.package_discovery:Crawling recursively for packages in '/home/blackjackdev/demos/ros2docker/ia_msgs'
[0.269s] Level 1:colcon.colcon_core.package_identification:_identify(/home/blackjackdev/demos/ros2docker/ia_msgs) by extensions ['ignore', 'ignore_ament_install']
[0.269s] Level 1:colcon.colcon_core.package_identification:_identify(/home/blackjackdev/demos/ros2docker/ia_msgs) by extension 'ignore'
[0.269s] Level 1:colcon.colcon_core.package_identification:_identify(/home/blackjackdev/demos/ros2docker/ia_msgs) by extension 'ignore_ament_install'
[0.269s] Level 1:colcon.colcon_core.package_identification:_identify(/home/blackjackdev/demos/ros2docker/ia_msgs) by extensions ['colcon_pkg']
[0.269s] Level 1:colcon.colcon_core.package_identification:_identify(/home/blackjackdev/demos/ros2docker/ia_msgs) by extension 'colcon_pkg'
[0.270s] Level 1:colcon.colcon_core.package_identification:_identify(/home/blackjackdev/demos/ros2docker/ia_msgs) by extensions ['colcon_meta']
[0.270s] Level 1:colcon.colcon_core.package_identification:_identify(/home/blackjackdev/demos/ros2docker/ia_msgs) by extension 'colcon_meta'
[0.270s] Level 1:colcon.colcon_core.package_identification:_identify(/home/blackjackdev/demos/ros2docker/ia_msgs) by extensions ['ros']
[0.270s] Level 1:colcon.colcon_core.package_identification:_identify(/home/blackjackdev/demos/ros2docker/ia_msgs) by extension 'ros'
[0.287s] Level 1:colcon.colcon_core.package_identification:_identify(/home/blackjackdev/demos/ros2docker/ia_msgs) by extensions ['cmake', 'python']
[0.287s] Level 1:colcon.colcon_core.package_identification:_identify(/home/blackjackdev/demos/ros2docker/ia_msgs) by extension 'cmake'
[0.287s] Level 1:colcon.colcon_core.package_identification:_identify(/home/blackjackdev/demos/ros2docker/ia_msgs) by extension 'python'
[0.288s] Level 1:colcon.colcon_core.package_identification:_identify(/home/blackjackdev/demos/ros2docker/ia_msgs) by extensions ['python_setup_py']
[0.288s] Level 1:colcon.colcon_core.package_identification:_identify(/home/blackjackdev/demos/ros2docker/ia_msgs) by extension 'python_setup_py'
[0.288s] Level 1:colcon.colcon_core.package_identification:_identify(/home/blackjackdev/demos/ros2docker/ia_msgs/build) by extensions ['ignore', 'ignore_ament_install']
[0.288s] Level 1:colcon.colcon_core.package_identification:_identify(/home/blackjackdev/demos/ros2docker/ia_msgs/build) by extension 'ignore'
[0.288s] Level 1:colcon.colcon_core.package_identification:_identify(/home/blackjackdev/demos/ros2docker/ia_msgs/build) ignored
[0.289s] Level 1:colcon.colcon_core.package_identification:_identify(/home/blackjackdev/demos/ros2docker/ia_msgs/install) by extensions ['ignore', 'ignore_ament_install']
[0.289s] Level 1:colcon.colcon_core.package_identification:_identify(/home/blackjackdev/demos/ros2docker/ia_msgs/install) by extension 'ignore'
[0.289s] Level 1:colcon.colcon_core.package_identification:_identify(/home/blackjackdev/demos/ros2docker/ia_msgs/install) ignored
[0.289s] Level 1:colcon.colcon_core.package_identification:_identify(/home/blackjackdev/demos/ros2docker/ia_msgs/log) by extensions ['ignore', 'ignore_ament_install']
[0.290s] Level 1:colcon.colcon_core.package_identification:_identify(/home/blackjackdev/demos/ros2docker/ia_msgs/log) by extension 'ignore'
[0.290s] Level 1:colcon.colcon_core.package_identification:_identify(/home/blackjackdev/demos/ros2docker/ia_msgs/log) ignored
[0.290s] Level 1:colcon.colcon_core.package_identification:_identify(/home/blackjackdev/demos/ros2docker/ia_msgs/src) by extensions ['ignore', 'ignore_ament_install']
[0.290s] Level 1:colcon.colcon_core.package_identification:_identify(/home/blackjackdev/demos/ros2docker/ia_msgs/src) by extension 'ignore'
[0.290s] Level 1:colcon.colcon_core.package_identification:_identify(/home/blackjackdev/demos/ros2docker/ia_msgs/src) by extension 'ignore_ament_install'
[0.290s] Level 1:colcon.colcon_core.package_identification:_identify(/home/blackjackdev/demos/ros2docker/ia_msgs/src) by extensions ['colcon_pkg']
[0.290s] Level 1:colcon.colcon_core.package_identification:_identify(/home/blackjackdev/demos/ros2docker/ia_msgs/src) by extension 'colcon_pkg'
[0.291s] Level 1:colcon.colcon_core.package_identification:_identify(/home/blackjackdev/demos/ros2docker/ia_msgs/src) by extensions ['colcon_meta']
[0.291s] Level 1:colcon.colcon_core.package_identification:_identify(/home/blackjackdev/demos/ros2docker/ia_msgs/src) by extension 'colcon_meta'
[0.291s] Level 1:colcon.colcon_core.package_identification:_identify(/home/blackjackdev/demos/ros2docker/ia_msgs/src) by extensions ['ros']
[0.291s] Level 1:colcon.colcon_core.package_identification:_identify(/home/blackjackdev/demos/ros2docker/ia_msgs/src) by extension 'ros'
[0.291s] Level 1:colcon.colcon_core.package_identification:_identify(/home/blackjackdev/demos/ros2docker/ia_msgs/src) by extensions ['cmake', 'python']
[0.291s] Level 1:colcon.colcon_core.package_identification:_identify(/home/blackjackdev/demos/ros2docker/ia_msgs/src) by extension 'cmake'
[0.291s] Level 1:colcon.colcon_core.package_identification:_identify(/home/blackjackdev/demos/ros2docker/ia_msgs/src) by extension 'python'
[0.291s] Level 1:colcon.colcon_core.package_identification:_identify(/home/blackjackdev/demos/ros2docker/ia_msgs/src) by extensions ['python_setup_py']
[0.292s] Level 1:colcon.colcon_core.package_identification:_identify(/home/blackjackdev/demos/ros2docker/ia_msgs/src) by extension 'python_setup_py'
[0.292s] Level 1:colcon.colcon_core.package_identification:_identify(/home/blackjackdev/demos/ros2docker/ia_msgs/src/ia_msgs) by extensions ['ignore', 'ignore_ament_install']
[0.292s] Level 1:colcon.colcon_core.package_identification:_identify(/home/blackjackdev/demos/ros2docker/ia_msgs/src/ia_msgs) by extension 'ignore'
[0.292s] Level 1:colcon.colcon_core.package_identification:_identify(/home/blackjackdev/demos/ros2docker/ia_msgs/src/ia_msgs) by extension 'ignore_ament_install'
[0.292s] Level 1:colcon.colcon_core.package_identification:_identify(/home/blackjackdev/demos/ros2docker/ia_msgs/src/ia_msgs) by extensions ['colcon_pkg']
[0.293s] Level 1:colcon.colcon_core.package_identification:_identify(/home/blackjackdev/demos/ros2docker/ia_msgs/src/ia_msgs) by extension 'colcon_pkg'
[0.293s] Level 1:colcon.colcon_core.package_identification:_identify(/home/blackjackdev/demos/ros2docker/ia_msgs/src/ia_msgs) by extensions ['colcon_meta']
[0.293s] Level 1:colcon.colcon_core.package_identification:_identify(/home/blackjackdev/demos/ros2docker/ia_msgs/src/ia_msgs) by extension 'colcon_meta'
[0.293s] Level 1:colcon.colcon_core.package_identification:_identify(/home/blackjackdev/demos/ros2docker/ia_msgs/src/ia_msgs) by extensions ['ros']
[0.293s] Level 1:colcon.colcon_core.package_identification:_identify(/home/blackjackdev/demos/ros2docker/ia_msgs/src/ia_msgs) by extension 'ros'
[0.297s] DEBUG:colcon.colcon_core.package_identification:Package '/home/blackjackdev/demos/ros2docker/ia_msgs/src/ia_msgs' with type 'ros.ament_cmake' and name 'ia_msgs'
[0.297s] Level 1:colcon.colcon_core.package_identification:_identify(/home/blackjackdev/demos/ros2docker/ia_msgs/src/pkg_new) by extensions ['ignore', 'ignore_ament_install']
[0.297s] Level 1:colcon.colcon_core.package_identification:_identify(/home/blackjackdev/demos/ros2docker/ia_msgs/src/pkg_new) by extension 'ignore'
[0.297s] Level 1:colcon.colcon_core.package_identification:_identify(/home/blackjackdev/demos/ros2docker/ia_msgs/src/pkg_new) by extension 'ignore_ament_install'
[0.297s] Level 1:colcon.colcon_core.package_identification:_identify(/home/blackjackdev/demos/ros2docker/ia_msgs/src/pkg_new) by extensions ['colcon_pkg']
[0.298s] Level 1:colcon.colcon_core.package_identification:_identify(/home/blackjackdev/demos/ros2docker/ia_msgs/src/pkg_new) by extension 'colcon_pkg'
[0.298s] Level 1:colcon.colcon_core.package_identification:_identify(/home/blackjackdev/demos/ros2docker/ia_msgs/src/pkg_new) by extensions ['colcon_meta']
[0.298s] Level 1:colcon.colcon_core.package_identification:_identify(/home/blackjackdev/demos/ros2docker/ia_msgs/src/pkg_new) by extension 'colcon_meta'
[0.298s] Level 1:colcon.colcon_core.package_identification:_identify(/home/blackjackdev/demos/ros2docker/ia_msgs/src/pkg_new) by extensions ['ros']
[0.298s] Level 1:colcon.colcon_core.package_identification:_identify(/home/blackjackdev/demos/ros2docker/ia_msgs/src/pkg_new) by extension 'ros'
[0.300s] DEBUG:colcon.colcon_core.package_identification:Package '/home/blackjackdev/demos/ros2docker/ia_msgs/src/pkg_new' with type 'ros.ament_cmake' and name 'pkg_new'
[0.300s] Level 1:colcon.colcon_core.package_identification:_identify(/home/blackjackdev/demos/ros2docker/ia_msgs/src/ros2sharedlib) by extensions ['ignore', 'ignore_ament_install']
[0.300s] Level 1:colcon.colcon_core.package_identification:_identify(/home/blackjackdev/demos/ros2docker/ia_msgs/src/ros2sharedlib) by extension 'ignore'
[0.300s] Level 1:colcon.colcon_core.package_identification:_identify(/home/blackjackdev/demos/ros2docker/ia_msgs/src/ros2sharedlib) by extension 'ignore_ament_install'
[0.300s] Level 1:colcon.colcon_core.package_identification:_identify(/home/blackjackdev/demos/ros2docker/ia_msgs/src/ros2sharedlib) by extensions ['colcon_pkg']
[0.301s] Level 1:colcon.colcon_core.package_identification:_identify(/home/blackjackdev/demos/ros2docker/ia_msgs/src/ros2sharedlib) by extension 'colcon_pkg'
[0.301s] Level 1:colcon.colcon_core.package_identification:_identify(/home/blackjackdev/demos/ros2docker/ia_msgs/src/ros2sharedlib) by extensions ['colcon_meta']
[0.301s] Level 1:colcon.colcon_core.package_identification:_identify(/home/blackjackdev/demos/ros2docker/ia_msgs/src/ros2sharedlib) by extension 'colcon_meta'
[0.301s] Level 1:colcon.colcon_core.package_identification:_identify(/home/blackjackdev/demos/ros2docker/ia_msgs/src/ros2sharedlib) by extensions ['ros']
[0.301s] Level 1:colcon.colcon_core.package_identification:_identify(/home/blackjackdev/demos/ros2docker/ia_msgs/src/ros2sharedlib) by extension 'ros'
[0.302s] DEBUG:colcon.colcon_core.package_identification:Package '/home/blackjackdev/demos/ros2docker/ia_msgs/src/ros2sharedlib' with type 'ros.ament_cmake' and name 'ros2sharedlib'
[0.302s] Level 1:colcon.colcon_core.package_discovery:discover_packages(recursive) using defaults
[0.306s] Level 1:colcon.colcon_core.package_augmentation.check_dependency_constraint:pkg_new depends on ros2sharedlib which has version 0.0.0: constraints {}
[0.311s] Level 5:colcon.colcon_core.verb:set package 'ia_msgs' build argument 'cmake_args' from command line to 'None'
[0.312s] Level 5:colcon.colcon_core.verb:set package 'ia_msgs' build argument 'cmake_target' from command line to 'None'
[0.312s] Level 5:colcon.colcon_core.verb:set package 'ia_msgs' build argument 'cmake_target_skip_unavailable' from command line to 'False'
[0.312s] Level 5:colcon.colcon_core.verb:set package 'ia_msgs' build argument 'cmake_clean_cache' from command line to 'False'
[0.312s] Level 5:colcon.colcon_core.verb:set package 'ia_msgs' build argument 'cmake_clean_first' from command line to 'False'
[0.312s] Level 5:colcon.colcon_core.verb:set package 'ia_msgs' build argument 'cmake_force_configure' from command line to 'False'
[0.312s] Level 5:colcon.colcon_core.verb:set package 'ia_msgs' build argument 'ament_cmake_args' from command line to 'None'
[0.312s] Level 5:colcon.colcon_core.verb:set package 'ia_msgs' build argument 'catkin_cmake_args' from command line to 'None'
[0.312s] Level 5:colcon.colcon_core.verb:set package 'ia_msgs' build argument 'catkin_skip_building_tests' from command line to 'False'
[0.312s] DEBUG:colcon.colcon_core.verb:Building package 'ia_msgs' with the following arguments: {'ament_cmake_args': None, 'build_base': '/home/blackjackdev/demos/ros2docker/ia_msgs/build/ia_msgs', 'catkin_cmake_args': None, 'catkin_skip_building_tests': False, 'cmake_args': None, 'cmake_clean_cache': False, 'cmake_clean_first': False, 'cmake_force_configure': False, 'cmake_target': None, 'cmake_target_skip_unavailable': False, 'install_base': '/home/blackjackdev/demos/ros2docker/ia_msgs/install/ia_msgs', 'merge_install': False, 'path': '/home/blackjackdev/demos/ros2docker/ia_msgs/src/ia_msgs', 'symlink_install': True, 'test_result_base': None}
[0.316s] Level 5:colcon.colcon_core.verb:set package 'ros2sharedlib' build argument 'cmake_args' from command line to 'None'
[0.316s] Level 5:colcon.colcon_core.verb:set package 'ros2sharedlib' build argument 'cmake_target' from command line to 'None'
[0.317s] Level 5:colcon.colcon_core.verb:set package 'ros2sharedlib' build argument 'cmake_target_skip_unavailable' from command line to 'False'
[0.317s] Level 5:colcon.colcon_core.verb:set package 'ros2sharedlib' build argument 'cmake_clean_cache' from command line to 'False'
[0.317s] Level 5:colcon.colcon_core.verb:set package 'ros2sharedlib' build argument 'cmake_clean_first' from command line to 'False'
[0.317s] Level 5:colcon.colcon_core.verb:set package 'ros2sharedlib' build argument 'cmake_force_configure' from command line to 'False'
[0.317s] Level 5:colcon.colcon_core.verb:set package 'ros2sharedlib' build argument 'ament_cmake_args' from command line to 'None'
[0.317s] Level 5:colcon.colcon_core.verb:set package 'ros2sharedlib' build argument 'catkin_cmake_args' from command line to 'None'
[0.317s] Level 5:colcon.colcon_core.verb:set package 'ros2sharedlib' build argument 'catkin_skip_building_tests' from command line to 'False'
[0.317s] DEBUG:colcon.colcon_core.verb:Building package 'ros2sharedlib' with the following arguments: {'ament_cmake_args': None, 'build_base': '/home/blackjackdev/demos/ros2docker/ia_msgs/build/ros2sharedlib', 'catkin_cmake_args': None, 'catkin_skip_building_tests': False, 'cmake_args': None, 'cmake_clean_cache': False, 'cmake_clean_first': False, 'cmake_force_configure': False, 'cmake_target': None, 'cmake_target_skip_unavailable': False, 'install_base': '/home/blackjackdev/demos/ros2docker/ia_msgs/install/ros2sharedlib', 'merge_install': False, 'path': '/home/blackjackdev/demos/ros2docker/ia_msgs/src/ros2sharedlib', 'symlink_install': True, 'test_result_base': None}
[0.325s] Level 5:colcon.colcon_core.verb:set package 'pkg_new' build argument 'cmake_args' from command line to 'None'
[0.325s] Level 5:colcon.colcon_core.verb:set package 'pkg_new' build argument 'cmake_target' from command line to 'None'
[0.325s] Level 5:colcon.colcon_core.verb:set package 'pkg_new' build argument 'cmake_target_skip_unavailable' from command line to 'False'
[0.325s] Level 5:colcon.colcon_core.verb:set package 'pkg_new' build argument 'cmake_clean_cache' from command line to 'False'
[0.325s] Level 5:colcon.colcon_core.verb:set package 'pkg_new' build argument 'cmake_clean_first' from command line to 'False'
[0.325s] Level 5:colcon.colcon_core.verb:set package 'pkg_new' build argument 'cmake_force_configure' from command line to 'False'
[0.325s] Level 5:colcon.colcon_core.verb:set package 'pkg_new' build argument 'ament_cmake_args' from command line to 'None'
[0.325s] Level 5:colcon.colcon_core.verb:set package 'pkg_new' build argument 'catkin_cmake_args' from command line to 'None'
[0.325s] Level 5:colcon.colcon_core.verb:set package 'pkg_new' build argument 'catkin_skip_building_tests' from command line to 'False'
[0.325s] DEBUG:colcon.colcon_core.verb:Building package 'pkg_new' with the following arguments: {'ament_cmake_args': None, 'build_base': '/home/blackjackdev/demos/ros2docker/ia_msgs/build/pkg_new', 'catkin_cmake_args': None, 'catkin_skip_building_tests': False, 'cmake_args': None, 'cmake_clean_cache': False, 'cmake_clean_first': False, 'cmake_force_configure': False, 'cmake_target': None, 'cmake_target_skip_unavailable': False, 'install_base': '/home/blackjackdev/demos/ros2docker/ia_msgs/install/pkg_new', 'merge_install': False, 'path': '/home/blackjackdev/demos/ros2docker/ia_msgs/src/pkg_new', 'symlink_install': True, 'test_result_base': None}
[0.328s] INFO:colcon.colcon_core.executor:Executing jobs using 'parallel' executor
[0.328s] DEBUG:colcon.colcon_parallel_executor.executor.parallel:run_until_complete
[0.329s] INFO:colcon.colcon_ros.task.ament_cmake.build:Building ROS package in '/home/blackjackdev/demos/ros2docker/ia_msgs/src/ros2sharedlib' with build type 'ament_cmake'
[0.333s] INFO:colcon.colcon_core.plugin_system:Skipping extension 'colcon_core.shell.bat': Not used on non-Windows systems
[0.333s] INFO:colcon.colcon_cmake.task.cmake.build:Building CMake package in '/home/blackjackdev/demos/ros2docker/ia_msgs/src/ros2sharedlib'
[0.334s] INFO:colcon.colcon_core.shell:Skip shell extension 'powershell' for command environment: Not usable outside of PowerShell
[0.337s] DEBUG:colcon.colcon_core.shell:Ignoring prefix path '/opt/ros/dashing'
[0.340s] INFO:colcon.colcon_ros.task.ament_cmake.build:Building ROS package in '/home/blackjackdev/demos/ros2docker/ia_msgs/src/ia_msgs' with build type 'ament_cmake'
[0.342s] INFO:colcon.colcon_cmake.task.cmake.build:Building CMake package in '/home/blackjackdev/demos/ros2docker/ia_msgs/src/ia_msgs'
[0.342s] INFO:colcon.colcon_core.shell:Skip shell extension 'powershell' for command environment: Not usable outside of PowerShell
[0.344s] DEBUG:colcon.colcon_core.shell:Ignoring prefix path '/opt/ros/dashing'
[0.354s] DEBUG:colcon.colcon_core.event_handler.log_command:Invoking command in '/home/blackjackdev/demos/ros2docker/ia_msgs/build/ros2sharedlib': CMAKE_PREFIX_PATH=/opt/ros/dashing /usr/bin/cmake /home/blackjackdev/demos/ros2docker/ia_msgs/src/ros2sharedlib -DAMENT_CMAKE_SYMLINK_INSTALL=1 -DCMAKE_INSTALL_PREFIX=/home/blackjackdev/demos/ros2docker/ia_msgs/install/ros2sharedlib
[0.359s] DEBUG:colcon.colcon_core.event_handler.log_command:Invoking command in '/home/blackjackdev/demos/ros2docker/ia_msgs/build/ia_msgs': CMAKE_PREFIX_PATH=/opt/ros/dashing /usr/bin/cmake /home/blackjackdev/demos/ros2docker/ia_msgs/src/ia_msgs -DAMENT_CMAKE_SYMLINK_INSTALL=1 -DCMAKE_INSTALL_PREFIX=/home/blackjackdev/demos/ros2docker/ia_msgs/install/ia_msgs
[3.400s] DEBUG:colcon.colcon_core.event_handler.log_command:Invoked command in '/home/blackjackdev/demos/ros2docker/ia_msgs/build/ros2sharedlib' returned '0': CMAKE_PREFIX_PATH=/opt/ros/dashing /usr/bin/cmake /home/blackjackdev/demos/ros2docker/ia_msgs/src/ros2sharedlib -DAMENT_CMAKE_SYMLINK_INSTALL=1 -DCMAKE_INSTALL_PREFIX=/home/blackjackdev/demos/ros2docker/ia_msgs/install/ros2sharedlib
[3.404s] DEBUG:colcon.colcon_core.event_handler.log_command:Invoking command in '/home/blackjackdev/demos/ros2docker/ia_msgs/build/ros2sharedlib': CMAKE_PREFIX_PATH=/opt/ros/dashing /usr/bin/cmake --build /home/blackjackdev/demos/ros2docker/ia_msgs/build/ros2sharedlib -- -j4 -l4
[3.526s] DEBUG:colcon.colcon_core.event_handler.log_command:Invoked command in '/home/blackjackdev/demos/ros2docker/ia_msgs/build/ia_msgs' returned '0': CMAKE_PREFIX_PATH=/opt/ros/dashing /usr/bin/cmake /home/blackjackdev/demos/ros2docker/ia_msgs/src/ia_msgs -DAMENT_CMAKE_SYMLINK_INSTALL=1 -DCMAKE_INSTALL_PREFIX=/home/blackjackdev/demos/ros2docker/ia_msgs/install/ia_msgs
[3.529s] DEBUG:colcon.colcon_core.event_handler.log_command:Invoking command in '/home/blackjackdev/demos/ros2docker/ia_msgs/build/ia_msgs': CMAKE_PREFIX_PATH=/opt/ros/dashing /usr/bin/cmake --build /home/blackjackdev/demos/ros2docker/ia_msgs/build/ia_msgs -- -j4 -l4
[12.933s] DEBUG:colcon.colcon_core.event_handler.log_command:Invoked command in '/home/blackjackdev/demos/ros2docker/ia_msgs/build/ros2sharedlib' returned '0': CMAKE_PREFIX_PATH=/opt/ros/dashing /usr/bin/cmake --build /home/blackjackdev/demos/ros2docker/ia_msgs/build/ros2sharedlib -- -j4 -l4
[13.022s] DEBUG:colcon.colcon_core.event_handler.log_command:Invoking command in '/home/blackjackdev/demos/ros2docker/ia_msgs/build/ros2sharedlib': CMAKE_PREFIX_PATH=/opt/ros/dashing /usr/bin/cmake --build /home/blackjackdev/demos/ros2docker/ia_msgs/build/ros2sharedlib --target install
[14.518s] Level 1:colcon.colcon_core.environment:create_environment_scripts_only(ros2sharedlib)
[14.520s] DEBUG:colcon.colcon_core.event_handler.log_command:Invoked command in '/home/blackjackdev/demos/ros2docker/ia_msgs/build/ros2sharedlib' returned '0': CMAKE_PREFIX_PATH=/opt/ros/dashing /usr/bin/cmake --build /home/blackjackdev/demos/ros2docker/ia_msgs/build/ros2sharedlib --target install
[14.523s] Level 1:colcon.colcon_core.environment:checking '/home/blackjackdev/demos/ros2docker/ia_msgs/install/ros2sharedlib' for CMake module files
[14.524s] Level 1:colcon.colcon_core.environment:checking '/home/blackjackdev/demos/ros2docker/ia_msgs/install/ros2sharedlib' for CMake config files
[14.525s] Level 1:colcon.colcon_core.shell:create_environment_hook('ros2sharedlib', 'cmake_prefix_path')
[14.525s] INFO:colcon.colcon_core.shell:Creating environment hook '/home/blackjackdev/demos/ros2docker/ia_msgs/install/ros2sharedlib/share/ros2sharedlib/hook/cmake_prefix_path.ps1'
[14.526s] INFO:colcon.colcon_core.shell:Creating environment hook '/home/blackjackdev/demos/ros2docker/ia_msgs/install/ros2sharedlib/share/ros2sharedlib/hook/cmake_prefix_path.sh'
[14.528s] Level 1:colcon.colcon_core.environment:checking '/home/blackjackdev/demos/ros2docker/ia_msgs/install/ros2sharedlib/lib'
[14.528s] Level 1:colcon.colcon_core.shell:create_environment_hook('ros2sharedlib', 'ld_library_path_lib')
[14.529s] INFO:colcon.colcon_core.shell:Creating environment hook '/home/blackjackdev/demos/ros2docker/ia_msgs/install/ros2sharedlib/share/ros2sharedlib/hook/ld_library_path_lib.ps1'
[14.529s] INFO:colcon.colcon_core.shell:Creating environment hook '/home/blackjackdev/demos/ros2docker/ia_msgs/install/ros2sharedlib/share/ros2sharedlib/hook/ld_library_path_lib.sh'
[14.530s] Level 1:colcon.colcon_core.environment:checking '/home/blackjackdev/demos/ros2docker/ia_msgs/install/ros2sharedlib/bin'
[14.530s] Level 1:colcon.colcon_core.environment:checking '/home/blackjackdev/demos/ros2docker/ia_msgs/install/ros2sharedlib/lib/pkgconfig/ros2sharedlib.pc'
[14.530s] Level 1:colcon.colcon_core.environment:checking '/home/blackjackdev/demos/ros2docker/ia_msgs/install/ros2sharedlib/lib/python3.6/site-packages'
[14.530s] Level 1:colcon.colcon_core.shell:create_environment_hook('ros2sharedlib', 'pythonpath')
[14.531s] INFO:colcon.colcon_core.shell:Creating environment hook '/home/blackjackdev/demos/ros2docker/ia_msgs/install/ros2sharedlib/share/ros2sharedlib/hook/pythonpath.ps1'
[14.531s] INFO:colcon.colcon_core.shell:Creating environment hook '/home/blackjackdev/demos/ros2docker/ia_msgs/install/ros2sharedlib/share/ros2sharedlib/hook/pythonpath.sh'
[14.538s] INFO:colcon.colcon_core.shell:Creating package script '/home/blackjackdev/demos/ros2docker/ia_msgs/install/ros2sharedlib/share/ros2sharedlib/package.ps1'
[14.539s] INFO:colcon.colcon_core.shell:Creating package script '/home/blackjackdev/demos/ros2docker/ia_msgs/install/ros2sharedlib/share/ros2sharedlib/package.sh'
[14.541s] INFO:colcon.colcon_core.shell:Creating package script '/home/blackjackdev/demos/ros2docker/ia_msgs/install/ros2sharedlib/share/ros2sharedlib/package.bash'
[14.542s] INFO:colcon.colcon_core.shell:Creating package script '/home/blackjackdev/demos/ros2docker/ia_msgs/install/ros2sharedlib/share/ros2sharedlib/package.zsh'
[14.545s] Level 1:colcon.colcon_core.environment:create_file_with_runtime_dependencies(/home/blackjackdev/demos/ros2docker/ia_msgs/install/ros2sharedlib/share/colcon-core/packages/ros2sharedlib)
[14.545s] INFO:colcon.colcon_ros.task.ament_cmake.build:Building ROS package in '/home/blackjackdev/demos/ros2docker/ia_msgs/src/pkg_new' with build type 'ament_cmake'
[14.546s] INFO:colcon.colcon_cmake.task.cmake.build:Building CMake package in '/home/blackjackdev/demos/ros2docker/ia_msgs/src/pkg_new'
[14.562s] INFO:colcon.colcon_core.shell:Skip shell extension 'powershell' for command environment: Not usable outside of PowerShell
[14.564s] DEBUG:colcon.colcon_core.shell:Ignoring prefix path '/opt/ros/dashing'
[14.583s] DEBUG:colcon.colcon_core.event_handler.log_command:Invoking command in '/home/blackjackdev/demos/ros2docker/ia_msgs/build/pkg_new': AMENT_PREFIX_PATH=/home/blackjackdev/demos/ros2docker/ia_msgs/install/ros2sharedlib:${AMENT_PREFIX_PATH} CMAKE_PREFIX_PATH=/home/blackjackdev/demos/ros2docker/ia_msgs/install/ros2sharedlib:/opt/ros/dashing LD_LIBRARY_PATH=/home/blackjackdev/demos/ros2docker/ia_msgs/install/ros2sharedlib/lib:${LD_LIBRARY_PATH} PYTHONPATH=/home/blackjackdev/demos/ros2docker/ia_msgs/install/ros2sharedlib/lib/python3.6/site-packages:${PYTHONPATH} /usr/bin/cmake /home/blackjackdev/demos/ros2docker/ia_msgs/src/pkg_new -DAMENT_CMAKE_SYMLINK_INSTALL=1 -DCMAKE_INSTALL_PREFIX=/home/blackjackdev/demos/ros2docker/ia_msgs/install/pkg_new
[14.882s] DEBUG:colcon.colcon_core.event_handler.log_command:Invoked command in '/home/blackjackdev/demos/ros2docker/ia_msgs/build/ia_msgs' returned '0': CMAKE_PREFIX_PATH=/opt/ros/dashing /usr/bin/cmake --build /home/blackjackdev/demos/ros2docker/ia_msgs/build/ia_msgs -- -j4 -l4
[15.042s] DEBUG:colcon.colcon_core.event_handler.log_command:Invoking command in '/home/blackjackdev/demos/ros2docker/ia_msgs/build/ia_msgs': CMAKE_PREFIX_PATH=/opt/ros/dashing /usr/bin/cmake --build /home/blackjackdev/demos/ros2docker/ia_msgs/build/ia_msgs --target install
[16.794s] Level 1:colcon.colcon_core.environment:create_environment_scripts_only(ia_msgs)
[16.796s] Level 1:colcon.colcon_core.environment:checking '/home/blackjackdev/demos/ros2docker/ia_msgs/install/ia_msgs' for CMake module files
[16.797s] DEBUG:colcon.colcon_core.event_handler.log_command:Invoked command in '/home/blackjackdev/demos/ros2docker/ia_msgs/build/ia_msgs' returned '0': CMAKE_PREFIX_PATH=/opt/ros/dashing /usr/bin/cmake --build /home/blackjackdev/demos/ros2docker/ia_msgs/build/ia_msgs --target install
[16.797s] Level 1:colcon.colcon_core.environment:checking '/home/blackjackdev/demos/ros2docker/ia_msgs/install/ia_msgs' for CMake config files
[16.798s] Level 1:colcon.colcon_core.shell:create_environment_hook('ia_msgs', 'cmake_prefix_path')
[16.799s] INFO:colcon.colcon_core.shell:Creating environment hook '/home/blackjackdev/demos/ros2docker/ia_msgs/install/ia_msgs/share/ia_msgs/hook/cmake_prefix_path.ps1'
[16.799s] INFO:colcon.colcon_core.shell:Creating environment hook '/home/blackjackdev/demos/ros2docker/ia_msgs/install/ia_msgs/share/ia_msgs/hook/cmake_prefix_path.sh'
[16.800s] Level 1:colcon.colcon_core.environment:checking '/home/blackjackdev/demos/ros2docker/ia_msgs/install/ia_msgs/lib'
[16.800s] Level 1:colcon.colcon_core.shell:create_environment_hook('ia_msgs', 'ld_library_path_lib')
[16.801s] INFO:colcon.colcon_core.shell:Creating environment hook '/home/blackjackdev/demos/ros2docker/ia_msgs/install/ia_msgs/share/ia_msgs/hook/ld_library_path_lib.ps1'
[16.801s] INFO:colcon.colcon_core.shell:Creating environment hook '/home/blackjackdev/demos/ros2docker/ia_msgs/install/ia_msgs/share/ia_msgs/hook/ld_library_path_lib.sh'
[16.801s] Level 1:colcon.colcon_core.environment:checking '/home/blackjackdev/demos/ros2docker/ia_msgs/install/ia_msgs/bin'
[16.802s] Level 1:colcon.colcon_core.environment:checking '/home/blackjackdev/demos/ros2docker/ia_msgs/install/ia_msgs/lib/pkgconfig/ia_msgs.pc'
[16.802s] Level 1:colcon.colcon_core.environment:checking '/home/blackjackdev/demos/ros2docker/ia_msgs/install/ia_msgs/lib/python3.6/site-packages'
[16.802s] Level 1:colcon.colcon_core.shell:create_environment_hook('ia_msgs', 'pythonpath')
[16.803s] INFO:colcon.colcon_core.shell:Creating environment hook '/home/blackjackdev/demos/ros2docker/ia_msgs/install/ia_msgs/share/ia_msgs/hook/pythonpath.ps1'
[16.803s] INFO:colcon.colcon_core.shell:Creating environment hook '/home/blackjackdev/demos/ros2docker/ia_msgs/install/ia_msgs/share/ia_msgs/hook/pythonpath.sh'
[16.804s] INFO:colcon.colcon_core.shell:Creating package script '/home/blackjackdev/demos/ros2docker/ia_msgs/install/ia_msgs/share/ia_msgs/package.ps1'
[16.805s] INFO:colcon.colcon_core.shell:Creating package script '/home/blackjackdev/demos/ros2docker/ia_msgs/install/ia_msgs/share/ia_msgs/package.sh'
[16.806s] INFO:colcon.colcon_core.shell:Creating package script '/home/blackjackdev/demos/ros2docker/ia_msgs/install/ia_msgs/share/ia_msgs/package.bash'
[16.806s] INFO:colcon.colcon_core.shell:Creating package script '/home/blackjackdev/demos/ros2docker/ia_msgs/install/ia_msgs/share/ia_msgs/package.zsh'
[16.807s] Level 1:colcon.colcon_core.environment:create_file_with_runtime_dependencies(/home/blackjackdev/demos/ros2docker/ia_msgs/install/ia_msgs/share/colcon-core/packages/ia_msgs)
[16.973s] DEBUG:colcon.colcon_core.event_handler.log_command:Invoked command in '/home/blackjackdev/demos/ros2docker/ia_msgs/build/pkg_new' returned '0': AMENT_PREFIX_PATH=/home/blackjackdev/demos/ros2docker/ia_msgs/install/ros2sharedlib:${AMENT_PREFIX_PATH} CMAKE_PREFIX_PATH=/home/blackjackdev/demos/ros2docker/ia_msgs/install/ros2sharedlib:/opt/ros/dashing LD_LIBRARY_PATH=/home/blackjackdev/demos/ros2docker/ia_msgs/install/ros2sharedlib/lib:${LD_LIBRARY_PATH} PYTHONPATH=/home/blackjackdev/demos/ros2docker/ia_msgs/install/ros2sharedlib/lib/python3.6/site-packages:${PYTHONPATH} /usr/bin/cmake /home/blackjackdev/demos/ros2docker/ia_msgs/src/pkg_new -DAMENT_CMAKE_SYMLINK_INSTALL=1 -DCMAKE_INSTALL_PREFIX=/home/blackjackdev/demos/ros2docker/ia_msgs/install/pkg_new
[16.976s] DEBUG:colcon.colcon_core.event_handler.log_command:Invoking command in '/home/blackjackdev/demos/ros2docker/ia_msgs/build/pkg_new': AMENT_PREFIX_PATH=/home/blackjackdev/demos/ros2docker/ia_msgs/install/ros2sharedlib:${AMENT_PREFIX_PATH} CMAKE_PREFIX_PATH=/home/blackjackdev/demos/ros2docker/ia_msgs/install/ros2sharedlib:/opt/ros/dashing LD_LIBRARY_PATH=/home/blackjackdev/demos/ros2docker/ia_msgs/install/ros2sharedlib/lib:${LD_LIBRARY_PATH} PYTHONPATH=/home/blackjackdev/demos/ros2docker/ia_msgs/install/ros2sharedlib/lib/python3.6/site-packages:${PYTHONPATH} /usr/bin/cmake --build /home/blackjackdev/demos/ros2docker/ia_msgs/build/pkg_new -- -j4 -l4
[17.161s] DEBUG:colcon.colcon_core.event_handler.log_command:Invoked command in '/home/blackjackdev/demos/ros2docker/ia_msgs/build/pkg_new' returned '0': AMENT_PREFIX_PATH=/home/blackjackdev/demos/ros2docker/ia_msgs/install/ros2sharedlib:${AMENT_PREFIX_PATH} CMAKE_PREFIX_PATH=/home/blackjackdev/demos/ros2docker/ia_msgs/install/ros2sharedlib:/opt/ros/dashing LD_LIBRARY_PATH=/home/blackjackdev/demos/ros2docker/ia_msgs/install/ros2sharedlib/lib:${LD_LIBRARY_PATH} PYTHONPATH=/home/blackjackdev/demos/ros2docker/ia_msgs/install/ros2sharedlib/lib/python3.6/site-packages:${PYTHONPATH} /usr/bin/cmake --build /home/blackjackdev/demos/ros2docker/ia_msgs/build/pkg_new -- -j4 -l4
[17.186s] DEBUG:colcon.colcon_core.event_handler.log_command:Invoking command in '/home/blackjackdev/demos/ros2docker/ia_msgs/build/pkg_new': AMENT_PREFIX_PATH=/home/blackjackdev/demos/ros2docker/ia_msgs/install/ros2sharedlib:${AMENT_PREFIX_PATH} CMAKE_PREFIX_PATH=/home/blackjackdev/demos/ros2docker/ia_msgs/install/ros2sharedlib:/opt/ros/dashing LD_LIBRARY_PATH=/home/blackjackdev/demos/ros2docker/ia_msgs/install/ros2sharedlib/lib:${LD_LIBRARY_PATH} PYTHONPATH=/home/blackjackdev/demos/ros2docker/ia_msgs/install/ros2sharedlib/lib/python3.6/site-packages:${PYTHONPATH} /usr/bin/cmake --build /home/blackjackdev/demos/ros2docker/ia_msgs/build/pkg_new --target install
[17.399s] Level 1:colcon.colcon_core.environment:create_environment_scripts_only(pkg_new)
[17.401s] Level 1:colcon.colcon_core.environment:checking '/home/blackjackdev/demos/ros2docker/ia_msgs/install/pkg_new' for CMake module files
[17.402s] DEBUG:colcon.colcon_core.event_handler.log_command:Invoked command in '/home/blackjackdev/demos/ros2docker/ia_msgs/build/pkg_new' returned '0': AMENT_PREFIX_PATH=/home/blackjackdev/demos/ros2docker/ia_msgs/install/ros2sharedlib:${AMENT_PREFIX_PATH} CMAKE_PREFIX_PATH=/home/blackjackdev/demos/ros2docker/ia_msgs/install/ros2sharedlib:/opt/ros/dashing LD_LIBRARY_PATH=/home/blackjackdev/demos/ros2docker/ia_msgs/install/ros2sharedlib/lib:${LD_LIBRARY_PATH} PYTHONPATH=/home/blackjackdev/demos/ros2docker/ia_msgs/install/ros2sharedlib/lib/python3.6/site-packages:${PYTHONPATH} /usr/bin/cmake --build /home/blackjackdev/demos/ros2docker/ia_msgs/build/pkg_new --target install
[17.402s] Level 1:colcon.colcon_core.environment:checking '/home/blackjackdev/demos/ros2docker/ia_msgs/install/pkg_new' for CMake config files
[17.403s] Level 1:colcon.colcon_core.shell:create_environment_hook('pkg_new', 'cmake_prefix_path')
[17.403s] INFO:colcon.colcon_core.shell:Creating environment hook '/home/blackjackdev/demos/ros2docker/ia_msgs/install/pkg_new/share/pkg_new/hook/cmake_prefix_path.ps1'
[17.404s] INFO:colcon.colcon_core.shell:Creating environment hook '/home/blackjackdev/demos/ros2docker/ia_msgs/install/pkg_new/share/pkg_new/hook/cmake_prefix_path.sh'
[17.405s] Level 1:colcon.colcon_core.environment:checking '/home/blackjackdev/demos/ros2docker/ia_msgs/install/pkg_new/lib'
[17.405s] Level 1:colcon.colcon_core.environment:checking '/home/blackjackdev/demos/ros2docker/ia_msgs/install/pkg_new/bin'
[17.405s] Level 1:colcon.colcon_core.environment:checking '/home/blackjackdev/demos/ros2docker/ia_msgs/install/pkg_new/lib/pkgconfig/pkg_new.pc'
[17.405s] Level 1:colcon.colcon_core.environment:checking '/home/blackjackdev/demos/ros2docker/ia_msgs/install/pkg_new/lib/python3.6/site-packages'
[17.406s] INFO:colcon.colcon_core.shell:Creating package script '/home/blackjackdev/demos/ros2docker/ia_msgs/install/pkg_new/share/pkg_new/package.ps1'
[17.407s] INFO:colcon.colcon_core.shell:Creating package script '/home/blackjackdev/demos/ros2docker/ia_msgs/install/pkg_new/share/pkg_new/package.sh'
[17.407s] INFO:colcon.colcon_core.shell:Creating package script '/home/blackjackdev/demos/ros2docker/ia_msgs/install/pkg_new/share/pkg_new/package.bash'
[17.408s] INFO:colcon.colcon_core.shell:Creating package script '/home/blackjackdev/demos/ros2docker/ia_msgs/install/pkg_new/share/pkg_new/package.zsh'
[17.408s] Level 1:colcon.colcon_core.environment:create_file_with_runtime_dependencies(/home/blackjackdev/demos/ros2docker/ia_msgs/install/pkg_new/share/colcon-core/packages/pkg_new)
[17.409s] DEBUG:colcon.colcon_parallel_executor.executor.parallel:closing loop
[17.411s] DEBUG:colcon.colcon_parallel_executor.executor.parallel:loop closed
[17.411s] DEBUG:colcon.colcon_parallel_executor.executor.parallel:run_until_complete finished with '0'
[17.411s] DEBUG:colcon.colcon_core.event_reactor:joining thread
[17.432s] INFO:colcon.colcon_core.plugin_system:Skipping extension 'colcon_notification.desktop_notification.terminal_notifier': Not used on non-Darwin systems
[17.432s] INFO:colcon.colcon_core.plugin_system:Skipping extension 'colcon_notification.desktop_notification.win32': Not used on non-Windows systems
[17.432s] INFO:colcon.colcon_notification.desktop_notification:Sending desktop notification using 'notify2'
[17.439s] DEBUG:colcon.colcon_core.event_reactor:joined thread
[17.441s] INFO:colcon.colcon_core.shell:Creating prefix script '/home/blackjackdev/demos/ros2docker/ia_msgs/install/local_setup.ps1'
[17.443s] INFO:colcon.colcon_core.shell:Creating prefix chain script '/home/blackjackdev/demos/ros2docker/ia_msgs/install/setup.ps1'
[17.446s] INFO:colcon.colcon_core.shell:Creating prefix script '/home/blackjackdev/demos/ros2docker/ia_msgs/install/local_setup.sh'
[17.448s] INFO:colcon.colcon_core.shell:Creating prefix chain script '/home/blackjackdev/demos/ros2docker/ia_msgs/install/setup.sh'
[17.451s] INFO:colcon.colcon_core.shell:Creating prefix script '/home/blackjackdev/demos/ros2docker/ia_msgs/install/local_setup.bash'
[17.452s] INFO:colcon.colcon_core.shell:Creating prefix chain script '/home/blackjackdev/demos/ros2docker/ia_msgs/install/setup.bash'
[17.456s] INFO:colcon.colcon_core.shell:Creating prefix script '/home/blackjackdev/demos/ros2docker/ia_msgs/install/local_setup.zsh'
[17.457s] INFO:colcon.colcon_core.shell:Creating prefix chain script '/home/blackjackdev/demos/ros2docker/ia_msgs/install/setup.zsh'
