[0.322s] DEBUG:colcon:Command line arguments: ['/usr/bin/colcon', 'build']
[0.322s] DEBUG:colcon:Parsed command line arguments: Namespace(ament_cmake_args=None, base_paths='.', build_base='build', catkin_cmake_args=None, catkin_skip_building_tests=False, cmake_args=None, cmake_clean_cache=False, cmake_clean_first=False, cmake_force_configure=False, cmake_target=None, cmake_target_skip_unavailable=False, continue_on_error=False, event_handlers=None, executor='parallel', ignore_user_meta=False, install_base='install', log_base='log', log_level=None, main=<bound method BuildVerb.main of <colcon_core.verb.build.BuildVerb object at 0x7f3d52d69588>>, merge_install=False, metas='./colcon.meta', packages_above=None, packages_above_depth=None, packages_end=None, packages_ignore=None, packages_ignore_regex=None, packages_select=None, packages_select_build_failed=False, packages_select_by_dep=None, packages_select_regex=None, packages_select_test_failures=False, packages_skip=None, packages_skip_build_finished=False, packages_skip_by_dep=None, packages_skip_regex=None, packages_skip_test_passed=False, packages_skip_up_to=None, packages_start=None, packages_up_to=None, parallel_workers=4, paths=None, symlink_install=False, test_result_base=None, verb_extension=<colcon_core.verb.build.BuildVerb object at 0x7f3d52d69588>, verb_name='build', verb_parser=<colcon_defaults.argument_parser.defaults.DefaultArgumentsDecorator object at 0x7f3d52d698d0>)
[0.396s] Level 1:colcon.colcon_core.package_discovery:discover_packages(colcon_meta) check parameters
[0.399s] Level 1:colcon.colcon_core.package_discovery:discover_packages(recursive) check parameters
[0.400s] Level 1:colcon.colcon_core.package_discovery:discover_packages(ignore) check parameters
[0.401s] Level 1:colcon.colcon_core.package_discovery:discover_packages(path) check parameters
[0.403s] Level 1:colcon.colcon_core.package_discovery:discover_packages(recursive) discover
[0.407s] INFO:colcon.colcon_core.package_discovery:Crawling recursively for packages in '/home/blackjackdev/demos/ros2docker/pkg_one'
[0.407s] Level 1:colcon.colcon_core.package_identification:_identify(/home/blackjackdev/demos/ros2docker/pkg_one) by extensions ['ignore', 'ignore_ament_install']
[0.407s] Level 1:colcon.colcon_core.package_identification:_identify(/home/blackjackdev/demos/ros2docker/pkg_one) by extension 'ignore'
[0.408s] Level 1:colcon.colcon_core.package_identification:_identify(/home/blackjackdev/demos/ros2docker/pkg_one) by extension 'ignore_ament_install'
[0.408s] Level 1:colcon.colcon_core.package_identification:_identify(/home/blackjackdev/demos/ros2docker/pkg_one) by extensions ['colcon_pkg']
[0.408s] Level 1:colcon.colcon_core.package_identification:_identify(/home/blackjackdev/demos/ros2docker/pkg_one) by extension 'colcon_pkg'
[0.408s] Level 1:colcon.colcon_core.package_identification:_identify(/home/blackjackdev/demos/ros2docker/pkg_one) by extensions ['colcon_meta']
[0.408s] Level 1:colcon.colcon_core.package_identification:_identify(/home/blackjackdev/demos/ros2docker/pkg_one) by extension 'colcon_meta'
[0.408s] Level 1:colcon.colcon_core.package_identification:_identify(/home/blackjackdev/demos/ros2docker/pkg_one) by extensions ['ros']
[0.408s] Level 1:colcon.colcon_core.package_identification:_identify(/home/blackjackdev/demos/ros2docker/pkg_one) by extension 'ros'
[0.427s] Level 1:colcon.colcon_core.package_identification:_identify(/home/blackjackdev/demos/ros2docker/pkg_one) by extensions ['cmake', 'python']
[0.428s] Level 1:colcon.colcon_core.package_identification:_identify(/home/blackjackdev/demos/ros2docker/pkg_one) by extension 'cmake'
[0.428s] Level 1:colcon.colcon_core.package_identification:_identify(/home/blackjackdev/demos/ros2docker/pkg_one) by extension 'python'
[0.428s] Level 1:colcon.colcon_core.package_identification:_identify(/home/blackjackdev/demos/ros2docker/pkg_one) by extensions ['python_setup_py']
[0.428s] Level 1:colcon.colcon_core.package_identification:_identify(/home/blackjackdev/demos/ros2docker/pkg_one) by extension 'python_setup_py'
[0.428s] Level 1:colcon.colcon_core.package_identification:_identify(/home/blackjackdev/demos/ros2docker/pkg_one/build) by extensions ['ignore', 'ignore_ament_install']
[0.428s] Level 1:colcon.colcon_core.package_identification:_identify(/home/blackjackdev/demos/ros2docker/pkg_one/build) by extension 'ignore'
[0.429s] Level 1:colcon.colcon_core.package_identification:_identify(/home/blackjackdev/demos/ros2docker/pkg_one/build) ignored
[0.429s] Level 1:colcon.colcon_core.package_identification:_identify(/home/blackjackdev/demos/ros2docker/pkg_one/install) by extensions ['ignore', 'ignore_ament_install']
[0.429s] Level 1:colcon.colcon_core.package_identification:_identify(/home/blackjackdev/demos/ros2docker/pkg_one/install) by extension 'ignore'
[0.429s] Level 1:colcon.colcon_core.package_identification:_identify(/home/blackjackdev/demos/ros2docker/pkg_one/install) ignored
[0.429s] Level 1:colcon.colcon_core.package_identification:_identify(/home/blackjackdev/demos/ros2docker/pkg_one/log) by extensions ['ignore', 'ignore_ament_install']
[0.430s] Level 1:colcon.colcon_core.package_identification:_identify(/home/blackjackdev/demos/ros2docker/pkg_one/log) by extension 'ignore'
[0.430s] Level 1:colcon.colcon_core.package_identification:_identify(/home/blackjackdev/demos/ros2docker/pkg_one/log) ignored
[0.430s] Level 1:colcon.colcon_core.package_identification:_identify(/home/blackjackdev/demos/ros2docker/pkg_one/src) by extensions ['ignore', 'ignore_ament_install']
[0.430s] Level 1:colcon.colcon_core.package_identification:_identify(/home/blackjackdev/demos/ros2docker/pkg_one/src) by extension 'ignore'
[0.430s] Level 1:colcon.colcon_core.package_identification:_identify(/home/blackjackdev/demos/ros2docker/pkg_one/src) by extension 'ignore_ament_install'
[0.430s] Level 1:colcon.colcon_core.package_identification:_identify(/home/blackjackdev/demos/ros2docker/pkg_one/src) by extensions ['colcon_pkg']
[0.430s] Level 1:colcon.colcon_core.package_identification:_identify(/home/blackjackdev/demos/ros2docker/pkg_one/src) by extension 'colcon_pkg'
[0.431s] Level 1:colcon.colcon_core.package_identification:_identify(/home/blackjackdev/demos/ros2docker/pkg_one/src) by extensions ['colcon_meta']
[0.431s] Level 1:colcon.colcon_core.package_identification:_identify(/home/blackjackdev/demos/ros2docker/pkg_one/src) by extension 'colcon_meta'
[0.431s] Level 1:colcon.colcon_core.package_identification:_identify(/home/blackjackdev/demos/ros2docker/pkg_one/src) by extensions ['ros']
[0.431s] Level 1:colcon.colcon_core.package_identification:_identify(/home/blackjackdev/demos/ros2docker/pkg_one/src) by extension 'ros'
[0.431s] Level 1:colcon.colcon_core.package_identification:_identify(/home/blackjackdev/demos/ros2docker/pkg_one/src) by extensions ['cmake', 'python']
[0.431s] Level 1:colcon.colcon_core.package_identification:_identify(/home/blackjackdev/demos/ros2docker/pkg_one/src) by extension 'cmake'
[0.431s] Level 1:colcon.colcon_core.package_identification:_identify(/home/blackjackdev/demos/ros2docker/pkg_one/src) by extension 'python'
[0.432s] Level 1:colcon.colcon_core.package_identification:_identify(/home/blackjackdev/demos/ros2docker/pkg_one/src) by extensions ['python_setup_py']
[0.432s] Level 1:colcon.colcon_core.package_identification:_identify(/home/blackjackdev/demos/ros2docker/pkg_one/src) by extension 'python_setup_py'
[0.432s] Level 1:colcon.colcon_core.package_discovery:discover_packages(recursive) using defaults
[0.438s] INFO:colcon.colcon_core.executor:Executing jobs using 'parallel' executor
[0.439s] DEBUG:colcon.colcon_parallel_executor.executor.parallel:run_until_complete
[0.439s] DEBUG:colcon.colcon_parallel_executor.executor.parallel:closing loop
[0.439s] DEBUG:colcon.colcon_parallel_executor.executor.parallel:loop closed
[0.439s] DEBUG:colcon.colcon_parallel_executor.executor.parallel:run_until_complete finished with '0'
[0.439s] DEBUG:colcon.colcon_core.event_reactor:joining thread
[0.446s] INFO:colcon.colcon_core.plugin_system:Skipping extension 'colcon_notification.desktop_notification.terminal_notifier': Not used on non-Darwin systems
[0.446s] INFO:colcon.colcon_core.plugin_system:Skipping extension 'colcon_notification.desktop_notification.win32': Not used on non-Windows systems
[0.446s] INFO:colcon.colcon_notification.desktop_notification:Sending desktop notification using 'notify2'
[0.453s] DEBUG:colcon.colcon_core.event_reactor:joined thread
[0.459s] INFO:colcon.colcon_core.plugin_system:Skipping extension 'colcon_core.shell.bat': Not used on non-Windows systems
[0.460s] INFO:colcon.colcon_core.shell:Creating prefix script '/home/blackjackdev/demos/ros2docker/pkg_one/install/local_setup.ps1'
[0.464s] INFO:colcon.colcon_core.shell:Creating prefix chain script '/home/blackjackdev/demos/ros2docker/pkg_one/install/setup.ps1'
[0.472s] INFO:colcon.colcon_core.shell:Creating prefix script '/home/blackjackdev/demos/ros2docker/pkg_one/install/local_setup.sh'
[0.476s] INFO:colcon.colcon_core.shell:Creating prefix chain script '/home/blackjackdev/demos/ros2docker/pkg_one/install/setup.sh'
[0.482s] INFO:colcon.colcon_core.shell:Creating prefix script '/home/blackjackdev/demos/ros2docker/pkg_one/install/local_setup.bash'
[0.485s] INFO:colcon.colcon_core.shell:Creating prefix chain script '/home/blackjackdev/demos/ros2docker/pkg_one/install/setup.bash'
[0.490s] INFO:colcon.colcon_core.shell:Creating prefix script '/home/blackjackdev/demos/ros2docker/pkg_one/install/local_setup.zsh'
[0.493s] INFO:colcon.colcon_core.shell:Creating prefix chain script '/home/blackjackdev/demos/ros2docker/pkg_one/install/setup.zsh'
