[0.240s] DEBUG:colcon:Command line arguments: ['/usr/bin/colcon', 'build', '--symlink-install']
[0.241s] DEBUG:colcon:Parsed command line arguments: Namespace(ament_cmake_args=None, base_paths='.', build_base='build', catkin_cmake_args=None, catkin_skip_building_tests=False, cmake_args=None, cmake_clean_cache=False, cmake_clean_first=False, cmake_force_configure=False, cmake_target=None, cmake_target_skip_unavailable=False, continue_on_error=False, event_handlers=None, executor='parallel', ignore_user_meta=False, install_base='install', log_base='log', log_level=None, main=<bound method BuildVerb.main of <colcon_core.verb.build.BuildVerb object at 0x7fb1bc169588>>, merge_install=False, metas='./colcon.meta', packages_above=None, packages_above_depth=None, packages_end=None, packages_ignore=None, packages_ignore_regex=None, packages_select=None, packages_select_build_failed=False, packages_select_by_dep=None, packages_select_regex=None, packages_select_test_failures=False, packages_skip=None, packages_skip_build_finished=False, packages_skip_by_dep=None, packages_skip_regex=None, packages_skip_test_passed=False, packages_skip_up_to=None, packages_start=None, packages_up_to=None, parallel_workers=4, paths=None, symlink_install=True, test_result_base=None, verb_extension=<colcon_core.verb.build.BuildVerb object at 0x7fb1bc169588>, verb_name='build', verb_parser=<colcon_defaults.argument_parser.defaults.DefaultArgumentsDecorator object at 0x7fb1bc1698d0>)
[0.297s] Level 1:colcon.colcon_core.package_discovery:discover_packages(colcon_meta) check parameters
[0.297s] Level 1:colcon.colcon_core.package_discovery:discover_packages(recursive) check parameters
[0.297s] Level 1:colcon.colcon_core.package_discovery:discover_packages(ignore) check parameters
[0.297s] Level 1:colcon.colcon_core.package_discovery:discover_packages(path) check parameters
[0.297s] Level 1:colcon.colcon_core.package_discovery:discover_packages(recursive) discover
[0.298s] INFO:colcon.colcon_core.package_discovery:Crawling recursively for packages in '/home/blackjackdev/demos/ros2docker/pkg_one'
[0.298s] Level 1:colcon.colcon_core.package_identification:_identify(/home/blackjackdev/demos/ros2docker/pkg_one) by extensions ['ignore', 'ignore_ament_install']
[0.298s] Level 1:colcon.colcon_core.package_identification:_identify(/home/blackjackdev/demos/ros2docker/pkg_one) by extension 'ignore'
[0.298s] Level 1:colcon.colcon_core.package_identification:_identify(/home/blackjackdev/demos/ros2docker/pkg_one) by extension 'ignore_ament_install'
[0.298s] Level 1:colcon.colcon_core.package_identification:_identify(/home/blackjackdev/demos/ros2docker/pkg_one) by extensions ['colcon_pkg']
[0.298s] Level 1:colcon.colcon_core.package_identification:_identify(/home/blackjackdev/demos/ros2docker/pkg_one) by extension 'colcon_pkg'
[0.298s] Level 1:colcon.colcon_core.package_identification:_identify(/home/blackjackdev/demos/ros2docker/pkg_one) by extensions ['colcon_meta']
[0.299s] Level 1:colcon.colcon_core.package_identification:_identify(/home/blackjackdev/demos/ros2docker/pkg_one) by extension 'colcon_meta'
[0.299s] Level 1:colcon.colcon_core.package_identification:_identify(/home/blackjackdev/demos/ros2docker/pkg_one) by extensions ['ros']
[0.299s] Level 1:colcon.colcon_core.package_identification:_identify(/home/blackjackdev/demos/ros2docker/pkg_one) by extension 'ros'
[0.317s] Level 1:colcon.colcon_core.package_identification:_identify(/home/blackjackdev/demos/ros2docker/pkg_one) by extensions ['cmake', 'python']
[0.317s] Level 1:colcon.colcon_core.package_identification:_identify(/home/blackjackdev/demos/ros2docker/pkg_one) by extension 'cmake'
[0.317s] Level 1:colcon.colcon_core.package_identification:_identify(/home/blackjackdev/demos/ros2docker/pkg_one) by extension 'python'
[0.318s] Level 1:colcon.colcon_core.package_identification:_identify(/home/blackjackdev/demos/ros2docker/pkg_one) by extensions ['python_setup_py']
[0.318s] Level 1:colcon.colcon_core.package_identification:_identify(/home/blackjackdev/demos/ros2docker/pkg_one) by extension 'python_setup_py'
[0.318s] Level 1:colcon.colcon_core.package_identification:_identify(/home/blackjackdev/demos/ros2docker/pkg_one/build) by extensions ['ignore', 'ignore_ament_install']
[0.318s] Level 1:colcon.colcon_core.package_identification:_identify(/home/blackjackdev/demos/ros2docker/pkg_one/build) by extension 'ignore'
[0.318s] Level 1:colcon.colcon_core.package_identification:_identify(/home/blackjackdev/demos/ros2docker/pkg_one/build) ignored
[0.319s] Level 1:colcon.colcon_core.package_identification:_identify(/home/blackjackdev/demos/ros2docker/pkg_one/install) by extensions ['ignore', 'ignore_ament_install']
[0.319s] Level 1:colcon.colcon_core.package_identification:_identify(/home/blackjackdev/demos/ros2docker/pkg_one/install) by extension 'ignore'
[0.319s] Level 1:colcon.colcon_core.package_identification:_identify(/home/blackjackdev/demos/ros2docker/pkg_one/install) ignored
[0.319s] Level 1:colcon.colcon_core.package_identification:_identify(/home/blackjackdev/demos/ros2docker/pkg_one/log) by extensions ['ignore', 'ignore_ament_install']
[0.319s] Level 1:colcon.colcon_core.package_identification:_identify(/home/blackjackdev/demos/ros2docker/pkg_one/log) by extension 'ignore'
[0.320s] Level 1:colcon.colcon_core.package_identification:_identify(/home/blackjackdev/demos/ros2docker/pkg_one/log) ignored
[0.320s] Level 1:colcon.colcon_core.package_identification:_identify(/home/blackjackdev/demos/ros2docker/pkg_one/src) by extensions ['ignore', 'ignore_ament_install']
[0.320s] Level 1:colcon.colcon_core.package_identification:_identify(/home/blackjackdev/demos/ros2docker/pkg_one/src) by extension 'ignore'
[0.320s] Level 1:colcon.colcon_core.package_identification:_identify(/home/blackjackdev/demos/ros2docker/pkg_one/src) by extension 'ignore_ament_install'
[0.320s] Level 1:colcon.colcon_core.package_identification:_identify(/home/blackjackdev/demos/ros2docker/pkg_one/src) by extensions ['colcon_pkg']
[0.320s] Level 1:colcon.colcon_core.package_identification:_identify(/home/blackjackdev/demos/ros2docker/pkg_one/src) by extension 'colcon_pkg'
[0.320s] Level 1:colcon.colcon_core.package_identification:_identify(/home/blackjackdev/demos/ros2docker/pkg_one/src) by extensions ['colcon_meta']
[0.320s] Level 1:colcon.colcon_core.package_identification:_identify(/home/blackjackdev/demos/ros2docker/pkg_one/src) by extension 'colcon_meta'
[0.320s] Level 1:colcon.colcon_core.package_identification:_identify(/home/blackjackdev/demos/ros2docker/pkg_one/src) by extensions ['ros']
[0.321s] Level 1:colcon.colcon_core.package_identification:_identify(/home/blackjackdev/demos/ros2docker/pkg_one/src) by extension 'ros'
[0.321s] Level 1:colcon.colcon_core.package_identification:_identify(/home/blackjackdev/demos/ros2docker/pkg_one/src) by extensions ['cmake', 'python']
[0.321s] Level 1:colcon.colcon_core.package_identification:_identify(/home/blackjackdev/demos/ros2docker/pkg_one/src) by extension 'cmake'
[0.321s] Level 1:colcon.colcon_core.package_identification:_identify(/home/blackjackdev/demos/ros2docker/pkg_one/src) by extension 'python'
[0.321s] Level 1:colcon.colcon_core.package_identification:_identify(/home/blackjackdev/demos/ros2docker/pkg_one/src) by extensions ['python_setup_py']
[0.321s] Level 1:colcon.colcon_core.package_identification:_identify(/home/blackjackdev/demos/ros2docker/pkg_one/src) by extension 'python_setup_py'
[0.322s] Level 1:colcon.colcon_core.package_identification:_identify(/home/blackjackdev/demos/ros2docker/pkg_one/src/pkg_one) by extensions ['ignore', 'ignore_ament_install']
[0.322s] Level 1:colcon.colcon_core.package_identification:_identify(/home/blackjackdev/demos/ros2docker/pkg_one/src/pkg_one) by extension 'ignore'
[0.322s] Level 1:colcon.colcon_core.package_identification:_identify(/home/blackjackdev/demos/ros2docker/pkg_one/src/pkg_one) by extension 'ignore_ament_install'
[0.322s] Level 1:colcon.colcon_core.package_identification:_identify(/home/blackjackdev/demos/ros2docker/pkg_one/src/pkg_one) by extensions ['colcon_pkg']
[0.322s] Level 1:colcon.colcon_core.package_identification:_identify(/home/blackjackdev/demos/ros2docker/pkg_one/src/pkg_one) by extension 'colcon_pkg'
[0.322s] Level 1:colcon.colcon_core.package_identification:_identify(/home/blackjackdev/demos/ros2docker/pkg_one/src/pkg_one) by extensions ['colcon_meta']
[0.322s] Level 1:colcon.colcon_core.package_identification:_identify(/home/blackjackdev/demos/ros2docker/pkg_one/src/pkg_one) by extension 'colcon_meta'
[0.322s] Level 1:colcon.colcon_core.package_identification:_identify(/home/blackjackdev/demos/ros2docker/pkg_one/src/pkg_one) by extensions ['ros']
[0.323s] Level 1:colcon.colcon_core.package_identification:_identify(/home/blackjackdev/demos/ros2docker/pkg_one/src/pkg_one) by extension 'ros'
[0.327s] DEBUG:colcon.colcon_core.package_identification:Package '/home/blackjackdev/demos/ros2docker/pkg_one/src/pkg_one' with type 'ros.ament_cmake' and name 'pkg_one'
[0.327s] Level 1:colcon.colcon_core.package_discovery:discover_packages(recursive) using defaults
[0.336s] Level 5:colcon.colcon_core.verb:set package 'pkg_one' build argument 'cmake_args' from command line to 'None'
[0.336s] Level 5:colcon.colcon_core.verb:set package 'pkg_one' build argument 'cmake_target' from command line to 'None'
[0.336s] Level 5:colcon.colcon_core.verb:set package 'pkg_one' build argument 'cmake_target_skip_unavailable' from command line to 'False'
[0.336s] Level 5:colcon.colcon_core.verb:set package 'pkg_one' build argument 'cmake_clean_cache' from command line to 'False'
[0.336s] Level 5:colcon.colcon_core.verb:set package 'pkg_one' build argument 'cmake_clean_first' from command line to 'False'
[0.336s] Level 5:colcon.colcon_core.verb:set package 'pkg_one' build argument 'cmake_force_configure' from command line to 'False'
[0.336s] Level 5:colcon.colcon_core.verb:set package 'pkg_one' build argument 'ament_cmake_args' from command line to 'None'
[0.336s] Level 5:colcon.colcon_core.verb:set package 'pkg_one' build argument 'catkin_cmake_args' from command line to 'None'
[0.336s] Level 5:colcon.colcon_core.verb:set package 'pkg_one' build argument 'catkin_skip_building_tests' from command line to 'False'
[0.336s] DEBUG:colcon.colcon_core.verb:Building package 'pkg_one' with the following arguments: {'ament_cmake_args': None, 'build_base': '/home/blackjackdev/demos/ros2docker/pkg_one/build/pkg_one', 'catkin_cmake_args': None, 'catkin_skip_building_tests': False, 'cmake_args': None, 'cmake_clean_cache': False, 'cmake_clean_first': False, 'cmake_force_configure': False, 'cmake_target': None, 'cmake_target_skip_unavailable': False, 'install_base': '/home/blackjackdev/demos/ros2docker/pkg_one/install/pkg_one', 'merge_install': False, 'path': '/home/blackjackdev/demos/ros2docker/pkg_one/src/pkg_one', 'symlink_install': True, 'test_result_base': None}
[0.339s] INFO:colcon.colcon_core.executor:Executing jobs using 'parallel' executor
[0.340s] DEBUG:colcon.colcon_parallel_executor.executor.parallel:run_until_complete
[0.340s] INFO:colcon.colcon_ros.task.ament_cmake.build:Building ROS package in '/home/blackjackdev/demos/ros2docker/pkg_one/src/pkg_one' with build type 'ament_cmake'
[0.346s] INFO:colcon.colcon_core.plugin_system:Skipping extension 'colcon_core.shell.bat': Not used on non-Windows systems
[0.346s] INFO:colcon.colcon_cmake.task.cmake.build:Building CMake package in '/home/blackjackdev/demos/ros2docker/pkg_one/src/pkg_one'
[0.347s] INFO:colcon.colcon_core.shell:Skip shell extension 'powershell' for command environment: Not usable outside of PowerShell
[0.351s] DEBUG:colcon.colcon_core.shell:Ignoring prefix path '/opt/ros/dashing'
[0.363s] DEBUG:colcon.colcon_core.event_handler.log_command:Invoking command in '/home/blackjackdev/demos/ros2docker/pkg_one/build/pkg_one': CMAKE_PREFIX_PATH=${CMAKE_PREFIX_PATH}:/opt/ros/dashing /usr/bin/cmake /home/blackjackdev/demos/ros2docker/pkg_one/src/pkg_one -DAMENT_CMAKE_SYMLINK_INSTALL=1 -DCMAKE_INSTALL_PREFIX=/home/blackjackdev/demos/ros2docker/pkg_one/install/pkg_one
[3.029s] DEBUG:colcon.colcon_core.event_handler.log_command:Invoked command in '/home/blackjackdev/demos/ros2docker/pkg_one/build/pkg_one' returned '0': CMAKE_PREFIX_PATH=${CMAKE_PREFIX_PATH}:/opt/ros/dashing /usr/bin/cmake /home/blackjackdev/demos/ros2docker/pkg_one/src/pkg_one -DAMENT_CMAKE_SYMLINK_INSTALL=1 -DCMAKE_INSTALL_PREFIX=/home/blackjackdev/demos/ros2docker/pkg_one/install/pkg_one
[3.030s] DEBUG:colcon.colcon_core.event_handler.log_command:Invoking command in '/home/blackjackdev/demos/ros2docker/pkg_one/build/pkg_one': CMAKE_PREFIX_PATH=${CMAKE_PREFIX_PATH}:/opt/ros/dashing /usr/bin/cmake --build /home/blackjackdev/demos/ros2docker/pkg_one/build/pkg_one -- -j4 -l4
[3.218s] DEBUG:colcon.colcon_core.event_handler.log_command:Invoked command in '/home/blackjackdev/demos/ros2docker/pkg_one/build/pkg_one' returned '0': CMAKE_PREFIX_PATH=${CMAKE_PREFIX_PATH}:/opt/ros/dashing /usr/bin/cmake --build /home/blackjackdev/demos/ros2docker/pkg_one/build/pkg_one -- -j4 -l4
[3.248s] DEBUG:colcon.colcon_core.event_handler.log_command:Invoking command in '/home/blackjackdev/demos/ros2docker/pkg_one/build/pkg_one': CMAKE_PREFIX_PATH=${CMAKE_PREFIX_PATH}:/opt/ros/dashing /usr/bin/cmake --build /home/blackjackdev/demos/ros2docker/pkg_one/build/pkg_one --target install
[3.532s] Level 1:colcon.colcon_core.environment:create_environment_scripts_only(pkg_one)
[3.535s] DEBUG:colcon.colcon_core.event_handler.log_command:Invoked command in '/home/blackjackdev/demos/ros2docker/pkg_one/build/pkg_one' returned '0': CMAKE_PREFIX_PATH=${CMAKE_PREFIX_PATH}:/opt/ros/dashing /usr/bin/cmake --build /home/blackjackdev/demos/ros2docker/pkg_one/build/pkg_one --target install
[3.538s] Level 1:colcon.colcon_core.environment:checking '/home/blackjackdev/demos/ros2docker/pkg_one/install/pkg_one' for CMake module files
[3.539s] Level 1:colcon.colcon_core.environment:checking '/home/blackjackdev/demos/ros2docker/pkg_one/install/pkg_one' for CMake config files
[3.539s] Level 1:colcon.colcon_core.shell:create_environment_hook('pkg_one', 'cmake_prefix_path')
[3.540s] INFO:colcon.colcon_core.shell:Creating environment hook '/home/blackjackdev/demos/ros2docker/pkg_one/install/pkg_one/share/pkg_one/hook/cmake_prefix_path.ps1'
[3.541s] INFO:colcon.colcon_core.shell:Creating environment hook '/home/blackjackdev/demos/ros2docker/pkg_one/install/pkg_one/share/pkg_one/hook/cmake_prefix_path.sh'
[3.543s] Level 1:colcon.colcon_core.environment:checking '/home/blackjackdev/demos/ros2docker/pkg_one/install/pkg_one/lib'
[3.543s] Level 1:colcon.colcon_core.environment:checking '/home/blackjackdev/demos/ros2docker/pkg_one/install/pkg_one/bin'
[3.543s] Level 1:colcon.colcon_core.environment:checking '/home/blackjackdev/demos/ros2docker/pkg_one/install/pkg_one/lib/pkgconfig/pkg_one.pc'
[3.543s] Level 1:colcon.colcon_core.environment:checking '/home/blackjackdev/demos/ros2docker/pkg_one/install/pkg_one/lib/python3.6/site-packages'
[3.544s] INFO:colcon.colcon_core.shell:Creating package script '/home/blackjackdev/demos/ros2docker/pkg_one/install/pkg_one/share/pkg_one/package.ps1'
[3.546s] INFO:colcon.colcon_core.shell:Creating package script '/home/blackjackdev/demos/ros2docker/pkg_one/install/pkg_one/share/pkg_one/package.sh'
[3.548s] INFO:colcon.colcon_core.shell:Creating package script '/home/blackjackdev/demos/ros2docker/pkg_one/install/pkg_one/share/pkg_one/package.bash'
[3.551s] INFO:colcon.colcon_core.shell:Creating package script '/home/blackjackdev/demos/ros2docker/pkg_one/install/pkg_one/share/pkg_one/package.zsh'
[3.554s] Level 1:colcon.colcon_core.environment:create_file_with_runtime_dependencies(/home/blackjackdev/demos/ros2docker/pkg_one/install/pkg_one/share/colcon-core/packages/pkg_one)
[3.556s] DEBUG:colcon.colcon_parallel_executor.executor.parallel:closing loop
[3.557s] DEBUG:colcon.colcon_parallel_executor.executor.parallel:loop closed
[3.557s] DEBUG:colcon.colcon_parallel_executor.executor.parallel:run_until_complete finished with '0'
[3.557s] DEBUG:colcon.colcon_core.event_reactor:joining thread
[3.572s] INFO:colcon.colcon_core.plugin_system:Skipping extension 'colcon_notification.desktop_notification.terminal_notifier': Not used on non-Darwin systems
[3.572s] INFO:colcon.colcon_core.plugin_system:Skipping extension 'colcon_notification.desktop_notification.win32': Not used on non-Windows systems
[3.573s] INFO:colcon.colcon_notification.desktop_notification:Sending desktop notification using 'notify2'
[3.582s] DEBUG:colcon.colcon_core.event_reactor:joined thread
[3.584s] INFO:colcon.colcon_core.shell:Creating prefix script '/home/blackjackdev/demos/ros2docker/pkg_one/install/local_setup.ps1'
[3.590s] INFO:colcon.colcon_core.shell:Creating prefix chain script '/home/blackjackdev/demos/ros2docker/pkg_one/install/setup.ps1'
[3.594s] INFO:colcon.colcon_core.shell:Creating prefix script '/home/blackjackdev/demos/ros2docker/pkg_one/install/local_setup.sh'
[3.600s] INFO:colcon.colcon_core.shell:Creating prefix chain script '/home/blackjackdev/demos/ros2docker/pkg_one/install/setup.sh'
[3.604s] INFO:colcon.colcon_core.shell:Creating prefix script '/home/blackjackdev/demos/ros2docker/pkg_one/install/local_setup.bash'
[3.607s] INFO:colcon.colcon_core.shell:Creating prefix chain script '/home/blackjackdev/demos/ros2docker/pkg_one/install/setup.bash'
[3.612s] INFO:colcon.colcon_core.shell:Creating prefix script '/home/blackjackdev/demos/ros2docker/pkg_one/install/local_setup.zsh'
[3.614s] INFO:colcon.colcon_core.shell:Creating prefix chain script '/home/blackjackdev/demos/ros2docker/pkg_one/install/setup.zsh'
