Invoking command in '/home/blackjackdev/demos/ros2docker/pkg_one/build/pkg_one': CMAKE_PREFIX_PATH=/opt/ros/dashing /usr/bin/cmake --build /home/blackjackdev/demos/ros2docker/pkg_one/build/pkg_one -- -j4 -l4
-- Found ament_cmake: 0.7.3 (/opt/ros/dashing/share/ament_cmake/cmake)
-- Using PYTHON_EXECUTABLE: /usr/bin/python3
-- Override CMake install command with custom implementation using symlinks instead of copying resources
-- Found rclcpp: 0.7.7 (/opt/ros/dashing/share/rclcpp/cmake)
-- Found rosidl_adapter: 0.7.5 (/opt/ros/dashing/share/rosidl_adapter/cmake)
-- Found rmw_implementation_cmake: 0.7.2 (/opt/ros/dashing/share/rmw_implementation_cmake/cmake)
-- Found std_msgs: 0.7.0 (/opt/ros/dashing/share/std_msgs/cmake)
-- Found rosidl_default_generators: 0.7.0 (/opt/ros/dashing/share/rosidl_default_generators/cmake)
-- Found OpenSSL: /usr/lib/x86_64-linux-gnu/libcrypto.so (found version "1.1.1") 
-- Found FastRTPS: /opt/ros/dashing/include  
-- Found ament_lint_auto: 0.7.6 (/opt/ros/dashing/share/ament_lint_auto/cmake)
CMake Error at /opt/ros/dashing/share/rosidl_cmake/cmake/rosidl_generate_interfaces.cmake:93 (message):
  rosidl_generate_interfaces() the passed file 'msg/demo.msg' doesn't exist
  relative to the CMAKE_CURRENT_SOURCE_DIR
  '/home/blackjackdev/demos/ros2docker/pkg_one/src/pkg_one'
Call Stack (most recent call first):
  CMakeLists.txt:50 (rosidl_generate_interfaces)


-- Configuring incomplete, errors occurred!
See also "/home/blackjackdev/demos/ros2docker/pkg_one/build/pkg_one/CMakeFiles/CMakeOutput.log".
See also "/home/blackjackdev/demos/ros2docker/pkg_one/build/pkg_one/CMakeFiles/CMakeError.log".
Makefile:252: recipe for target 'cmake_check_build_system' failed
make: *** [cmake_check_build_system] Error 1
Invoked command in '/home/blackjackdev/demos/ros2docker/pkg_one/build/pkg_one' returned '2': CMAKE_PREFIX_PATH=/opt/ros/dashing /usr/bin/cmake --build /home/blackjackdev/demos/ros2docker/pkg_one/build/pkg_one -- -j4 -l4
