Invoking command in '/home/blackjackdev/demos/ros2docker/pkg_one/build/pkg_one': CMAKE_PREFIX_PATH=/opt/ros/dashing /usr/bin/cmake --build /home/blackjackdev/demos/ros2docker/pkg_one/build/pkg_one -- -j4 -l4
-- Found ament_cmake: 0.7.3 (/opt/ros/dashing/share/ament_cmake/cmake)
-- Found PythonInterp: /usr/bin/python3 (found suitable version "3.6.8", minimum required is "3") 
-- Using PYTHON_EXECUTABLE: /usr/bin/python3
-- Override CMake install command with custom implementation using symlinks instead of copying resources
-- Found rclcpp: 0.7.7 (/opt/ros/dashing/share/rclcpp/cmake)
-- Found rosidl_adapter: 0.7.5 (/opt/ros/dashing/share/rosidl_adapter/cmake)
-- Found rmw_implementation_cmake: 0.7.2 (/opt/ros/dashing/share/rmw_implementation_cmake/cmake)
-- Found std_msgs: 0.7.0 (/opt/ros/dashing/share/std_msgs/cmake)
-- Found rosidl_default_generators: 0.7.0 (/opt/ros/dashing/share/rosidl_default_generators/cmake)
-- Found ament_lint_auto: 0.7.6 (/opt/ros/dashing/share/ament_lint_auto/cmake)
-- Found PythonInterp: /usr/bin/python3 (found version "3.6.8") 
-- Using single matching rosidl_typesupport_c: rosidl_typesupport_fastrtps_c
-- Using single matching rosidl_typesupport_cpp: rosidl_typesupport_fastrtps_cpp
-- Found PythonInterp: /usr/bin/python3 (found suitable version "3.6.8", minimum required is "3.5") 
-- Found python_cmake_module: 0.7.7 (/opt/ros/dashing/share/python_cmake_module/cmake)
-- Found PythonLibs: /usr/lib/x86_64-linux-gnu/libpython3.6m.so (found suitable version "3.6.8", minimum required is "3.5") 
-- Using PYTHON_EXECUTABLE: /usr/bin/python3
-- Using PYTHON_INCLUDE_DIRS: /usr/include/python3.6m
-- Using PYTHON_LIBRARIES: /usr/lib/x86_64-linux-gnu/libpython3.6m.so
-- Found PythonExtra: .so  
-- Added test 'copyright' to check for copyright in CMake / C / C++ / Python code
-- Added test 'cppcheck' to perform static code analysis on C / C++ code
-- Configured cppcheck include dirs: $<BUILD_INTERFACE:/home/blackjackdev/demos/ros2docker/pkg_one/src/pkg_one/include>
-- Added test 'cpplint' to check C / C++ code against the Google style
-- Added test 'lint_cmake' to check CMake code style
-- Added test 'uncrustify' to check C / C++ code style
-- Added test 'xmllint' to check XML markup files
-- Configuring done
-- Generating done
-- Build files have been written to: /home/blackjackdev/demos/ros2docker/pkg_one/build/pkg_one
[  3%] [34m[1mGenerating C code for ROS interfaces[0m
[35m[1mScanning dependencies of target pkg_one__cpp[0m
[35m[1mScanning dependencies of target node_one[0m
[  6%] [34m[1mGenerating C++ code for ROS interfaces[0m
[  9%] [32mBuilding CXX object CMakeFiles/node_one.dir/src/node_one.cpp.o[0m
[  9%] Built target pkg_one__cpp
[ 12%] [34m[1mGenerating C++ type support for eProsima Fast-RTPS[0m
[ 16%] [34m[1mGenerating C++ introspection for ROS interfaces[0m
[35m[1mScanning dependencies of target pkg_one__rosidl_generator_c[0m
[ 19%] [32mBuilding C object CMakeFiles/pkg_one__rosidl_generator_c.dir/rosidl_generator_c/pkg_one/msg/my_msg__functions.c.o[0m
[ 22%] [32m[1mLinking C shared library libpkg_one__rosidl_generator_c.so[0m
[ 22%] Built target pkg_one__rosidl_generator_c
[ 25%] [34m[1mGenerating C introspection for ROS interfaces[0m
[35m[1mScanning dependencies of target pkg_one__rosidl_typesupport_fastrtps_cpp[0m
[ 29%] [32mBuilding CXX object CMakeFiles/pkg_one__rosidl_typesupport_fastrtps_cpp.dir/rosidl_typesupport_fastrtps_cpp/pkg_one/msg/dds_fastrtps/my_msg__type_support.cpp.o[0m
[35m[1mScanning dependencies of target pkg_one__rosidl_typesupport_introspection_cpp[0m
[ 32%] [32mBuilding CXX object CMakeFiles/pkg_one__rosidl_typesupport_introspection_cpp.dir/rosidl_typesupport_introspection_cpp/pkg_one/msg/my_msg__type_support.cpp.o[0m
[35m[1mScanning dependencies of target pkg_one__rosidl_typesupport_introspection_c[0m
[ 35%] [32mBuilding C object CMakeFiles/pkg_one__rosidl_typesupport_introspection_c.dir/rosidl_typesupport_introspection_c/pkg_one/msg/my_msg__type_support.c.o[0m
[ 38%] [32m[1mLinking C shared library libpkg_one__rosidl_typesupport_introspection_c.so[0m
[ 41%] [32m[1mLinking CXX shared library libpkg_one__rosidl_typesupport_introspection_cpp.so[0m
[ 41%] Built target pkg_one__rosidl_typesupport_introspection_c
[ 45%] [32m[1mLinking CXX shared library libpkg_one__rosidl_typesupport_fastrtps_cpp.so[0m
[ 45%] Built target pkg_one__rosidl_typesupport_introspection_cpp
[ 45%] Built target pkg_one__rosidl_typesupport_fastrtps_cpp
[ 51%] [34m[1mGenerating C type support for eProsima Fast-RTPS[0m
[ 51%] [34m[1mGenerating C++ type support dispatch for ROS interfaces[0m
[35m[1mScanning dependencies of target pkg_one__rosidl_typesupport_cpp[0m
[ 54%] [32mBuilding CXX object CMakeFiles/pkg_one__rosidl_typesupport_cpp.dir/rosidl_typesupport_cpp/pkg_one/msg/my_msg__type_support.cpp.o[0m
[35m[1mScanning dependencies of target pkg_one__rosidl_typesupport_fastrtps_c[0m
[ 58%] [32mBuilding CXX object CMakeFiles/pkg_one__rosidl_typesupport_fastrtps_c.dir/rosidl_typesupport_fastrtps_c/pkg_one/msg/my_msg__type_support_c.cpp.o[0m
[ 61%] [32m[1mLinking CXX shared library libpkg_one__rosidl_typesupport_fastrtps_c.so[0m
[ 64%] [32m[1mLinking CXX shared library libpkg_one__rosidl_typesupport_cpp.so[0m
[ 64%] Built target pkg_one__rosidl_typesupport_cpp
[ 64%] Built target pkg_one__rosidl_typesupport_fastrtps_c
[ 67%] [34m[1mGenerating C type support dispatch for ROS interfaces[0m
[35m[1mScanning dependencies of target pkg_one__rosidl_typesupport_c[0m
[ 70%] [32mBuilding CXX object CMakeFiles/pkg_one__rosidl_typesupport_c.dir/rosidl_typesupport_c/pkg_one/msg/my_msg__type_support.cpp.o[0m
[ 74%] [32m[1mLinking CXX shared library libpkg_one__rosidl_typesupport_c.so[0m
[ 74%] Built target pkg_one__rosidl_typesupport_c
[35m[1mScanning dependencies of target pkg_one[0m
[ 74%] Built target pkg_one
[35m[1mScanning dependencies of target pkg_one__py[0m
[ 77%] [34m[1mGenerating Python code for ROS interfaces[0m
[ 80%] [32m[1mLinking CXX executable node_one[0m
[ 80%] Built target node_one
[ 80%] Built target pkg_one__py
[35m[1mScanning dependencies of target pkg_one__python[0m
[ 83%] [32mBuilding C object CMakeFiles/pkg_one__python.dir/rosidl_generator_py/pkg_one/msg/_my_msg_s.c.o[0m
[ 87%] [32m[1mLinking C shared library rosidl_generator_py/pkg_one/libpkg_one__python.so[0m
[ 87%] Built target pkg_one__python
[35m[1mScanning dependencies of target pkg_one__rosidl_typesupport_fastrtps_c__pyext[0m
[35m[1mScanning dependencies of target pkg_one__rosidl_typesupport_c__pyext[0m
[ 90%] [32mBuilding C object CMakeFiles/pkg_one__rosidl_typesupport_c__pyext.dir/rosidl_generator_py/pkg_one/_pkg_one_s.ep.rosidl_typesupport_c.c.o[0m
[ 93%] [32mBuilding C object CMakeFiles/pkg_one__rosidl_typesupport_fastrtps_c__pyext.dir/rosidl_generator_py/pkg_one/_pkg_one_s.ep.rosidl_typesupport_fastrtps_c.c.o[0m
[ 96%] [32m[1mLinking C shared library rosidl_generator_py/pkg_one/pkg_one_s__rosidl_typesupport_fastrtps_c.cpython-36m-x86_64-linux-gnu.so[0m
[100%] [32m[1mLinking C shared library rosidl_generator_py/pkg_one/pkg_one_s__rosidl_typesupport_c.cpython-36m-x86_64-linux-gnu.so[0m
[100%] Built target pkg_one__rosidl_typesupport_fastrtps_c__pyext
[100%] Built target pkg_one__rosidl_typesupport_c__pyext
Invoked command in '/home/blackjackdev/demos/ros2docker/pkg_one/build/pkg_one' returned '0': CMAKE_PREFIX_PATH=/opt/ros/dashing /usr/bin/cmake --build /home/blackjackdev/demos/ros2docker/pkg_one/build/pkg_one -- -j4 -l4
Invoking command in '/home/blackjackdev/demos/ros2docker/pkg_one/build/pkg_one': CMAKE_PREFIX_PATH=/opt/ros/dashing /usr/bin/cmake --build /home/blackjackdev/demos/ros2docker/pkg_one/build/pkg_one --target install
[  3%] Built target pkg_one__cpp
[ 12%] Built target pkg_one__rosidl_typesupport_fastrtps_cpp
[ 22%] Built target pkg_one__rosidl_generator_c
[ 32%] Built target pkg_one__rosidl_typesupport_fastrtps_c
[ 41%] Built target pkg_one__rosidl_typesupport_c
[ 51%] Built target pkg_one__rosidl_typesupport_introspection_c
[ 61%] Built target pkg_one__rosidl_typesupport_introspection_cpp
[ 70%] Built target pkg_one__rosidl_typesupport_cpp
[ 70%] Built target pkg_one
[ 74%] Built target pkg_one__py
[ 80%] Built target pkg_one__python
[ 87%] Built target pkg_one__rosidl_typesupport_c__pyext
[ 93%] Built target node_one
[100%] Built target pkg_one__rosidl_typesupport_fastrtps_c__pyext
[36mInstall the project...[0m
-- Install configuration: ""
-- Execute custom install script
-- Symlinking: /home/blackjackdev/demos/ros2docker/pkg_one/install/pkg_one/share/ament_index/resource_index/rosidl_interfaces/pkg_one
-- Symlinking: /home/blackjackdev/demos/ros2docker/pkg_one/install/pkg_one/include/pkg_one/msg/my_msg.hpp
-- Symlinking: /home/blackjackdev/demos/ros2docker/pkg_one/install/pkg_one/include/pkg_one/msg/my_msg__struct.hpp
-- Symlinking: /home/blackjackdev/demos/ros2docker/pkg_one/install/pkg_one/include/pkg_one/msg/my_msg__traits.hpp
-- Symlinking: /home/blackjackdev/demos/ros2docker/pkg_one/install/pkg_one/include/pkg_one/msg/my_msg.h
-- Symlinking: /home/blackjackdev/demos/ros2docker/pkg_one/install/pkg_one/include/pkg_one/msg/my_msg__functions.h
-- Symlinking: /home/blackjackdev/demos/ros2docker/pkg_one/install/pkg_one/include/pkg_one/msg/my_msg__struct.h
-- Symlinking: /home/blackjackdev/demos/ros2docker/pkg_one/install/pkg_one/include/pkg_one/msg/my_msg__type_support.h
-- Symlinking: /home/blackjackdev/demos/ros2docker/pkg_one/install/pkg_one/include/pkg_one/msg/rosidl_generator_c__visibility_control.h
-- Symlinking: /home/blackjackdev/demos/ros2docker/pkg_one/install/pkg_one/share/pkg_one/environment/library_path.sh
-- Symlinking: /home/blackjackdev/demos/ros2docker/pkg_one/install/pkg_one/lib/libpkg_one__rosidl_generator_c.so
-- Symlinking: /home/blackjackdev/demos/ros2docker/pkg_one/install/pkg_one/lib/libpkg_one__rosidl_typesupport_c.so
-- Symlinking: /home/blackjackdev/demos/ros2docker/pkg_one/install/pkg_one/lib/libpkg_one__rosidl_typesupport_cpp.so
-- Symlinking: /home/blackjackdev/demos/ros2docker/pkg_one/install/pkg_one/include/pkg_one/msg/my_msg__rosidl_typesupport_introspection_c.h
-- Symlinking: /home/blackjackdev/demos/ros2docker/pkg_one/install/pkg_one/include/pkg_one/msg/rosidl_typesupport_introspection_c__visibility_control.h
-- Symlinking: /home/blackjackdev/demos/ros2docker/pkg_one/install/pkg_one/lib/libpkg_one__rosidl_typesupport_introspection_c.so
-- Symlinking: /home/blackjackdev/demos/ros2docker/pkg_one/install/pkg_one/include/pkg_one/msg/my_msg__rosidl_typesupport_introspection_cpp.hpp
-- Symlinking: /home/blackjackdev/demos/ros2docker/pkg_one/install/pkg_one/lib/libpkg_one__rosidl_typesupport_introspection_cpp.so
-- Symlinking: /home/blackjackdev/demos/ros2docker/pkg_one/install/pkg_one/include/pkg_one/msg/my_msg__rosidl_typesupport_fastrtps_c.h
-- Symlinking: /home/blackjackdev/demos/ros2docker/pkg_one/install/pkg_one/include/pkg_one/msg/rosidl_typesupport_fastrtps_c__visibility_control.h
-- Symlinking: /home/blackjackdev/demos/ros2docker/pkg_one/install/pkg_one/lib/libpkg_one__rosidl_typesupport_fastrtps_c.so
-- Symlinking: /home/blackjackdev/demos/ros2docker/pkg_one/install/pkg_one/include/pkg_one/msg/my_msg__rosidl_typesupport_fastrtps_cpp.hpp
-- Symlinking: /home/blackjackdev/demos/ros2docker/pkg_one/install/pkg_one/include/pkg_one/msg/rosidl_typesupport_fastrtps_cpp__visibility_control.h
-- Symlinking: /home/blackjackdev/demos/ros2docker/pkg_one/install/pkg_one/lib/libpkg_one__rosidl_typesupport_fastrtps_cpp.so
-- Symlinking: /home/blackjackdev/demos/ros2docker/pkg_one/install/pkg_one/share/pkg_one/environment/pythonpath.sh
-- Symlinking: /home/blackjackdev/demos/ros2docker/pkg_one/install/pkg_one/lib/python3.6/site-packages/pkg_one/__init__.py
-- Symlinking: /home/blackjackdev/demos/ros2docker/pkg_one/install/pkg_one/lib/python3.6/site-packages/pkg_one/msg/__init__.py
-- Symlinking: /home/blackjackdev/demos/ros2docker/pkg_one/install/pkg_one/lib/python3.6/site-packages/pkg_one/msg/_my_msg.py
-- Symlinking: /home/blackjackdev/demos/ros2docker/pkg_one/install/pkg_one/lib/python3.6/site-packages/pkg_one/pkg_one_s__rosidl_typesupport_c.cpython-36m-x86_64-linux-gnu.so
-- Symlinking: /home/blackjackdev/demos/ros2docker/pkg_one/install/pkg_one/lib/python3.6/site-packages/pkg_one/pkg_one_s__rosidl_typesupport_fastrtps_c.cpython-36m-x86_64-linux-gnu.so
-- Symlinking: /home/blackjackdev/demos/ros2docker/pkg_one/install/pkg_one/lib/libpkg_one__python.so
-- Symlinking: /home/blackjackdev/demos/ros2docker/pkg_one/install/pkg_one/share/pkg_one/msg/MyMsg.idl
-- Symlinking: /home/blackjackdev/demos/ros2docker/pkg_one/install/pkg_one/share/pkg_one/msg/MyMsg.msg
-- Up-to-date symlink: /home/blackjackdev/demos/ros2docker/pkg_one/install/pkg_one/share/ament_index/resource_index/package_run_dependencies/pkg_one
-- Up-to-date symlink: /home/blackjackdev/demos/ros2docker/pkg_one/install/pkg_one/share/ament_index/resource_index/parent_prefix_path/pkg_one
-- Up-to-date symlink: /home/blackjackdev/demos/ros2docker/pkg_one/install/pkg_one/share/pkg_one/environment/ament_prefix_path.sh
-- Up-to-date symlink: /home/blackjackdev/demos/ros2docker/pkg_one/install/pkg_one/share/pkg_one/environment/path.sh
-- Up-to-date symlink: /home/blackjackdev/demos/ros2docker/pkg_one/install/pkg_one/share/pkg_one/local_setup.bash
-- Up-to-date symlink: /home/blackjackdev/demos/ros2docker/pkg_one/install/pkg_one/share/pkg_one/local_setup.sh
-- Up-to-date symlink: /home/blackjackdev/demos/ros2docker/pkg_one/install/pkg_one/share/pkg_one/local_setup.zsh
-- Up-to-date symlink: /home/blackjackdev/demos/ros2docker/pkg_one/install/pkg_one/share/ament_index/resource_index/packages/pkg_one
-- Symlinking: /home/blackjackdev/demos/ros2docker/pkg_one/install/pkg_one/share/pkg_one/cmake/rosidl_cmake-extras.cmake
-- Symlinking: /home/blackjackdev/demos/ros2docker/pkg_one/install/pkg_one/share/pkg_one/cmake/ament_cmake_export_include_directories-extras.cmake
-- Symlinking: /home/blackjackdev/demos/ros2docker/pkg_one/install/pkg_one/share/pkg_one/cmake/ament_cmake_export_libraries-extras.cmake
-- Up-to-date symlink: /home/blackjackdev/demos/ros2docker/pkg_one/install/pkg_one/share/pkg_one/cmake/pkg_oneConfig.cmake
-- Up-to-date symlink: /home/blackjackdev/demos/ros2docker/pkg_one/install/pkg_one/share/pkg_one/cmake/pkg_oneConfig-version.cmake
-- Up-to-date symlink: /home/blackjackdev/demos/ros2docker/pkg_one/install/pkg_one/share/pkg_one/package.xml
-- Installing: /home/blackjackdev/demos/ros2docker/pkg_one/install/pkg_one/lib/pkg_one/node_one
-- Set runtime path of "/home/blackjackdev/demos/ros2docker/pkg_one/install/pkg_one/lib/pkg_one/node_one" to ""
Compiling '/home/blackjackdev/demos/ros2docker/pkg_one/install/pkg_one/lib/python3.6/site-packages/pkg_one/__init__.py'...
Invoked command in '/home/blackjackdev/demos/ros2docker/pkg_one/build/pkg_one' returned '0': CMAKE_PREFIX_PATH=/opt/ros/dashing /usr/bin/cmake --build /home/blackjackdev/demos/ros2docker/pkg_one/build/pkg_one --target install
