-- The C compiler identification is GNU 7.4.0
-- The CXX compiler identification is GNU 7.4.0
-- Check for working C compiler: /usr/bin/cc
-- Check for working C compiler: /usr/bin/cc -- works
-- Detecting C compiler ABI info
-- Detecting C compiler ABI info - done
-- Detecting C compile features
-- Detecting C compile features - done
-- Check for working CXX compiler: /usr/bin/c++
-- Check for working CXX compiler: /usr/bin/c++ -- works
-- Detecting CXX compiler ABI info
-- Detecting CXX compiler ABI info - done
-- Detecting CXX compile features
-- Detecting CXX compile features - done
-- Found ament_cmake: 0.7.3 (/opt/ros/dashing/share/ament_cmake/cmake)
-- Found PythonInterp: /usr/bin/python3 (found suitable version "3.6.8", minimum required is "3") 
-- Using PYTHON_EXECUTABLE: /usr/bin/python3
-- Override CMake install command with custom implementation using symlinks instead of copying resources
-- Found std_msgs: 0.7.0 (/opt/ros/dashing/share/std_msgs/cmake)
-- Found rosidl_adapter: 0.7.5 (/opt/ros/dashing/share/rosidl_adapter/cmake)
-- Found rosidl_default_generators: 0.7.0 (/opt/ros/dashing/share/rosidl_default_generators/cmake)
-- Found OpenSSL: /usr/lib/x86_64-linux-gnu/libcrypto.so (found version "1.1.1") 
-- Found FastRTPS: /opt/ros/dashing/include  
-- Found ament_lint_auto: 0.7.8 (/opt/ros/dashing/share/ament_lint_auto/cmake)
-- Found PythonInterp: /usr/bin/python3 (found version "3.6.8") 
-- Using single matching rosidl_typesupport_c: rosidl_typesupport_fastrtps_c
-- Using single matching rosidl_typesupport_cpp: rosidl_typesupport_fastrtps_cpp
-- Found rmw_implementation_cmake: 0.7.2 (/opt/ros/dashing/share/rmw_implementation_cmake/cmake)
-- Found PythonInterp: /usr/bin/python3 (found suitable version "3.6.8", minimum required is "3.5") 
-- Found python_cmake_module: 0.7.7 (/opt/ros/dashing/share/python_cmake_module/cmake)
-- Found PythonLibs: /usr/lib/x86_64-linux-gnu/libpython3.6m.so (found suitable version "3.6.8", minimum required is "3.5") 
-- Using PYTHON_EXECUTABLE: /usr/bin/python3
-- Using PYTHON_INCLUDE_DIRS: /usr/include/python3.6m
-- Using PYTHON_LIBRARIES: /usr/lib/x86_64-linux-gnu/libpython3.6m.so
-- Found PythonExtra: .so  
-- Added test 'lint_cmake' to check CMake code style
-- Added test 'xmllint' to check XML markup files
-- Configuring done
-- Generating done
-- Build files have been written to: /home/blackjackdev/demos/ros2docker/ia_msgs/build/ros2sharedlib
[  2%] [34m[1mGenerating C code for ROS interfaces[0m
[35m[1mScanning dependencies of target ia_msgs__cpp[0m
[  4%] [34m[1mGenerating C++ code for ROS interfaces[0m
[  4%] Built target ia_msgs__cpp
[  6%] [34m[1mGenerating C++ type support for eProsima Fast-RTPS[0m
[  8%] [34m[1mGenerating C++ introspection for ROS interfaces[0m
[35m[1mScanning dependencies of target ia_msgs__rosidl_generator_c[0m
[ 11%] [32mBuilding C object CMakeFiles/ia_msgs__rosidl_generator_c.dir/rosidl_generator_c/ros2sharedlib/msg/simple_struct__functions.c.o[0m
[ 13%] [32mBuilding C object CMakeFiles/ia_msgs__rosidl_generator_c.dir/rosidl_generator_c/ros2sharedlib/msg/another_struct__functions.c.o[0m
[ 15%] [32mBuilding C object CMakeFiles/ia_msgs__rosidl_generator_c.dir/rosidl_generator_c/ros2sharedlib/msg/compiled_struct__functions.c.o[0m
[ 17%] [32m[1mLinking C shared library libia_msgs__rosidl_generator_c.so[0m
[35m[1mScanning dependencies of target ia_msgs__rosidl_typesupport_introspection_cpp[0m
[ 17%] Built target ia_msgs__rosidl_generator_c
[35m[1mScanning dependencies of target ia_msgs__rosidl_typesupport_fastrtps_cpp[0m
[ 20%] [32mBuilding CXX object CMakeFiles/ia_msgs__rosidl_typesupport_introspection_cpp.dir/rosidl_typesupport_introspection_cpp/ros2sharedlib/msg/simple_struct__type_support.cpp.o[0m
[ 22%] [32mBuilding CXX object CMakeFiles/ia_msgs__rosidl_typesupport_introspection_cpp.dir/rosidl_typesupport_introspection_cpp/ros2sharedlib/msg/another_struct__type_support.cpp.o[0m
[ 24%] [32mBuilding CXX object CMakeFiles/ia_msgs__rosidl_typesupport_introspection_cpp.dir/rosidl_typesupport_introspection_cpp/ros2sharedlib/msg/compiled_struct__type_support.cpp.o[0m
[ 26%] [32mBuilding CXX object CMakeFiles/ia_msgs__rosidl_typesupport_fastrtps_cpp.dir/rosidl_typesupport_fastrtps_cpp/ros2sharedlib/msg/dds_fastrtps/simple_struct__type_support.cpp.o[0m
[ 28%] [34m[1mGenerating C introspection for ROS interfaces[0m
[ 31%] [32mBuilding CXX object CMakeFiles/ia_msgs__rosidl_typesupport_fastrtps_cpp.dir/rosidl_typesupport_fastrtps_cpp/ros2sharedlib/msg/dds_fastrtps/another_struct__type_support.cpp.o[0m
[ 33%] [32m[1mLinking CXX shared library libia_msgs__rosidl_typesupport_introspection_cpp.so[0m
[ 35%] [32mBuilding CXX object CMakeFiles/ia_msgs__rosidl_typesupport_fastrtps_cpp.dir/rosidl_typesupport_fastrtps_cpp/ros2sharedlib/msg/dds_fastrtps/compiled_struct__type_support.cpp.o[0m
[ 35%] Built target ia_msgs__rosidl_typesupport_introspection_cpp
[35m[1mScanning dependencies of target ia_msgs__rosidl_typesupport_introspection_c[0m
[ 37%] [32mBuilding C object CMakeFiles/ia_msgs__rosidl_typesupport_introspection_c.dir/rosidl_typesupport_introspection_c/ros2sharedlib/msg/another_struct__type_support.c.o[0m
[ 40%] [32mBuilding C object CMakeFiles/ia_msgs__rosidl_typesupport_introspection_c.dir/rosidl_typesupport_introspection_c/ros2sharedlib/msg/simple_struct__type_support.c.o[0m
[ 42%] [32mBuilding C object CMakeFiles/ia_msgs__rosidl_typesupport_introspection_c.dir/rosidl_typesupport_introspection_c/ros2sharedlib/msg/compiled_struct__type_support.c.o[0m
[ 44%] [32m[1mLinking C shared library libia_msgs__rosidl_typesupport_introspection_c.so[0m
[ 46%] [32m[1mLinking CXX shared library libia_msgs__rosidl_typesupport_fastrtps_cpp.so[0m
[ 46%] Built target ia_msgs__rosidl_typesupport_introspection_c
[ 46%] Built target ia_msgs__rosidl_typesupport_fastrtps_cpp
[ 48%] [34m[1mGenerating C type support for eProsima Fast-RTPS[0m
[ 51%] [34m[1mGenerating C++ type support dispatch for ROS interfaces[0m
[35m[1mScanning dependencies of target ia_msgs__rosidl_typesupport_cpp[0m
[ 55%] [32mBuilding CXX object CMakeFiles/ia_msgs__rosidl_typesupport_cpp.dir/rosidl_typesupport_cpp/ros2sharedlib/msg/another_struct__type_support.cpp.o[0m
[ 55%] [32mBuilding CXX object CMakeFiles/ia_msgs__rosidl_typesupport_cpp.dir/rosidl_typesupport_cpp/ros2sharedlib/msg/simple_struct__type_support.cpp.o[0m
[ 57%] [32mBuilding CXX object CMakeFiles/ia_msgs__rosidl_typesupport_cpp.dir/rosidl_typesupport_cpp/ros2sharedlib/msg/compiled_struct__type_support.cpp.o[0m
[35m[1mScanning dependencies of target ia_msgs__rosidl_typesupport_fastrtps_c[0m
[ 60%] [32mBuilding CXX object CMakeFiles/ia_msgs__rosidl_typesupport_fastrtps_c.dir/rosidl_typesupport_fastrtps_c/ros2sharedlib/msg/simple_struct__type_support_c.cpp.o[0m
[ 62%] [32mBuilding CXX object CMakeFiles/ia_msgs__rosidl_typesupport_fastrtps_c.dir/rosidl_typesupport_fastrtps_c/ros2sharedlib/msg/another_struct__type_support_c.cpp.o[0m
[ 64%] [32mBuilding CXX object CMakeFiles/ia_msgs__rosidl_typesupport_fastrtps_c.dir/rosidl_typesupport_fastrtps_c/ros2sharedlib/msg/compiled_struct__type_support_c.cpp.o[0m
[ 66%] [32m[1mLinking CXX shared library libia_msgs__rosidl_typesupport_cpp.so[0m
[ 66%] Built target ia_msgs__rosidl_typesupport_cpp
[ 68%] [32m[1mLinking CXX shared library libia_msgs__rosidl_typesupport_fastrtps_c.so[0m
[ 68%] Built target ia_msgs__rosidl_typesupport_fastrtps_c
[ 71%] [34m[1mGenerating C type support dispatch for ROS interfaces[0m
[35m[1mScanning dependencies of target ia_msgs__rosidl_typesupport_c[0m
[ 73%] [32mBuilding CXX object CMakeFiles/ia_msgs__rosidl_typesupport_c.dir/rosidl_typesupport_c/ros2sharedlib/msg/another_struct__type_support.cpp.o[0m
[ 75%] [32mBuilding CXX object CMakeFiles/ia_msgs__rosidl_typesupport_c.dir/rosidl_typesupport_c/ros2sharedlib/msg/compiled_struct__type_support.cpp.o[0m
[ 77%] [32mBuilding CXX object CMakeFiles/ia_msgs__rosidl_typesupport_c.dir/rosidl_typesupport_c/ros2sharedlib/msg/simple_struct__type_support.cpp.o[0m
[ 80%] [32m[1mLinking CXX shared library libia_msgs__rosidl_typesupport_c.so[0m
[ 80%] Built target ia_msgs__rosidl_typesupport_c
[35m[1mScanning dependencies of target ia_msgs[0m
[ 80%] Built target ia_msgs
[35m[1mScanning dependencies of target ia_msgs__py[0m
[ 82%] [34m[1mGenerating Python code for ROS interfaces[0m
[ 82%] Built target ia_msgs__py
[35m[1mScanning dependencies of target ia_msgs__python[0m
[ 84%] [32mBuilding C object CMakeFiles/ia_msgs__python.dir/rosidl_generator_py/ros2sharedlib/msg/_another_struct_s.c.o[0m
[ 86%] [32mBuilding C object CMakeFiles/ia_msgs__python.dir/rosidl_generator_py/ros2sharedlib/msg/_simple_struct_s.c.o[0m
[ 88%] [32mBuilding C object CMakeFiles/ia_msgs__python.dir/rosidl_generator_py/ros2sharedlib/msg/_compiled_struct_s.c.o[0m
[ 91%] [32m[1mLinking C shared library rosidl_generator_py/ros2sharedlib/libia_msgs__python.so[0m
[ 91%] Built target ia_msgs__python
[35m[1mScanning dependencies of target ros2sharedlib__rosidl_typesupport_c__pyext[0m
[35m[1mScanning dependencies of target ros2sharedlib__rosidl_typesupport_fastrtps_c__pyext[0m
[ 93%] [32mBuilding C object CMakeFiles/ros2sharedlib__rosidl_typesupport_fastrtps_c__pyext.dir/rosidl_generator_py/ros2sharedlib/_ros2sharedlib_s.ep.rosidl_typesupport_fastrtps_c.c.o[0m
[ 95%] [32mBuilding C object CMakeFiles/ros2sharedlib__rosidl_typesupport_c__pyext.dir/rosidl_generator_py/ros2sharedlib/_ros2sharedlib_s.ep.rosidl_typesupport_c.c.o[0m
[ 97%] [32m[1mLinking C shared library rosidl_generator_py/ros2sharedlib/ros2sharedlib_s__rosidl_typesupport_fastrtps_c.cpython-36m-x86_64-linux-gnu.so[0m
[100%] [32m[1mLinking C shared library rosidl_generator_py/ros2sharedlib/ros2sharedlib_s__rosidl_typesupport_c.cpython-36m-x86_64-linux-gnu.so[0m
[100%] Built target ros2sharedlib__rosidl_typesupport_fastrtps_c__pyext
[100%] Built target ros2sharedlib__rosidl_typesupport_c__pyext
[ 11%] Built target ia_msgs__rosidl_generator_c
[ 22%] Built target ia_msgs__rosidl_typesupport_introspection_c
[ 24%] Built target ia_msgs__cpp
[ 35%] Built target ia_msgs__rosidl_typesupport_fastrtps_cpp
[ 46%] Built target ia_msgs__rosidl_typesupport_cpp
[ 57%] Built target ia_msgs__rosidl_typesupport_fastrtps_c
[ 68%] Built target ia_msgs__rosidl_typesupport_c
[ 80%] Built target ia_msgs__rosidl_typesupport_introspection_cpp
[ 80%] Built target ia_msgs
[ 82%] Built target ia_msgs__py
[ 91%] Built target ia_msgs__python
[ 95%] Built target ros2sharedlib__rosidl_typesupport_c__pyext
[100%] Built target ros2sharedlib__rosidl_typesupport_fastrtps_c__pyext
[36mInstall the project...[0m
-- Install configuration: ""
-- Execute custom install script
-- Symlinking: /home/blackjackdev/demos/ros2docker/ia_msgs/install/ros2sharedlib/share/ament_index/resource_index/rosidl_interfaces/ros2sharedlib
-- Symlinking: /home/blackjackdev/demos/ros2docker/ia_msgs/install/ros2sharedlib/include/ros2sharedlib/msg/another_struct.hpp
-- Symlinking: /home/blackjackdev/demos/ros2docker/ia_msgs/install/ros2sharedlib/include/ros2sharedlib/msg/another_struct__struct.hpp
-- Symlinking: /home/blackjackdev/demos/ros2docker/ia_msgs/install/ros2sharedlib/include/ros2sharedlib/msg/another_struct__traits.hpp
-- Symlinking: /home/blackjackdev/demos/ros2docker/ia_msgs/install/ros2sharedlib/include/ros2sharedlib/msg/compiled_struct.hpp
-- Symlinking: /home/blackjackdev/demos/ros2docker/ia_msgs/install/ros2sharedlib/include/ros2sharedlib/msg/compiled_struct__struct.hpp
-- Symlinking: /home/blackjackdev/demos/ros2docker/ia_msgs/install/ros2sharedlib/include/ros2sharedlib/msg/compiled_struct__traits.hpp
-- Symlinking: /home/blackjackdev/demos/ros2docker/ia_msgs/install/ros2sharedlib/include/ros2sharedlib/msg/simple_struct.hpp
-- Symlinking: /home/blackjackdev/demos/ros2docker/ia_msgs/install/ros2sharedlib/include/ros2sharedlib/msg/simple_struct__struct.hpp
-- Symlinking: /home/blackjackdev/demos/ros2docker/ia_msgs/install/ros2sharedlib/include/ros2sharedlib/msg/simple_struct__traits.hpp
-- Symlinking: /home/blackjackdev/demos/ros2docker/ia_msgs/install/ros2sharedlib/include/ros2sharedlib/msg/another_struct.h
-- Symlinking: /home/blackjackdev/demos/ros2docker/ia_msgs/install/ros2sharedlib/include/ros2sharedlib/msg/another_struct__functions.h
-- Symlinking: /home/blackjackdev/demos/ros2docker/ia_msgs/install/ros2sharedlib/include/ros2sharedlib/msg/another_struct__struct.h
-- Symlinking: /home/blackjackdev/demos/ros2docker/ia_msgs/install/ros2sharedlib/include/ros2sharedlib/msg/another_struct__type_support.h
-- Symlinking: /home/blackjackdev/demos/ros2docker/ia_msgs/install/ros2sharedlib/include/ros2sharedlib/msg/compiled_struct.h
-- Symlinking: /home/blackjackdev/demos/ros2docker/ia_msgs/install/ros2sharedlib/include/ros2sharedlib/msg/compiled_struct__functions.h
-- Symlinking: /home/blackjackdev/demos/ros2docker/ia_msgs/install/ros2sharedlib/include/ros2sharedlib/msg/compiled_struct__struct.h
-- Symlinking: /home/blackjackdev/demos/ros2docker/ia_msgs/install/ros2sharedlib/include/ros2sharedlib/msg/compiled_struct__type_support.h
-- Symlinking: /home/blackjackdev/demos/ros2docker/ia_msgs/install/ros2sharedlib/include/ros2sharedlib/msg/rosidl_generator_c__visibility_control.h
-- Symlinking: /home/blackjackdev/demos/ros2docker/ia_msgs/install/ros2sharedlib/include/ros2sharedlib/msg/simple_struct.h
-- Symlinking: /home/blackjackdev/demos/ros2docker/ia_msgs/install/ros2sharedlib/include/ros2sharedlib/msg/simple_struct__functions.h
-- Symlinking: /home/blackjackdev/demos/ros2docker/ia_msgs/install/ros2sharedlib/include/ros2sharedlib/msg/simple_struct__struct.h
-- Symlinking: /home/blackjackdev/demos/ros2docker/ia_msgs/install/ros2sharedlib/include/ros2sharedlib/msg/simple_struct__type_support.h
-- Symlinking: /home/blackjackdev/demos/ros2docker/ia_msgs/install/ros2sharedlib/share/ros2sharedlib/environment/library_path.sh
-- Symlinking: /home/blackjackdev/demos/ros2docker/ia_msgs/install/ros2sharedlib/lib/libia_msgs__rosidl_generator_c.so
-- Symlinking: /home/blackjackdev/demos/ros2docker/ia_msgs/install/ros2sharedlib/lib/libia_msgs__rosidl_typesupport_c.so
-- Symlinking: /home/blackjackdev/demos/ros2docker/ia_msgs/install/ros2sharedlib/lib/libia_msgs__rosidl_typesupport_cpp.so
-- Symlinking: /home/blackjackdev/demos/ros2docker/ia_msgs/install/ros2sharedlib/include/ros2sharedlib/msg/another_struct__rosidl_typesupport_introspection_c.h
-- Symlinking: /home/blackjackdev/demos/ros2docker/ia_msgs/install/ros2sharedlib/include/ros2sharedlib/msg/compiled_struct__rosidl_typesupport_introspection_c.h
-- Symlinking: /home/blackjackdev/demos/ros2docker/ia_msgs/install/ros2sharedlib/include/ros2sharedlib/msg/rosidl_typesupport_introspection_c__visibility_control.h
-- Symlinking: /home/blackjackdev/demos/ros2docker/ia_msgs/install/ros2sharedlib/include/ros2sharedlib/msg/simple_struct__rosidl_typesupport_introspection_c.h
-- Symlinking: /home/blackjackdev/demos/ros2docker/ia_msgs/install/ros2sharedlib/lib/libia_msgs__rosidl_typesupport_introspection_c.so
-- Symlinking: /home/blackjackdev/demos/ros2docker/ia_msgs/install/ros2sharedlib/include/ros2sharedlib/msg/another_struct__rosidl_typesupport_introspection_cpp.hpp
-- Symlinking: /home/blackjackdev/demos/ros2docker/ia_msgs/install/ros2sharedlib/include/ros2sharedlib/msg/compiled_struct__rosidl_typesupport_introspection_cpp.hpp
-- Symlinking: /home/blackjackdev/demos/ros2docker/ia_msgs/install/ros2sharedlib/include/ros2sharedlib/msg/simple_struct__rosidl_typesupport_introspection_cpp.hpp
-- Symlinking: /home/blackjackdev/demos/ros2docker/ia_msgs/install/ros2sharedlib/lib/libia_msgs__rosidl_typesupport_introspection_cpp.so
-- Symlinking: /home/blackjackdev/demos/ros2docker/ia_msgs/install/ros2sharedlib/include/ros2sharedlib/msg/another_struct__rosidl_typesupport_fastrtps_c.h
-- Symlinking: /home/blackjackdev/demos/ros2docker/ia_msgs/install/ros2sharedlib/include/ros2sharedlib/msg/compiled_struct__rosidl_typesupport_fastrtps_c.h
-- Symlinking: /home/blackjackdev/demos/ros2docker/ia_msgs/install/ros2sharedlib/include/ros2sharedlib/msg/rosidl_typesupport_fastrtps_c__visibility_control.h
-- Symlinking: /home/blackjackdev/demos/ros2docker/ia_msgs/install/ros2sharedlib/include/ros2sharedlib/msg/simple_struct__rosidl_typesupport_fastrtps_c.h
-- Symlinking: /home/blackjackdev/demos/ros2docker/ia_msgs/install/ros2sharedlib/lib/libia_msgs__rosidl_typesupport_fastrtps_c.so
-- Symlinking: /home/blackjackdev/demos/ros2docker/ia_msgs/install/ros2sharedlib/include/ros2sharedlib/msg/another_struct__rosidl_typesupport_fastrtps_cpp.hpp
-- Symlinking: /home/blackjackdev/demos/ros2docker/ia_msgs/install/ros2sharedlib/include/ros2sharedlib/msg/compiled_struct__rosidl_typesupport_fastrtps_cpp.hpp
-- Symlinking: /home/blackjackdev/demos/ros2docker/ia_msgs/install/ros2sharedlib/include/ros2sharedlib/msg/rosidl_typesupport_fastrtps_cpp__visibility_control.h
-- Symlinking: /home/blackjackdev/demos/ros2docker/ia_msgs/install/ros2sharedlib/include/ros2sharedlib/msg/simple_struct__rosidl_typesupport_fastrtps_cpp.hpp
-- Symlinking: /home/blackjackdev/demos/ros2docker/ia_msgs/install/ros2sharedlib/lib/libia_msgs__rosidl_typesupport_fastrtps_cpp.so
-- Symlinking: /home/blackjackdev/demos/ros2docker/ia_msgs/install/ros2sharedlib/share/ros2sharedlib/environment/pythonpath.sh
-- Symlinking: /home/blackjackdev/demos/ros2docker/ia_msgs/install/ros2sharedlib/lib/python3.6/site-packages/ros2sharedlib/__init__.py
-- Symlinking: /home/blackjackdev/demos/ros2docker/ia_msgs/install/ros2sharedlib/lib/python3.6/site-packages/ros2sharedlib/msg/__init__.py
-- Symlinking: /home/blackjackdev/demos/ros2docker/ia_msgs/install/ros2sharedlib/lib/python3.6/site-packages/ros2sharedlib/msg/_another_struct.py
-- Symlinking: /home/blackjackdev/demos/ros2docker/ia_msgs/install/ros2sharedlib/lib/python3.6/site-packages/ros2sharedlib/msg/_compiled_struct.py
-- Symlinking: /home/blackjackdev/demos/ros2docker/ia_msgs/install/ros2sharedlib/lib/python3.6/site-packages/ros2sharedlib/msg/_simple_struct.py
-- Symlinking: /home/blackjackdev/demos/ros2docker/ia_msgs/install/ros2sharedlib/lib/python3.6/site-packages/ros2sharedlib/ros2sharedlib_s__rosidl_typesupport_c.cpython-36m-x86_64-linux-gnu.so
-- Symlinking: /home/blackjackdev/demos/ros2docker/ia_msgs/install/ros2sharedlib/lib/python3.6/site-packages/ros2sharedlib/ros2sharedlib_s__rosidl_typesupport_fastrtps_c.cpython-36m-x86_64-linux-gnu.so
-- Symlinking: /home/blackjackdev/demos/ros2docker/ia_msgs/install/ros2sharedlib/lib/libia_msgs__python.so
-- Symlinking: /home/blackjackdev/demos/ros2docker/ia_msgs/install/ros2sharedlib/share/ros2sharedlib/msg/SimpleStruct.idl
-- Symlinking: /home/blackjackdev/demos/ros2docker/ia_msgs/install/ros2sharedlib/share/ros2sharedlib/msg/AnotherStruct.idl
-- Symlinking: /home/blackjackdev/demos/ros2docker/ia_msgs/install/ros2sharedlib/share/ros2sharedlib/msg/CompiledStruct.idl
-- Symlinking: /home/blackjackdev/demos/ros2docker/ia_msgs/install/ros2sharedlib/share/ros2sharedlib/msg/SimpleStruct.msg
-- Symlinking: /home/blackjackdev/demos/ros2docker/ia_msgs/install/ros2sharedlib/share/ros2sharedlib/msg/AnotherStruct.msg
-- Symlinking: /home/blackjackdev/demos/ros2docker/ia_msgs/install/ros2sharedlib/share/ros2sharedlib/msg/CompiledStruct.msg
-- Symlinking: /home/blackjackdev/demos/ros2docker/ia_msgs/install/ros2sharedlib/share/ament_index/resource_index/package_run_dependencies/ros2sharedlib
-- Symlinking: /home/blackjackdev/demos/ros2docker/ia_msgs/install/ros2sharedlib/share/ament_index/resource_index/parent_prefix_path/ros2sharedlib
-- Symlinking: /home/blackjackdev/demos/ros2docker/ia_msgs/install/ros2sharedlib/share/ros2sharedlib/environment/ament_prefix_path.sh
-- Symlinking: /home/blackjackdev/demos/ros2docker/ia_msgs/install/ros2sharedlib/share/ros2sharedlib/environment/path.sh
-- Symlinking: /home/blackjackdev/demos/ros2docker/ia_msgs/install/ros2sharedlib/share/ros2sharedlib/local_setup.bash
-- Symlinking: /home/blackjackdev/demos/ros2docker/ia_msgs/install/ros2sharedlib/share/ros2sharedlib/local_setup.sh
-- Symlinking: /home/blackjackdev/demos/ros2docker/ia_msgs/install/ros2sharedlib/share/ros2sharedlib/local_setup.zsh
-- Symlinking: /home/blackjackdev/demos/ros2docker/ia_msgs/install/ros2sharedlib/share/ament_index/resource_index/packages/ros2sharedlib
-- Symlinking: /home/blackjackdev/demos/ros2docker/ia_msgs/install/ros2sharedlib/share/ros2sharedlib/cmake/rosidl_cmake-extras.cmake
-- Symlinking: /home/blackjackdev/demos/ros2docker/ia_msgs/install/ros2sharedlib/share/ros2sharedlib/cmake/ament_cmake_export_dependencies-extras.cmake
-- Symlinking: /home/blackjackdev/demos/ros2docker/ia_msgs/install/ros2sharedlib/share/ros2sharedlib/cmake/ament_cmake_export_include_directories-extras.cmake
-- Symlinking: /home/blackjackdev/demos/ros2docker/ia_msgs/install/ros2sharedlib/share/ros2sharedlib/cmake/ament_cmake_export_libraries-extras.cmake
-- Symlinking: /home/blackjackdev/demos/ros2docker/ia_msgs/install/ros2sharedlib/share/ros2sharedlib/cmake/ros2sharedlibConfig.cmake
-- Symlinking: /home/blackjackdev/demos/ros2docker/ia_msgs/install/ros2sharedlib/share/ros2sharedlib/cmake/ros2sharedlibConfig-version.cmake
-- Symlinking: /home/blackjackdev/demos/ros2docker/ia_msgs/install/ros2sharedlib/share/ros2sharedlib/package.xml
Compiling '/home/blackjackdev/demos/ros2docker/ia_msgs/install/ros2sharedlib/lib/python3.6/site-packages/ros2sharedlib/__init__.py'...
