[35m[1mScanning dependencies of target node_alpha[0m
[ 50%] [32mBuilding CXX object CMakeFiles/node_alpha.dir/src/node_alpha.cpp.o[0m
In file included from [01m[K/opt/ros/dashing/include/rclcpp/client.hpp:39:0[m[K,
                 from [01m[K/opt/ros/dashing/include/rclcpp/callback_group.hpp:23[m[K,
                 from [01m[K/opt/ros/dashing/include/rclcpp/any_executable.hpp:20[m[K,
                 from [01m[K/opt/ros/dashing/include/rclcpp/memory_strategy.hpp:24[m[K,
                 from [01m[K/opt/ros/dashing/include/rclcpp/memory_strategies.hpp:18[m[K,
                 from [01m[K/opt/ros/dashing/include/rclcpp/executor.hpp:32[m[K,
                 from [01m[K/opt/ros/dashing/include/rclcpp/executors/multi_threaded_executor.hpp:24[m[K,
                 from [01m[K/opt/ros/dashing/include/rclcpp/executors.hpp:21[m[K,
                 from [01m[K/opt/ros/dashing/include/rclcpp/rclcpp.hpp:144[m[K,
                 from [01m[K/home/blackjackdev/demos/ros2docker/pkg_alpha/src/pkg_alpha/src/node_alpha.cpp:4[m[K:
[01m[K/home/blackjackdev/demos/ros2docker/pkg_alpha/src/pkg_alpha/src/node_alpha.cpp:[m[K In member function ‘[01m[Kvoid NodeAlpha::topic_callback(std_msgs::msg::UInt32_<std::allocator<void> >::SharedPtr) const[m[K’:
[01m[K/home/blackjackdev/demos/ros2docker/pkg_alpha/src/pkg_alpha/src/node_alpha.cpp:28:71:[m[K [01;31m[Kerror: [m[Krequest for member ‘[01m[Kc_str[m[K’ in ‘[01m[K((const std::__shared_ptr_access<std_msgs::msg::UInt32_<std::allocator<void> >, (__gnu_cxx::_Lock_policy)2, false, false>*)(& msg))->std::__shared_ptr_access<std_msgs::msg::UInt32_<std::allocator<void> >, (__gnu_cxx::_Lock_policy)2, false, false>::operator->()->std_msgs::msg::UInt32_<std::allocator<void> >::data[m[K’, which is of non-class type ‘[01m[Kstd_msgs::msg::UInt32_<std::allocator<void> >::_data_type {aka unsigned int}[m[K’
     RCLCPP_INFO(this->get_logger(), "RX Sensor Data: '%s'", msg->data.[01;31m[Kc[m[K_str());
                                                                       [01;31m[K^[m[K
[01m[K/opt/ros/dashing/include/rcutils/logging_macros.h:72:64:[m[K [01;36m[Knote: [m[Kin definition of macro ‘[01m[KRCUTILS_LOG_COND_NAMED[m[K’
       rcutils_log(&__rcutils_logging_location, severity, name, [01;36m[K__VA_ARGS__[m[K); \
                                                                [01;36m[K^~~~~~~~~~~[m[K
[01m[K/opt/ros/dashing/include/rclcpp/logging.hpp:218:5:[m[K [01;36m[Knote: [m[Kin expansion of macro ‘[01m[KRCUTILS_LOG_INFO_NAMED[m[K’
     [01;36m[KRCUTILS_LOG_INFO_NAMED[m[K( \
     [01;36m[K^~~~~~~~~~~~~~~~~~~~~~[m[K
[01m[K/opt/ros/dashing/include/rclcpp/logging.hpp:221:9:[m[K [01;36m[Knote: [m[Kin expansion of macro ‘[01m[KRCLCPP_ALL_BUT_FIRST_ARGS[m[K’
         [01;36m[KRCLCPP_ALL_BUT_FIRST_ARGS[m[K(__VA_ARGS__,"")); \
         [01;36m[K^~~~~~~~~~~~~~~~~~~~~~~~~[m[K
[01m[K/home/blackjackdev/demos/ros2docker/pkg_alpha/src/pkg_alpha/src/node_alpha.cpp:28:5:[m[K [01;36m[Knote: [m[Kin expansion of macro ‘[01m[KRCLCPP_INFO[m[K’
     [01;36m[KRCLCPP_INFO[m[K(this->get_logger(), "RX Sensor Data: '%s'", msg->data.c_str());
     [01;36m[K^~~~~~~~~~~[m[K
[01m[K/home/blackjackdev/demos/ros2docker/pkg_alpha/src/pkg_alpha/src/node_alpha.cpp:32:74:[m[K [01;31m[Kerror: [m[Krequest for member ‘[01m[Kc_str[m[K’ in ‘[01m[Kmessage.std_msgs::msg::UInt32_<std::allocator<void> >::data[m[K’, which is of non-class type ‘[01m[Kstd_msgs::msg::UInt32_<std::allocator<void> >::_data_type {aka unsigned int}[m[K’
     RCLCPP_INFO(this->get_logger(), "TX Result Data: '%s'", message.data.[01;31m[Kc[m[K_str());
                                                                          [01;31m[K^[m[K
[01m[K/opt/ros/dashing/include/rcutils/logging_macros.h:72:64:[m[K [01;36m[Knote: [m[Kin definition of macro ‘[01m[KRCUTILS_LOG_COND_NAMED[m[K’
       rcutils_log(&__rcutils_logging_location, severity, name, [01;36m[K__VA_ARGS__[m[K); \
                                                                [01;36m[K^~~~~~~~~~~[m[K
[01m[K/opt/ros/dashing/include/rclcpp/logging.hpp:218:5:[m[K [01;36m[Knote: [m[Kin expansion of macro ‘[01m[KRCUTILS_LOG_INFO_NAMED[m[K’
     [01;36m[KRCUTILS_LOG_INFO_NAMED[m[K( \
     [01;36m[K^~~~~~~~~~~~~~~~~~~~~~[m[K
[01m[K/opt/ros/dashing/include/rclcpp/logging.hpp:221:9:[m[K [01;36m[Knote: [m[Kin expansion of macro ‘[01m[KRCLCPP_ALL_BUT_FIRST_ARGS[m[K’
         [01;36m[KRCLCPP_ALL_BUT_FIRST_ARGS[m[K(__VA_ARGS__,"")); \
         [01;36m[K^~~~~~~~~~~~~~~~~~~~~~~~~[m[K
[01m[K/home/blackjackdev/demos/ros2docker/pkg_alpha/src/pkg_alpha/src/node_alpha.cpp:32:5:[m[K [01;36m[Knote: [m[Kin expansion of macro ‘[01m[KRCLCPP_INFO[m[K’
     [01;36m[KRCLCPP_INFO[m[K(this->get_logger(), "TX Result Data: '%s'", message.data.c_str());
     [01;36m[K^~~~~~~~~~~[m[K
CMakeFiles/node_alpha.dir/build.make:62: recipe for target 'CMakeFiles/node_alpha.dir/src/node_alpha.cpp.o' failed
make[2]: *** [CMakeFiles/node_alpha.dir/src/node_alpha.cpp.o] Error 1
CMakeFiles/Makefile2:99: recipe for target 'CMakeFiles/node_alpha.dir/all' failed
make[1]: *** [CMakeFiles/node_alpha.dir/all] Error 2
Makefile:140: recipe for target 'all' failed
make: *** [all] Error 2
