[35m[1mScanning dependencies of target node_one[0m
[ 50%] [32mBuilding CXX object CMakeFiles/node_one.dir/src/node_one.cpp.o[0m
[100%] [32m[1mLinking CXX executable node_one[0m
[100%] Built target node_one
[100%] Built target node_one
[36mInstall the project...[0m
-- Install configuration: ""
-- Execute custom install script
-- Up-to-date symlink: /home/blackjackdev/demos/ros2docker/pkg_one/install/pkg_one/share/ament_index/resource_index/package_run_dependencies/pkg_one
-- Up-to-date symlink: /home/blackjackdev/demos/ros2docker/pkg_one/install/pkg_one/share/ament_index/resource_index/parent_prefix_path/pkg_one
-- Up-to-date symlink: /home/blackjackdev/demos/ros2docker/pkg_one/install/pkg_one/share/pkg_one/environment/ament_prefix_path.sh
-- Up-to-date symlink: /home/blackjackdev/demos/ros2docker/pkg_one/install/pkg_one/share/pkg_one/environment/path.sh
-- Up-to-date symlink: /home/blackjackdev/demos/ros2docker/pkg_one/install/pkg_one/share/pkg_one/local_setup.bash
-- Up-to-date symlink: /home/blackjackdev/demos/ros2docker/pkg_one/install/pkg_one/share/pkg_one/local_setup.sh
-- Up-to-date symlink: /home/blackjackdev/demos/ros2docker/pkg_one/install/pkg_one/share/pkg_one/local_setup.zsh
-- Up-to-date symlink: /home/blackjackdev/demos/ros2docker/pkg_one/install/pkg_one/share/ament_index/resource_index/packages/pkg_one
-- Up-to-date symlink: /home/blackjackdev/demos/ros2docker/pkg_one/install/pkg_one/share/pkg_one/cmake/pkg_oneConfig.cmake
-- Up-to-date symlink: /home/blackjackdev/demos/ros2docker/pkg_one/install/pkg_one/share/pkg_one/cmake/pkg_oneConfig-version.cmake
-- Up-to-date symlink: /home/blackjackdev/demos/ros2docker/pkg_one/install/pkg_one/share/pkg_one/package.xml
-- Installing: /home/blackjackdev/demos/ros2docker/pkg_one/install/pkg_one/lib/pkg_one/node_one
-- Set runtime path of "/home/blackjackdev/demos/ros2docker/pkg_one/install/pkg_one/lib/pkg_one/node_one" to ""
