[35m[1mScanning dependencies of target node_alpha[0m
[ 50%] [32mBuilding CXX object CMakeFiles/node_alpha.dir/src/node_alpha.cpp.o[0m
[01m[K/home/blackjackdev/demos/ros2docker/pkg_alpha/src/pkg_alpha/src/node_alpha.cpp:[m[K In member function ‘[01m[Kvoid NodeAlpha::topic_callback(uint32_t) const[m[K’:
[01m[K/home/blackjackdev/demos/ros2docker/pkg_alpha/src/pkg_alpha/src/node_alpha.cpp:29:41:[m[K [01;31m[Kerror: [m[Kassignment of member ‘[01m[KNodeAlpha::m_resultData[m[K’ in read-only object
     m_resultData = (m_resultData + 1) * [01;31m[K2[m[K;
                                         [01;31m[K^[m[K
In file included from [01m[K/opt/ros/dashing/include/rclcpp/node_interfaces/node_topics_interface.hpp:29:0[m[K,
                 from [01m[K/opt/ros/dashing/include/rclcpp/node.hpp:53[m[K,
                 from [01m[K/opt/ros/dashing/include/rclcpp/executors/single_threaded_executor.hpp:28[m[K,
                 from [01m[K/opt/ros/dashing/include/rclcpp/executors.hpp:22[m[K,
                 from [01m[K/opt/ros/dashing/include/rclcpp/rclcpp.hpp:144[m[K,
                 from [01m[K/home/blackjackdev/demos/ros2docker/pkg_alpha/src/pkg_alpha/src/node_alpha.cpp:4[m[K:
/opt/ros/dashing/include/rclcpp/subscription_factory.hpp: In instantiation of ‘[01m[Krclcpp::SubscriptionFactory rclcpp::create_subscription_factory(CallbackT&&, const rclcpp::SubscriptionEventCallbacks&, typename rclcpp::message_memory_strategy::MessageMemoryStrategy<CallbackMessageT, Alloc>::SharedPtr, std::shared_ptr<PublisherT>) [with MessageT = unsigned int; CallbackT = std::_Bind<void (NodeAlpha::*(NodeAlpha*, std::_Placeholder<1>))(unsigned int) const>; Alloc = std::allocator<void>; CallbackMessageT = unsigned int; SubscriptionT = rclcpp::Subscription<unsigned int>; typename rclcpp::message_memory_strategy::MessageMemoryStrategy<CallbackMessageT, Alloc>::SharedPtr = std::shared_ptr<rclcpp::message_memory_strategy::MessageMemoryStrategy<unsigned int, std::allocator<void> > >][m[K’:
[01m[K/opt/ros/dashing/include/rclcpp/create_subscription.hpp:115:71:[m[K   required from ‘[01m[Kstd::shared_ptr<SubscriptionT> rclcpp::create_subscription(NodeT&&, const string&, const rclcpp::QoS&, CallbackT&&, const rclcpp::SubscriptionOptionsWithAllocator<AllocatorT>&, typename rclcpp::message_memory_strategy::MessageMemoryStrategy<CallbackMessageT, Alloc>::SharedPtr) [with MessageT = unsigned int; CallbackT = std::_Bind<void (NodeAlpha::*(NodeAlpha*, std::_Placeholder<1>))(unsigned int) const>; AllocatorT = std::allocator<void>; CallbackMessageT = unsigned int; SubscriptionT = rclcpp::Subscription<unsigned int>; NodeT = rclcpp::Node&; std::__cxx11::string = std::__cxx11::basic_string<char>; typename rclcpp::message_memory_strategy::MessageMemoryStrategy<CallbackMessageT, Alloc>::SharedPtr = std::shared_ptr<rclcpp::message_memory_strategy::MessageMemoryStrategy<unsigned int, std::allocator<void> > >][m[K’
[01m[K/opt/ros/dashing/include/rclcpp/node_impl.hpp:124:47:[m[K   required from ‘[01m[Kstd::shared_ptr<SubscriptionT> rclcpp::Node::create_subscription(const string&, const rclcpp::QoS&, CallbackT&&, const rclcpp::SubscriptionOptionsWithAllocator<AllocatorT>&, typename rclcpp::message_memory_strategy::MessageMemoryStrategy<typename rclcpp::subscription_traits::has_message_type<CallbackT>::type, AllocatorT>::SharedPtr) [with MessageT = unsigned int; CallbackT = std::_Bind<void (NodeAlpha::*(NodeAlpha*, std::_Placeholder<1>))(unsigned int) const>; AllocatorT = std::allocator<void>; SubscriptionT = rclcpp::Subscription<unsigned int>; std::__cxx11::string = std::__cxx11::basic_string<char>; typename rclcpp::message_memory_strategy::MessageMemoryStrategy<typename rclcpp::subscription_traits::has_message_type<CallbackT>::type, AllocatorT>::SharedPtr = std::shared_ptr<rclcpp::message_memory_strategy::MessageMemoryStrategy<unsigned int, std::allocator<void> > >][m[K’
[01m[K/home/blackjackdev/demos/ros2docker/pkg_alpha/src/pkg_alpha/src/node_alpha.cpp:18:68:[m[K   required from here
[01m[K/opt/ros/dashing/include/rclcpp/subscription_factory.hpp:88:3:[m[K [01;31m[Kerror: [m[Kno matching function for call to ‘[01m[Krclcpp::AnySubscriptionCallback<unsigned int, std::allocator<void> >::set(std::_Bind<void (NodeAlpha::*(NodeAlpha*, std::_Placeholder<1>))(unsigned int) const>)[m[K’
   [01;31m[Kany_subscription_callback[m[K.set(std::forward<CallbackT>(callback));
   [01;31m[K^~~~~~~~~~~~~~~~~~~~~~~~~[m[K
In file included from [01m[K/opt/ros/dashing/include/rclcpp/subscription_base.hpp:28:0[m[K,
                 from [01m[K/opt/ros/dashing/include/rclcpp/intra_process_manager_impl.hpp:38[m[K,
                 from [01m[K/opt/ros/dashing/include/rclcpp/intra_process_manager.hpp:32[m[K,
                 from [01m[K/opt/ros/dashing/include/rclcpp/publisher.hpp:35[m[K,
                 from [01m[K/opt/ros/dashing/include/rclcpp/callback_group.hpp:24[m[K,
                 from [01m[K/opt/ros/dashing/include/rclcpp/any_executable.hpp:20[m[K,
                 from [01m[K/opt/ros/dashing/include/rclcpp/memory_strategy.hpp:24[m[K,
                 from [01m[K/opt/ros/dashing/include/rclcpp/memory_strategies.hpp:18[m[K,
                 from [01m[K/opt/ros/dashing/include/rclcpp/executor.hpp:32[m[K,
                 from [01m[K/opt/ros/dashing/include/rclcpp/executors/multi_threaded_executor.hpp:24[m[K,
                 from [01m[K/opt/ros/dashing/include/rclcpp/executors.hpp:21[m[K,
                 from [01m[K/opt/ros/dashing/include/rclcpp/rclcpp.hpp:144[m[K,
                 from [01m[K/home/blackjackdev/demos/ros2docker/pkg_alpha/src/pkg_alpha/src/node_alpha.cpp:4[m[K:
[01m[K/opt/ros/dashing/include/rclcpp/any_subscription_callback.hpp:80:8:[m[K [01;36m[Knote: [m[Kcandidate: template<class CallbackT, typename std::enable_if<rclcpp::function_traits::same_arguments<CallbackT, std::function<void(std::shared_ptr<unsigned int>)> >::value, void>::type* <anonymous> > void rclcpp::AnySubscriptionCallback<MessageT, Alloc>::set(CallbackT) [with CallbackT = CallbackT; typename std::enable_if<rclcpp::function_traits::same_arguments<CallbackT, std::function<void(std::shared_ptr<_Tp>)> >::value>::type* <anonymous> = <enumerator>; MessageT = unsigned int; Alloc = std::allocator<void>]
   void [01;36m[Kset[m[K(CallbackT callback)
        [01;36m[K^~~[m[K
[01m[K/opt/ros/dashing/include/rclcpp/any_subscription_callback.hpp:80:8:[m[K [01;36m[Knote: [m[K  template argument deduction/substitution failed:
[01m[K/opt/ros/dashing/include/rclcpp/any_subscription_callback.hpp:78:17:[m[K [01;31m[Kerror: [m[Kno type named ‘[01m[Ktype[m[K’ in ‘[01m[Kstruct std::enable_if<false, void>[m[K’
     >::type * = [01;31m[Knullptr[m[K
                 [01;31m[K^~~~~~~[m[K
[01m[K/opt/ros/dashing/include/rclcpp/any_subscription_callback.hpp:78:17:[m[K [01;36m[Knote: [m[Kinvalid template non-type parameter
[01m[K/opt/ros/dashing/include/rclcpp/any_subscription_callback.hpp:94:8:[m[K [01;36m[Knote: [m[Kcandidate: template<class CallbackT, typename std::enable_if<rclcpp::function_traits::same_arguments<CallbackT, std::function<void(std::shared_ptr<unsigned int>, const rmw_message_info_t&)> >::value, void>::type* <anonymous> > void rclcpp::AnySubscriptionCallback<MessageT, Alloc>::set(CallbackT) [with CallbackT = CallbackT; typename std::enable_if<rclcpp::function_traits::same_arguments<CallbackT, std::function<void(std::shared_ptr<_Tp>, const rmw_message_info_t&)> >::value>::type* <anonymous> = <enumerator>; MessageT = unsigned int; Alloc = std::allocator<void>]
   void [01;36m[Kset[m[K(CallbackT callback)
        [01;36m[K^~~[m[K
[01m[K/opt/ros/dashing/include/rclcpp/any_subscription_callback.hpp:94:8:[m[K [01;36m[Knote: [m[K  template argument deduction/substitution failed:
[01m[K/opt/ros/dashing/include/rclcpp/any_subscription_callback.hpp:92:17:[m[K [01;31m[Kerror: [m[Kno type named ‘[01m[Ktype[m[K’ in ‘[01m[Kstruct std::enable_if<false, void>[m[K’
     >::type * = [01;31m[Knullptr[m[K
                 [01;31m[K^~~~~~~[m[K
[01m[K/opt/ros/dashing/include/rclcpp/any_subscription_callback.hpp:92:17:[m[K [01;36m[Knote: [m[Kinvalid template non-type parameter
[01m[K/opt/ros/dashing/include/rclcpp/any_subscription_callback.hpp:108:8:[m[K [01;36m[Knote: [m[Kcandidate: template<class CallbackT, typename std::enable_if<rclcpp::function_traits::same_arguments<CallbackT, std::function<void(std::shared_ptr<const unsigned int>)> >::value, void>::type* <anonymous> > void rclcpp::AnySubscriptionCallback<MessageT, Alloc>::set(CallbackT) [with CallbackT = CallbackT; typename std::enable_if<rclcpp::function_traits::same_arguments<CallbackT, std::function<void(std::shared_ptr<const _Tp>)> >::value>::type* <anonymous> = <enumerator>; MessageT = unsigned int; Alloc = std::allocator<void>]
   void [01;36m[Kset[m[K(CallbackT callback)
        [01;36m[K^~~[m[K
[01m[K/opt/ros/dashing/include/rclcpp/any_subscription_callback.hpp:108:8:[m[K [01;36m[Knote: [m[K  template argument deduction/substitution failed:
[01m[K/opt/ros/dashing/include/rclcpp/any_subscription_callback.hpp:106:17:[m[K [01;31m[Kerror: [m[Kno type named ‘[01m[Ktype[m[K’ in ‘[01m[Kstruct std::enable_if<false, void>[m[K’
     >::type * = [01;31m[Knullptr[m[K
                 [01;31m[K^~~~~~~[m[K
[01m[K/opt/ros/dashing/include/rclcpp/any_subscription_callback.hpp:106:17:[m[K [01;36m[Knote: [m[Kinvalid template non-type parameter
[01m[K/opt/ros/dashing/include/rclcpp/any_subscription_callback.hpp:122:8:[m[K [01;36m[Knote: [m[Kcandidate: template<class CallbackT, typename std::enable_if<rclcpp::function_traits::same_arguments<CallbackT, std::function<void(std::shared_ptr<const unsigned int>, const rmw_message_info_t&)> >::value, void>::type* <anonymous> > void rclcpp::AnySubscriptionCallback<MessageT, Alloc>::set(CallbackT) [with CallbackT = CallbackT; typename std::enable_if<rclcpp::function_traits::same_arguments<CallbackT, std::function<void(std::shared_ptr<const _Tp>, const rmw_message_info_t&)> >::value>::type* <anonymous> = <enumerator>; MessageT = unsigned int; Alloc = std::allocator<void>]
   void [01;36m[Kset[m[K(CallbackT callback)
        [01;36m[K^~~[m[K
[01m[K/opt/ros/dashing/include/rclcpp/any_subscription_callback.hpp:122:8:[m[K [01;36m[Knote: [m[K  template argument deduction/substitution failed:
[01m[K/opt/ros/dashing/include/rclcpp/any_subscription_callback.hpp:120:17:[m[K [01;31m[Kerror: [m[Kno type named ‘[01m[Ktype[m[K’ in ‘[01m[Kstruct std::enable_if<false, void>[m[K’
     >::type * = [01;31m[Knullptr[m[K
                 [01;31m[K^~~~~~~[m[K
[01m[K/opt/ros/dashing/include/rclcpp/any_subscription_callback.hpp:120:17:[m[K [01;36m[Knote: [m[Kinvalid template non-type parameter
[01m[K/opt/ros/dashing/include/rclcpp/any_subscription_callback.hpp:136:8:[m[K [01;36m[Knote: [m[Kcandidate: template<class CallbackT, typename std::enable_if<rclcpp::function_traits::same_arguments<CallbackT, std::function<void(std::unique_ptr<unsigned int, std::default_delete<unsigned int> >)> >::value, void>::type* <anonymous> > void rclcpp::AnySubscriptionCallback<MessageT, Alloc>::set(CallbackT) [with CallbackT = CallbackT; typename std::enable_if<rclcpp::function_traits::same_arguments<CallbackT, std::function<void(std::unique_ptr<T, typename std::conditional<std::is_same<typename std::allocator_traits<typename std::allocator_traits<_Alloc>::rebind_traits<T>::allocator_type>::rebind_alloc<T>, typename std::allocator<void>::rebind<_Tp1>::other>::value, std::default_delete<_Tp>, rclcpp::allocator::AllocatorDeleter<typename std::allocator_traits<_Alloc>::rebind_traits<T>::allocator_type> >::type>)> >::value>::type* <anonymous> = <enumerator>; MessageT = unsigned int; Alloc = std::allocator<void>]
   void [01;36m[Kset[m[K(CallbackT callback)
        [01;36m[K^~~[m[K
[01m[K/opt/ros/dashing/include/rclcpp/any_subscription_callback.hpp:136:8:[m[K [01;36m[Knote: [m[K  template argument deduction/substitution failed:
[01m[K/opt/ros/dashing/include/rclcpp/any_subscription_callback.hpp:134:17:[m[K [01;31m[Kerror: [m[Kno type named ‘[01m[Ktype[m[K’ in ‘[01m[Kstruct std::enable_if<false, void>[m[K’
     >::type * = [01;31m[Knullptr[m[K
                 [01;31m[K^~~~~~~[m[K
[01m[K/opt/ros/dashing/include/rclcpp/any_subscription_callback.hpp:134:17:[m[K [01;36m[Knote: [m[Kinvalid template non-type parameter
[01m[K/opt/ros/dashing/include/rclcpp/any_subscription_callback.hpp:150:8:[m[K [01;36m[Knote: [m[Kcandidate: template<class CallbackT, typename std::enable_if<rclcpp::function_traits::same_arguments<CallbackT, std::function<void(std::unique_ptr<unsigned int, std::default_delete<unsigned int> >, const rmw_message_info_t&)> >::value, void>::type* <anonymous> > void rclcpp::AnySubscriptionCallback<MessageT, Alloc>::set(CallbackT) [with CallbackT = CallbackT; typename std::enable_if<rclcpp::function_traits::same_arguments<CallbackT, std::function<void(std::unique_ptr<T, typename std::conditional<std::is_same<typename std::allocator_traits<typename std::allocator_traits<_Alloc>::rebind_traits<T>::allocator_type>::rebind_alloc<T>, typename std::allocator<void>::rebind<_Tp1>::other>::value, std::default_delete<_Tp>, rclcpp::allocator::AllocatorDeleter<typename std::allocator_traits<_Alloc>::rebind_traits<T>::allocator_type> >::type>, const rmw_message_info_t&)> >::value>::type* <anonymous> = <enumerator>; MessageT = unsigned int; Alloc = std::allocator<void>]
   void [01;36m[Kset[m[K(CallbackT callback)
        [01;36m[K^~~[m[K
[01m[K/opt/ros/dashing/include/rclcpp/any_subscription_callback.hpp:150:8:[m[K [01;36m[Knote: [m[K  template argument deduction/substitution failed:
[01m[K/opt/ros/dashing/include/rclcpp/any_subscription_callback.hpp:148:17:[m[K [01;31m[Kerror: [m[Kno type named ‘[01m[Ktype[m[K’ in ‘[01m[Kstruct std::enable_if<false, void>[m[K’
     >::type * = [01;31m[Knullptr[m[K
                 [01;31m[K^~~~~~~[m[K
[01m[K/opt/ros/dashing/include/rclcpp/any_subscription_callback.hpp:148:17:[m[K [01;36m[Knote: [m[Kinvalid template non-type parameter
In file included from [01m[K/usr/include/c++/7/future:48:0[m[K,
                 from [01m[K/opt/ros/dashing/include/rclcpp/executors.hpp:18[m[K,
                 from [01m[K/opt/ros/dashing/include/rclcpp/rclcpp.hpp:144[m[K,
                 from [01m[K/home/blackjackdev/demos/ros2docker/pkg_alpha/src/pkg_alpha/src/node_alpha.cpp:4[m[K:
[01m[K/usr/include/c++/7/bits/std_function.h:[m[K At global scope:
[01m[K/usr/include/c++/7/bits/std_function.h:541:2:[m[K [01;31m[Kerror: [m[K‘[01m[Kstd::function<_Res(_ArgTypes ...)>::_Requires<std::function<_Res(_ArgTypes ...)>::_Callable<typename std::decay<_U1>::type>, std::function<_Res(_ArgTypes ...)>&> std::function<_Res(_ArgTypes ...)>::operator=(_Functor&&) [with _Functor = rclcpp::create_subscription_factory(CallbackT&&, const rclcpp::SubscriptionEventCallbacks&, typename rclcpp::message_memory_strategy::MessageMemoryStrategy<CallbackMessageT, Alloc>::SharedPtr, std::shared_ptr<PublisherT>) [with MessageT = unsigned int; CallbackT = std::_Bind<void (NodeAlpha::*(NodeAlpha*, std::_Placeholder<1>))(unsigned int) const>; Alloc = std::allocator<void>; CallbackMessageT = unsigned int; SubscriptionT = rclcpp::Subscription<unsigned int>; typename rclcpp::message_memory_strategy::MessageMemoryStrategy<CallbackMessageT, Alloc>::SharedPtr = std::shared_ptr<rclcpp::message_memory_strategy::MessageMemoryStrategy<unsigned int, std::allocator<void> > >]::<lambda(rclcpp::node_interfaces::NodeBaseInterface*, const string&, const rcl_subscription_options_t&)>; _Res = std::shared_ptr<rclcpp::SubscriptionBase>; _ArgTypes = {rclcpp::node_interfaces::NodeBaseInterface*, const std::__cxx11::basic_string<char, std::char_traits<char>, std::allocator<char> >&, const rcl_subscription_options_t&}; std::function<_Res(_ArgTypes ...)>::_Requires<std::function<_Res(_ArgTypes ...)>::_Callable<typename std::decay<_U1>::type>, std::function<_Res(_ArgTypes ...)>&> = std::function<std::shared_ptr<rclcpp::SubscriptionBase>(rclcpp::node_interfaces::NodeBaseInterface*, const std::__cxx11::basic_string<char>&, const rcl_subscription_options_t&)>&][m[K’, declared using local type ‘[01m[Krclcpp::create_subscription_factory(CallbackT&&, const rclcpp::SubscriptionEventCallbacks&, typename rclcpp::message_memory_strategy::MessageMemoryStrategy<CallbackMessageT, Alloc>::SharedPtr, std::shared_ptr<PublisherT>) [with MessageT = unsigned int; CallbackT = std::_Bind<void (NodeAlpha::*(NodeAlpha*, std::_Placeholder<1>))(unsigned int) const>; Alloc = std::allocator<void>; CallbackMessageT = unsigned int; SubscriptionT = rclcpp::Subscription<unsigned int>; typename rclcpp::message_memory_strategy::MessageMemoryStrategy<CallbackMessageT, Alloc>::SharedPtr = std::shared_ptr<rclcpp::message_memory_strategy::MessageMemoryStrategy<unsigned int, std::allocator<void> > >]::<lambda(rclcpp::node_interfaces::NodeBaseInterface*, const string&, const rcl_subscription_options_t&)>[m[K’, is used but never defined [[01;31m[K-fpermissive[m[K]
  [01;31m[Koperator[m[K=(_Functor&& __f)
  [01;31m[K^~~~~~~~[m[K
CMakeFiles/node_alpha.dir/build.make:62: recipe for target 'CMakeFiles/node_alpha.dir/src/node_alpha.cpp.o' failed
make[2]: *** [CMakeFiles/node_alpha.dir/src/node_alpha.cpp.o] Error 1
make[1]: *** [CMakeFiles/node_alpha.dir/all] Error 2
CMakeFiles/Makefile2:99: recipe for target 'CMakeFiles/node_alpha.dir/all' failed
Makefile:140: recipe for target 'all' failed
make: *** [all] Error 2
